#
# There is insufficient memory for the Java Runtime Environment to continue.
# Native memory allocation (mmap) failed to map 130023424 bytes for Failed to commit area from 0x0000000084e00000 to 0x000000008ca00000 of length 130023424.
# Possible reasons:
#   The system is out of physical RAM or swap space
#   The process is running with CompressedOops enabled, and the Java Heap may be blocking the growth of the native heap
# Possible solutions:
#   Reduce memory load on the system
#   Increase physical memory or swap space
#   Check if swap backing store is full
#   Decrease Java heap size (-Xmx/-Xms)
#   Decrease number of Java threads
#   Decrease Java thread stack sizes (-Xss)
#   Set larger code cache with -XX:ReservedCodeCacheSize=
# This output file may be truncated or incomplete.
#
#  Out of Memory Error (t:/workspace/open/src/hotspot/os/windows/os_windows.cpp:3221), pid=8672, tid=12200
#
# JRE version:  (10.0.1+10) (build )
# Java VM: Java HotSpot(TM) 64-Bit Server VM (10.0.1+10, mixed mode, aot, tiered, compressed oops, g1 gc, windows-amd64)
# No core dump will be written. Minidumps are not enabled by default on client versions of Windows
#

---------------  S U M M A R Y ------------

Command Line: -Dfile.encoding=UTF-8 com.java.App

Host: Intel(R) Core(TM) i7-5600U CPU @ 2.60GHz, 4 cores, 7G,  Windows 10 , 64 bit Build 16299 (10.0.16299.1087)
Time: Sun May 26 11:45:57 2019 ?D1¨²¡À¨º¡Á?¨º¡À?? elapsed time: 0 seconds (0d 0h 0m 0s)

---------------  T H R E A D  ---------------

Current thread (0x000001ef5e769000):  JavaThread "Unknown thread" [_thread_in_vm, id=12200, stack(0x0000008cea400000,0x0000008cea500000)]

Stack: [0x0000008cea400000,0x0000008cea500000]
Native frames: (J=compiled Java code, j=interpreted, Vv=VM code, C=native code)
V  [jvm.dll+0x5a0369]
V  [jvm.dll+0x6bcf81]
V  [jvm.dll+0x6be176]
V  [jvm.dll+0x6be803]
V  [jvm.dll+0x234998]
V  [jvm.dll+0x59dc74]
V  [jvm.dll+0x592ab5]
V  [jvm.dll+0x2f625b]
V  [jvm.dll+0x2f61c5]
V  [jvm.dll+0x2f60a2]
V  [jvm.dll+0x2f8286]
V  [jvm.dll+0x3440d3]
V  [jvm.dll+0x3447e6]
V  [jvm.dll+0x3441d3]
V  [jvm.dll+0x2c43b8]
V  [jvm.dll+0x2c5501]
V  [jvm.dll+0x69d33b]
V  [jvm.dll+0x69eb5c]
V  [jvm.dll+0x351849]
V  [jvm.dll+0x6859c2]
V  [jvm.dll+0x3ba0a3]
V  [jvm.dll+0x3bc201]
C  [javaw.exe+0x3541]
C  [javaw.exe+0xe1cf]
C  [javaw.exe+0xe376]
C  [KERNEL32.DLL+0x137e4]
C  [ntdll.dll+0x6cb81]


---------------  P R O C E S S  ---------------

Threads class SMR info:
_java_thread_list=0x000001ef5c25fb10, length=0, elements={
}

Java Threads: ( => current thread )

Other Threads:
  0x000001ef5e781000 GCTaskThread "GC Thread#0" [stack: 0x0000008cea500000,0x0000008cea600000] [id=1048]
  0x000001ef5e785000 GCTaskThread "GC Thread#1" [stack: 0x0000008cea600000,0x0000008cea700000] [id=4148]
  0x000001ef5e788000 GCTaskThread "GC Thread#2" [stack: 0x0000008cea700000,0x0000008cea800000] [id=2688]
  0x000001ef5e789000 GCTaskThread "GC Thread#3" [stack: 0x0000008cea800000,0x0000008cea900000] [id=11032]
  0x000001ef5e7f1000 ConcurrentGCThread "G1 Main Marker" [stack: 0x0000008cea900000,0x0000008ceaa00000] [id=8908]
  0x000001ef5e7f5800 ConcurrentGCThread "G1 Conc#0" [stack: 0x0000008ceaa00000,0x0000008ceab00000] [id=12112]

[error occurred during error reporting (printing all threads), id 0xe0000002]

VM state:not at safepoint (not fully initialized)

VM Mutex/Monitor currently owned by a thread:  ([mutex/lock_event])
[0x000001ef5e7680a0] Heap_lock - owner thread: 0x000001ef5e769000

Heap address: 0x0000000084e00000, size: 1970 MB, Compressed Oops mode: Non-zero based: 0x0000000084e00000
Narrow klass base: 0x0000000000000000, Narrow klass shift: 0

GC Heap History (0 events):
No events

Deoptimization events (0 events):
No events

Classes redefined (0 events):
No events

Internal exceptions (0 events):
No events

Events (0 events):
No events


Dynamic libraries:
0x00007ff798c60000 - 0x00007ff798c9e000 	D:\Program Files\JAVA1\bin\javaw.exe
0x00007fff96900000 - 0x00007fff96ae0000 	C:\windows\SYSTEM32\ntdll.dll
0x00007fff952b0000 - 0x00007fff9535e000 	C:\windows\System32\KERNEL32.DLL
0x00007fff939c0000 - 0x00007fff93c26000 	C:\windows\System32\KERNELBASE.dll
0x00007fff94230000 - 0x00007fff942d1000 	C:\windows\System32\ADVAPI32.dll
0x00007fff93f20000 - 0x00007fff93fbd000 	C:\windows\System32\msvcrt.dll
0x00007fff96810000 - 0x00007fff9686b000 	C:\windows\System32\sechost.dll
0x00007fff942e0000 - 0x00007fff943ff000 	C:\windows\System32\RPCRT4.dll
0x00007fff94f30000 - 0x00007fff950bf000 	C:\windows\System32\USER32.dll
0x00007fff93670000 - 0x00007fff93690000 	C:\windows\System32\win32u.dll
0x00007fff94b50000 - 0x00007fff94b78000 	C:\windows\System32\GDI32.dll
0x00007fff93c30000 - 0x00007fff93dc3000 	C:\windows\System32\gdi32full.dll
0x00007fff93690000 - 0x00007fff9372b000 	C:\windows\System32\msvcp_win.dll
0x00007fff93790000 - 0x00007fff93884000 	C:\windows\System32\ucrtbase.dll
0x00007fff82e60000 - 0x00007fff830c9000 	C:\windows\WinSxS\amd64_microsoft.windows.common-controls_6595b64144ccf1df_6.0.16299.1087_none_0f9074b65a6589b7\COMCTL32.dll
0x00007fff94b80000 - 0x00007fff94e86000 	C:\windows\System32\combase.dll
0x00007fff93890000 - 0x00007fff93902000 	C:\windows\System32\bcryptPrimitives.dll
0x00007fff830e0000 - 0x00007fff830ea000 	C:\windows\SYSTEM32\VERSION.dll
0x00007fff950c0000 - 0x00007fff950ed000 	C:\windows\System32\IMM32.DLL
0x00007fff6aa40000 - 0x00007fff6ab2f000 	D:\Program Files\JAVA1\bin\msvcr120.dll
0x00007fff68e80000 - 0x00007fff68f26000 	D:\Program Files\JAVA1\bin\msvcp120.dll
0x000000005d520000 - 0x000000005df90000 	D:\Program Files\JAVA1\bin\server\jvm.dll
0x00007fff94400000 - 0x00007fff94408000 	C:\windows\System32\PSAPI.DLL
0x00007fff82b00000 - 0x00007fff82b09000 	C:\windows\SYSTEM32\WSOCK32.dll
0x00007fff94ae0000 - 0x00007fff94b4c000 	C:\windows\System32\WS2_32.dll
0x00007fff8eb00000 - 0x00007fff8eb23000 	C:\windows\SYSTEM32\WINMM.dll
0x00007fff8eaa0000 - 0x00007fff8eaca000 	C:\windows\SYSTEM32\WINMMBASE.dll
0x00007fff92ed0000 - 0x00007fff92f1a000 	C:\windows\System32\cfgmgr32.dll
0x00007fff86140000 - 0x00007fff8614f000 	D:\Program Files\JAVA1\bin\verify.dll
0x00007fff83120000 - 0x00007fff832e8000 	C:\windows\SYSTEM32\DBGHELP.DLL
0x00007fff830f0000 - 0x00007fff83119000 	C:\windows\SYSTEM32\dbgcore.DLL
0x00007fff7c830000 - 0x00007fff7c857000 	D:\Program Files\JAVA1\bin\java.dll
0x00007fff85360000 - 0x00007fff85376000 	D:\Program Files\JAVA1\bin\zip.dll
0x00007fff85fd0000 - 0x00007fff85fda000 	D:\Program Files\JAVA1\bin\jimage.dll

dbghelp: loaded successfully - version: 4.0.5 - missing functions: none
symbol engine: initialized successfully - sym options: 0x614 - pdb path: .;D:\Program Files\JAVA1\bin;C:\windows\SYSTEM32;C:\windows\WinSxS\amd64_microsoft.windows.common-controls_6595b64144ccf1df_6.0.16299.1087_none_0f9074b65a6589b7;D:\Program Files\JAVA1\bin\server

VM Arguments:
jvm_args: -Dfile.encoding=UTF-8 
java_command: com.java.App
java_class_path (initial): C:\Users\Administrator\git\yaojiusong111\spring-boot-mybatis\target\classes;D:\Apache\maven-repository\org\springframework\boot\spring-boot-starter-web\2.0.5.RELEASE\spring-boot-starter-web-2.0.5.RELEASE.jar;D:\Apache\maven-repository\org\springframework\boot\spring-boot-starter\2.0.5.RELEASE\spring-boot-starter-2.0.5.RELEASE.jar;D:\Apache\maven-repository\org\springframework\boot\spring-boot-starter-logging\2.0.5.RELEASE\spring-boot-starter-logging-2.0.5.RELEASE.jar;D:\Apache\maven-repository\ch\qos\logback\logback-classic\1.2.3\logback-classic-1.2.3.jar;D:\Apache\maven-repository\ch\qos\logback\logback-core\1.2.3\logback-core-1.2.3.jar;D:\Apache\maven-repository\org\apache\logging\log4j\log4j-to-slf4j\2.10.0\log4j-to-slf4j-2.10.0.jar;D:\Apache\maven-repository\org\apache\logging\log4j\log4j-api\2.10.0\log4j-api-2.10.0.jar;D:\Apache\maven-repository\org\slf4j\jul-to-slf4j\1.7.25\jul-to-slf4j-1.7.25.jar;D:\Apache\maven-repository\javax\annotation\javax.annotation-api\1.3.2\javax.annotation-api-1.3.2.jar;D:\Apache\maven-repository\org\yaml\snakeyaml\1.19\snakeyaml-1.19.jar;D:\Apache\maven-repository\org\springframework\boot\spring-boot-starter-json\2.0.5.RELEASE\spring-boot-starter-json-2.0.5.RELEASE.jar;D:\Apache\maven-repository\com\fasterxml\jackson\core\jackson-databind\2.9.6\jackson-databind-2.9.6.jar;D:\Apache\maven-repository\com\fasterxml\jackson\core\jackson-annotations\2.9.0\jackson-annotations-2.9.0.jar;D:\Apache\maven-repository\com\fasterxml\jackson\core\jackson-core\2.9.6\jackson-core-2.9.6.jar;D:\Apache\maven-repository\com\fasterxml\jackson\datatype\jackson-datatype-jdk8\2.9.6\jackson-datatype-jdk8-2.9.6.jar;D:\Apache\maven-repository\com\fasterxml\jackson\datatype\jackson-datatype-jsr310\2.9.6\jackson-datatype-jsr310-2.9.6.jar;D:\Apache\maven-repository\com\fasterxml\jackson\module\jackson-module-parameter-names\2.9.6\jackson-module-parameter-names-2.9.6.jar;D:\Apache\maven-repository\org\springframework\boot\spring-boot-
Launcher Type: SUN_STANDARD

Logging:
Log output configuration:
#0: stdout all=warning uptime,level,tags
#1: stderr all=off uptime,level,tags

Environment Variables:
JAVA_HOME=C:\Program Files\Java\jdk1.8.0_191
PATH=D:/jdk1.8/bin/server;D:/jdk1.8/bin;D:/jdk1.8/lib/amd64;D:\app\Administrator\product\11.2.0\dbhome_1\bin;C:\windows\system32;C:\windows;C:\windows\system32\wbem;D:\Apache\apache-maven-3.6.1\bin\;E:\Git\bin;C:\Users\Administrator\AppData\Local\Microsoft\WindowsApps;"C:\Program Files\Java\jdk1.8.0_191\bin;C:\Program Files\Java\jdk1.8.0_191\jre\bin;";;D:\eclipse-jee-photon-R-win32-x86_64\eclipse;
USERNAME=Administrator
OS=Windows_NT
PROCESSOR_IDENTIFIER=Intel64 Family 6 Model 61 Stepping 4, GenuineIntel



---------------  S Y S T E M  ---------------

OS: Windows 10 , 64 bit Build 16299 (10.0.16299.1087)

CPU:total 4 (initial active 4) (2 cores per cpu, 2 threads per core) family 6 model 61 stepping 4, cmov, cx8, fxsr, mmx, sse, sse2, sse3, ssse3, sse4.1, sse4.2, popcnt, avx, avx2, aes, clmul, erms, rtm, 3dnowpref, lzcnt, ht, tsc, tscinvbit, bmi1, bmi2, adx, fma

Memory: 4k page, physical 8061168k(1895064k free), swap 8061168k(6572k free)

vm_info: Java HotSpot(TM) 64-Bit Server VM (10.0.1+10) for windows-amd64 JRE (10.0.1+10), built on Mar 27 2018 02:27:48 by "mach5one" with MS VC++ 12.0 (VS2013)

END.
