#
# There is insufficient memory for the Java Runtime Environment to continue.
# Native memory allocation (malloc) failed to allocate 2993456 bytes for Chunk::new
# Possible reasons:
#   The system is out of physical RAM or swap space
#   The process is running with CompressedOops enabled, and the Java Heap may be blocking the growth of the native heap
# Possible solutions:
#   Reduce memory load on the system
#   Increase physical memory or swap space
#   Check if swap backing store is full
#   Decrease Java heap size (-Xmx/-Xms)
#   Decrease number of Java threads
#   Decrease Java thread stack sizes (-Xss)
#   Set larger code cache with -XX:ReservedCodeCacheSize=
#   JVM is running with Unscaled Compressed Oops mode in which the Java heap is
#     placed in the first 4GB address space. The Java Heap base address is the
#     maximum limit for the native heap growth. Please use -XX:HeapBaseMinAddress
#     to set the Java Heap base and to place the Java Heap above 4GB virtual address.
# This output file may be truncated or incomplete.
#
#  Out of Memory Error (t:/workspace/open/src/hotspot/share/memory/arena.cpp:198), pid=6900, tid=5400
#
# JRE version: Java(TM) SE Runtime Environment (10.0.1+10) (build 10.0.1+10)
# Java VM: Java HotSpot(TM) 64-Bit Server VM (10.0.1+10, mixed mode, tiered, compressed oops, g1 gc, windows-amd64)
# No core dump will be written. Minidumps are not enabled by default on client versions of Windows
#

---------------  S U M M A R Y ------------

Command Line: -Dfile.encoding=UTF-8 com.java.App

Host: Intel(R) Core(TM) i7-5600U CPU @ 2.60GHz, 4 cores, 7G,  Windows 10 , 64 bit Build 16299 (10.0.16299.1087)
Time: Mon May 27 11:08:07 2019 ?D1¨²¡À¨º¡Á?¨º¡À?? elapsed time: 51 seconds (0d 0h 0m 51s)

---------------  T H R E A D  ---------------

Current thread (0x000001d9521d4000):  JavaThread "C2 CompilerThread1" daemon [_thread_in_native, id=5400, stack(0x000000963b300000,0x000000963b400000)]


Current CompileTask:
C2:  51999 6075       4       java.beans.MethodDescriptor::<init> (48 bytes)

Stack: [0x000000963b300000,0x000000963b400000]
Native frames: (J=compiled Java code, j=interpreted, Vv=VM code, C=native code)
V  [jvm.dll+0x5a0369]
V  [jvm.dll+0x6bcf81]
V  [jvm.dll+0x6be176]
V  [jvm.dll+0x6be803]
V  [jvm.dll+0x234998]
V  [jvm.dll+0xbb92c]
V  [jvm.dll+0xbbe2c]
V  [jvm.dll+0x34bd41]
V  [jvm.dll+0x18f09c]
V  [jvm.dll+0x1ffeed]
V  [jvm.dll+0x1ff066]
V  [jvm.dll+0x17ca6b]
V  [jvm.dll+0x20c81d]
V  [jvm.dll+0x20b5e6]
V  [jvm.dll+0x68bb6f]
V  [jvm.dll+0x59f680]
C  [msvcr120.dll+0x24f7f]
C  [msvcr120.dll+0x25126]
C  [KERNEL32.DLL+0x137e4]
C  [ntdll.dll+0x6cb81]


---------------  P R O C E S S  ---------------

Threads class SMR info:
_java_thread_list=0x000001d9529000e0, length=36, elements={
0x000001d9518c3000, 0x000001d9518cc800, 0x000001d9521b2800, 0x000001d9518e7800,
0x000001d9518f9800, 0x000001d9521d4000, 0x000001d9518fe800, 0x000001d951902000,
0x000001d95236d000, 0x000001d952371000, 0x000001d954c66000, 0x000001d954c67000,
0x000001d954c68000, 0x000001d954c64000, 0x000001d954c61800, 0x000001d954c60800,
0x000001d954c63000, 0x000001d954c62800, 0x000001d957051800, 0x000001d957051000,
0x000001d95704e800, 0x000001d957052800, 0x000001d957053000, 0x000001d957050000,
0x000001d95704c000, 0x000001d957054000, 0x000001d95704d000, 0x000001d957055000,
0x000001d95704f800, 0x000001d95704d800, 0x000001d957059800, 0x000001d957057000,
0x000001d95705a800, 0x000001d95705b000, 0x000001d957058000, 0x000001d957058800
}

Java Threads: ( => current thread )
  0x000001d9518c3000 JavaThread "Reference Handler" daemon [_thread_blocked, id=10028, stack(0x000000963ad00000,0x000000963ae00000)]
  0x000001d9518cc800 JavaThread "Finalizer" daemon [_thread_blocked, id=5244, stack(0x000000963ae00000,0x000000963af00000)]
  0x000001d9521b2800 JavaThread "Signal Dispatcher" daemon [_thread_blocked, id=5008, stack(0x000000963b000000,0x000000963b100000)]
  0x000001d9518e7800 JavaThread "Attach Listener" daemon [_thread_blocked, id=2904, stack(0x000000963b100000,0x000000963b200000)]
  0x000001d9518f9800 JavaThread "C2 CompilerThread0" daemon [_thread_in_native, id=9456, stack(0x000000963b200000,0x000000963b300000)]
=>0x000001d9521d4000 JavaThread "C2 CompilerThread1" daemon [_thread_in_native, id=5400, stack(0x000000963b300000,0x000000963b400000)]
  0x000001d9518fe800 JavaThread "C1 CompilerThread2" daemon [_thread_blocked, id=2912, stack(0x000000963b400000,0x000000963b500000)]
  0x000001d951902000 JavaThread "Sweeper thread" daemon [_thread_blocked, id=4884, stack(0x000000963b500000,0x000000963b600000)]
  0x000001d95236d000 JavaThread "Service Thread" daemon [_thread_blocked, id=5844, stack(0x000000963b600000,0x000000963b700000)]
  0x000001d952371000 JavaThread "Common-Cleaner" daemon [_thread_blocked, id=2768, stack(0x000000963b700000,0x000000963b800000)]
  0x000001d954c66000 JavaThread "ContainerBackgroundProcessor[StandardEngine[Tomcat]]" daemon [_thread_blocked, id=1964, stack(0x000000963bf00000,0x000000963c000000)]
  0x000001d954c67000 JavaThread "container-0" [_thread_blocked, id=11228, stack(0x000000963c000000,0x000000963c100000)]
  0x000001d954c68000 JavaThread "__DEFAULT__" daemon [_thread_blocked, id=1448, stack(0x000000963c100000,0x000000963c200000)]
  0x000001d954c64000 JavaThread "users.data" [_thread_blocked, id=284, stack(0x000000963c200000,0x000000963c300000)]
  0x000001d954c61800 JavaThread "Statistics Thread-__DEFAULT__-1" daemon [_thread_blocked, id=2608, stack(0x000000963c300000,0x000000963c400000)]
  0x000001d954c60800 JavaThread "File Watcher" daemon [_thread_blocked, id=10436, stack(0x000000963c500000,0x000000963c600000)]
  0x000001d954c63000 JavaThread "Live Reload Server" daemon [_thread_in_native, id=8920, stack(0x000000963c700000,0x000000963c800000)]
  0x000001d954c62800 JavaThread "NioBlockingSelector.BlockPoller-1" daemon [_thread_in_native, id=10256, stack(0x000000963c800000,0x000000963c900000)]
  0x000001d957051800 JavaThread "http-nio-8080-exec-1" daemon [_thread_blocked, id=9516, stack(0x000000963c900000,0x000000963ca00000)]
  0x000001d957051000 JavaThread "http-nio-8080-exec-2" daemon [_thread_blocked, id=10376, stack(0x000000963ca00000,0x000000963cb00000)]
  0x000001d95704e800 JavaThread "http-nio-8080-exec-3" daemon [_thread_blocked, id=10356, stack(0x000000963cb00000,0x000000963cc00000)]
  0x000001d957052800 JavaThread "http-nio-8080-exec-4" daemon [_thread_blocked, id=520, stack(0x000000963cc00000,0x000000963cd00000)]
  0x000001d957053000 JavaThread "http-nio-8080-exec-5" daemon [_thread_blocked, id=2480, stack(0x000000963cd00000,0x000000963ce00000)]
  0x000001d957050000 JavaThread "http-nio-8080-exec-6" daemon [_thread_blocked, id=7820, stack(0x000000963ce00000,0x000000963cf00000)]
  0x000001d95704c000 JavaThread "http-nio-8080-exec-7" daemon [_thread_blocked, id=9612, stack(0x000000963cf00000,0x000000963d000000)]
  0x000001d957054000 JavaThread "http-nio-8080-exec-8" daemon [_thread_blocked, id=8492, stack(0x000000963d000000,0x000000963d100000)]
  0x000001d95704d000 JavaThread "http-nio-8080-exec-9" daemon [_thread_blocked, id=6244, stack(0x000000963d100000,0x000000963d200000)]
  0x000001d957055000 JavaThread "http-nio-8080-exec-10" daemon [_thread_blocked, id=9460, stack(0x000000963d200000,0x000000963d300000)]
  0x000001d95704f800 JavaThread "http-nio-8080-ClientPoller-0" daemon [_thread_in_native, id=1728, stack(0x000000963d300000,0x000000963d400000)]
  0x000001d95704d800 JavaThread "http-nio-8080-ClientPoller-1" daemon [_thread_in_native, id=11908, stack(0x000000963d400000,0x000000963d500000)]
  0x000001d957059800 JavaThread "http-nio-8080-Acceptor-0" daemon [_thread_in_native, id=6724, stack(0x000000963d500000,0x000000963d600000)]
  0x000001d957057000 JavaThread "http-nio-8080-AsyncTimeout" daemon [_thread_blocked, id=9268, stack(0x000000963d600000,0x000000963d700000)]
  0x000001d95705a800 JavaThread "DestroyJavaVM" [_thread_blocked, id=5208, stack(0x000000963a000000,0x000000963a100000)]
  0x000001d95705b000 JavaThread "Abandoned connection cleanup thread" daemon [_thread_blocked, id=7536, stack(0x000000963d800000,0x000000963d900000)]
  0x000001d957058000 JavaThread "Druid-ConnectionPool-Create-1724687291" daemon [_thread_blocked, id=9428, stack(0x000000963d900000,0x000000963da00000)]
  0x000001d957058800 JavaThread "Druid-ConnectionPool-Destroy-1724687291" daemon [_thread_blocked, id=6652, stack(0x000000963da00000,0x000000963db00000)]

Other Threads:
  0x000001d9518bb800 VMThread "VM Thread" [stack: 0x000000963ac00000,0x000000963ad00000] [id=11488]
  0x000001d952372000 WatcherThread [stack: 0x000000963b800000,0x000000963b900000] [id=11064]
  0x000001d93430d000 GCTaskThread "GC Thread#0" [stack: 0x000000963a100000,0x000000963a200000] [id=1464]
  0x000001d934311800 GCTaskThread "GC Thread#1" [stack: 0x000000963a200000,0x000000963a300000] [id=11608]
  0x000001d934315000 GCTaskThread "GC Thread#2" [stack: 0x000000963a300000,0x000000963a400000] [id=7764]
  0x000001d934317000 GCTaskThread "GC Thread#3" [stack: 0x000000963a400000,0x000000963a500000] [id=4208]
  0x000001d934381000 ConcurrentGCThread "G1 Main Marker" [stack: 0x000000963a500000,0x000000963a600000] [id=8836]
  0x000001d934388000 ConcurrentGCThread "G1 Conc#0" [stack: 0x000000963a600000,0x000000963a700000] [id=7680]
  0x000001d9343cd800 ConcurrentGCThread "G1 Refine#0" [stack: 0x000000963a700000,0x000000963a800000] [id=11036]
  0x000001d95173c800 ConcurrentGCThread "G1 Refine#1" [stack: 0x000000963a800000,0x000000963a900000] [id=2072]
  0x000001d95173d000 ConcurrentGCThread "G1 Refine#2" [stack: 0x000000963a900000,0x000000963aa00000] [id=8084]
  0x000001d951741800 ConcurrentGCThread "G1 Refine#3" [stack: 0x000000963aa00000,0x000000963ab00000] [id=4380]
  0x000001d951744000 ConcurrentGCThread "G1 Young RemSet Sampling" [stack: 0x000000963ab00000,0x000000963ac00000] [id=9096]

Threads with active compile tasks:
C2 CompilerThread06076  s    4       java.beans.MethodDescriptor::setMethod (41 bytes)
C2 CompilerThread16075       4       java.beans.MethodDescriptor::<init> (48 bytes)

VM state:not at safepoint (normal execution)

VM Mutex/Monitor currently owned by a thread: None

Heap address: 0x0000000084e00000, size: 1970 MB, Compressed Oops mode: 32-bit
Narrow klass base: 0x0000000000000000, Narrow klass shift: 3
Compressed class space size: 1073741824 Address: 0x0000000100000000

Heap:
 garbage-first heap   total 183296K, used 91591K [0x0000000084e00000, 0x0000000100000000)
  region size 1024K, 69 young (70656K), 9 survivors (9216K)
 Metaspace       used 58842K, capacity 60078K, committed 60160K, reserved 1101824K
  class space    used 6486K, capacity 6894K, committed 6912K, reserved 1048576K
Heap Regions: E=young(eden), S=young(survivor), O=old, HS=humongous(starts), HC=humongous(continues), CS=collection set, F=free, A=archive, TS=gc time stamp, AC=allocation context, TAMS=top-at-mark-start (previous, next)
|   0|0x0000000084e00000, 0x0000000084f00000, 0x0000000084f00000|100%|HS|  |TS  0|AC  0|TAMS 0x0000000084f00000, 0x0000000084f00000|
|   1|0x0000000084f00000, 0x0000000085000000, 0x0000000085000000|100%| O|  |TS  0|AC  0|TAMS 0x0000000085000000, 0x0000000085000000|
|   2|0x0000000085000000, 0x0000000085100000, 0x0000000085100000|100%| O|  |TS  0|AC  0|TAMS 0x0000000085100000, 0x0000000085100000|
|   3|0x0000000085100000, 0x0000000085200000, 0x0000000085200000|100%| O|  |TS  0|AC  0|TAMS 0x0000000085200000, 0x0000000085200000|
|   4|0x0000000085200000, 0x0000000085300000, 0x0000000085300000|100%| O|  |TS  0|AC  0|TAMS 0x0000000085300000, 0x0000000085300000|
|   5|0x0000000085300000, 0x0000000085400000, 0x0000000085400000|100%| O|  |TS  0|AC  0|TAMS 0x0000000085400000, 0x0000000085400000|
|   6|0x0000000085400000, 0x0000000085500000, 0x0000000085500000|100%| O|  |TS  0|AC  0|TAMS 0x0000000085500000, 0x0000000085500000|
|   7|0x0000000085500000, 0x0000000085600000, 0x0000000085600000|100%| O|  |TS  1|AC  0|TAMS 0x0000000085547e00, 0x0000000085547e00|
|   8|0x0000000085600000, 0x0000000085700000, 0x0000000085700000|100%| O|  |TS  1|AC  0|TAMS 0x0000000085600000, 0x0000000085600000|
|   9|0x0000000085700000, 0x0000000085800000, 0x0000000085800000|100%| O|  |TS  1|AC  0|TAMS 0x0000000085700000, 0x0000000085700000|
|  10|0x0000000085800000, 0x0000000085900000, 0x0000000085900000|100%| O|  |TS  1|AC  0|TAMS 0x0000000085800000, 0x0000000085800000|
|  11|0x0000000085900000, 0x0000000085a00000, 0x0000000085a00000|100%| O|  |TS  1|AC  0|TAMS 0x0000000085900000, 0x0000000085900000|
|  12|0x0000000085a00000, 0x0000000085b00000, 0x0000000085b00000|100%| O|  |TS  1|AC  0|TAMS 0x0000000085a00000, 0x0000000085a00000|
|  13|0x0000000085b00000, 0x0000000085c00000, 0x0000000085c00000|100%| O|  |TS  2|AC  0|TAMS 0x0000000085b00000, 0x0000000085b00000|
|  14|0x0000000085c00000, 0x0000000085d00000, 0x0000000085d00000|100%| O|  |TS  2|AC  0|TAMS 0x0000000085c00000, 0x0000000085c00000|
|  15|0x0000000085d00000, 0x0000000085e00000, 0x0000000085e00000|100%| O|  |TS  2|AC  0|TAMS 0x0000000085d00000, 0x0000000085d00000|
|  16|0x0000000085e00000, 0x0000000085f00000, 0x0000000085f00000|100%| O|  |TS  2|AC  0|TAMS 0x0000000085e00000, 0x0000000085e00000|
|  17|0x0000000085f00000, 0x0000000086000000, 0x0000000086000000|100%| O|  |TS  2|AC  0|TAMS 0x0000000085f00000, 0x0000000085f00000|
|  18|0x0000000086000000, 0x0000000086100000, 0x0000000086100000|100%| O|  |TS  2|AC  0|TAMS 0x0000000086000000, 0x0000000086000000|
|  19|0x0000000086100000, 0x0000000086200000, 0x0000000086200000|100%| O|  |TS  2|AC  0|TAMS 0x0000000086100000, 0x0000000086100000|
|  20|0x0000000086200000, 0x0000000086300000, 0x0000000086300000|100%| O|  |TS  2|AC  0|TAMS 0x0000000086200000, 0x0000000086200000|
|  21|0x0000000086300000, 0x00000000863eea00, 0x0000000086400000| 93%| O|  |TS  3|AC  0|TAMS 0x0000000086300000, 0x0000000086300000|
|  22|0x0000000086400000, 0x0000000086400000, 0x0000000086500000|  0%| F|  |TS  0|AC  0|TAMS 0x0000000086400000, 0x0000000086400000|
|  23|0x0000000086500000, 0x0000000086500000, 0x0000000086600000|  0%| F|  |TS  0|AC  0|TAMS 0x0000000086500000, 0x0000000086500000|
|  24|0x0000000086600000, 0x0000000086600000, 0x0000000086700000|  0%| F|  |TS  0|AC  0|TAMS 0x0000000086600000, 0x0000000086600000|
|  25|0x0000000086700000, 0x0000000086700000, 0x0000000086800000|  0%| F|  |TS  0|AC  0|TAMS 0x0000000086700000, 0x0000000086700000|
|  26|0x0000000086800000, 0x0000000086800000, 0x0000000086900000|  0%| F|  |TS  0|AC  0|TAMS 0x0000000086800000, 0x0000000086800000|
|  27|0x0000000086900000, 0x0000000086900000, 0x0000000086a00000|  0%| F|  |TS  0|AC  0|TAMS 0x0000000086900000, 0x0000000086900000|
|  28|0x0000000086a00000, 0x0000000086a00000, 0x0000000086b00000|  0%| F|  |TS  0|AC  0|TAMS 0x0000000086a00000, 0x0000000086a00000|
|  29|0x0000000086b00000, 0x0000000086b00000, 0x0000000086c00000|  0%| F|  |TS  0|AC  0|TAMS 0x0000000086b00000, 0x0000000086b00000|
|  30|0x0000000086c00000, 0x0000000086c00000, 0x0000000086d00000|  0%| F|  |TS  0|AC  0|TAMS 0x0000000086c00000, 0x0000000086c00000|
|  31|0x0000000086d00000, 0x0000000086d00000, 0x0000000086e00000|  0%| F|  |TS  0|AC  0|TAMS 0x0000000086d00000, 0x0000000086d00000|
|  32|0x0000000086e00000, 0x0000000086e00000, 0x0000000086f00000|  0%| F|  |TS  0|AC  0|TAMS 0x0000000086e00000, 0x0000000086e00000|
|  33|0x0000000086f00000, 0x0000000086f00000, 0x0000000087000000|  0%| F|  |TS  0|AC  0|TAMS 0x0000000086f00000, 0x0000000086f00000|
|  34|0x0000000087000000, 0x0000000087000000, 0x0000000087100000|  0%| F|  |TS  0|AC  0|TAMS 0x0000000087000000, 0x0000000087000000|
|  35|0x0000000087100000, 0x0000000087100000, 0x0000000087200000|  0%| F|  |TS  0|AC  0|TAMS 0x0000000087100000, 0x0000000087100000|
|  36|0x0000000087200000, 0x0000000087200000, 0x0000000087300000|  0%| F|  |TS  0|AC  0|TAMS 0x0000000087200000, 0x0000000087200000|
|  37|0x0000000087300000, 0x0000000087300000, 0x0000000087400000|  0%| F|  |TS  0|AC  0|TAMS 0x0000000087300000, 0x0000000087300000|
|  38|0x0000000087400000, 0x0000000087400000, 0x0000000087500000|  0%| F|  |TS  0|AC  0|TAMS 0x0000000087400000, 0x0000000087400000|
|  39|0x0000000087500000, 0x0000000087500000, 0x0000000087600000|  0%| F|  |TS  0|AC  0|TAMS 0x0000000087500000, 0x0000000087500000|
|  40|0x0000000087600000, 0x0000000087600000, 0x0000000087700000|  0%| F|  |TS  0|AC  0|TAMS 0x0000000087600000, 0x0000000087600000|
|  41|0x0000000087700000, 0x0000000087700000, 0x0000000087800000|  0%| F|  |TS  0|AC  0|TAMS 0x0000000087700000, 0x0000000087700000|
|  42|0x0000000087800000, 0x0000000087800000, 0x0000000087900000|  0%| F|  |TS  0|AC  0|TAMS 0x0000000087800000, 0x0000000087800000|
|  43|0x0000000087900000, 0x0000000087900000, 0x0000000087a00000|  0%| F|  |TS  0|AC  0|TAMS 0x0000000087900000, 0x0000000087900000|
|  44|0x0000000087a00000, 0x0000000087a00000, 0x0000000087b00000|  0%| F|  |TS  0|AC  0|TAMS 0x0000000087a00000, 0x0000000087a00000|
|  45|0x0000000087b00000, 0x0000000087b00000, 0x0000000087c00000|  0%| F|  |TS  0|AC  0|TAMS 0x0000000087b00000, 0x0000000087b00000|
|  46|0x0000000087c00000, 0x0000000087c00000, 0x0000000087d00000|  0%| F|  |TS  0|AC  0|TAMS 0x0000000087c00000, 0x0000000087c00000|
|  47|0x0000000087d00000, 0x0000000087d00000, 0x0000000087e00000|  0%| F|  |TS  0|AC  0|TAMS 0x0000000087d00000, 0x0000000087d00000|
|  48|0x0000000087e00000, 0x0000000087e00000, 0x0000000087f00000|  0%| F|  |TS  0|AC  0|TAMS 0x0000000087e00000, 0x0000000087e00000|
|  49|0x0000000087f00000, 0x0000000087f00000, 0x0000000088000000|  0%| F|  |TS  0|AC  0|TAMS 0x0000000087f00000, 0x0000000087f00000|
|  50|0x0000000088000000, 0x0000000088000000, 0x0000000088100000|  0%| F|  |TS  0|AC  0|TAMS 0x0000000088000000, 0x0000000088000000|
|  51|0x0000000088100000, 0x0000000088100000, 0x0000000088200000|  0%| F|  |TS  0|AC  0|TAMS 0x0000000088100000, 0x0000000088100000|
|  52|0x0000000088200000, 0x0000000088200000, 0x0000000088300000|  0%| F|  |TS  0|AC  0|TAMS 0x0000000088200000, 0x0000000088200000|
|  53|0x0000000088300000, 0x0000000088300000, 0x0000000088400000|  0%| F|  |TS  0|AC  0|TAMS 0x0000000088300000, 0x0000000088300000|
|  54|0x0000000088400000, 0x0000000088400000, 0x0000000088500000|  0%| F|  |TS  0|AC  0|TAMS 0x0000000088400000, 0x0000000088400000|
|  55|0x0000000088500000, 0x0000000088500000, 0x0000000088600000|  0%| F|  |TS  0|AC  0|TAMS 0x0000000088500000, 0x0000000088500000|
|  56|0x0000000088600000, 0x0000000088600000, 0x0000000088700000|  0%| F|  |TS  0|AC  0|TAMS 0x0000000088600000, 0x0000000088600000|
|  57|0x0000000088700000, 0x0000000088700000, 0x0000000088800000|  0%| F|  |TS  0|AC  0|TAMS 0x0000000088700000, 0x0000000088700000|
|  58|0x0000000088800000, 0x0000000088800000, 0x0000000088900000|  0%| F|  |TS  0|AC  0|TAMS 0x0000000088800000, 0x0000000088800000|
|  59|0x0000000088900000, 0x0000000088900000, 0x0000000088a00000|  0%| F|  |TS  0|AC  0|TAMS 0x0000000088900000, 0x0000000088900000|
|  60|0x0000000088a00000, 0x0000000088a00000, 0x0000000088b00000|  0%| F|  |TS  0|AC  0|TAMS 0x0000000088a00000, 0x0000000088a00000|
|  61|0x0000000088b00000, 0x0000000088b00000, 0x0000000088c00000|  0%| F|  |TS  0|AC  0|TAMS 0x0000000088b00000, 0x0000000088b00000|
|  62|0x0000000088c00000, 0x0000000088c00000, 0x0000000088d00000|  0%| F|  |TS  0|AC  0|TAMS 0x0000000088c00000, 0x0000000088c00000|
|  63|0x0000000088d00000, 0x0000000088d00000, 0x0000000088e00000|  0%| F|  |TS  0|AC  0|TAMS 0x0000000088d00000, 0x0000000088d00000|
|  64|0x0000000088e00000, 0x0000000088e00000, 0x0000000088f00000|  0%| F|  |TS  0|AC  0|TAMS 0x0000000088e00000, 0x0000000088e00000|
|  65|0x0000000088f00000, 0x0000000088f00000, 0x0000000089000000|  0%| F|  |TS  2|AC  0|TAMS 0x0000000088f00000, 0x0000000088f00000|
|  66|0x0000000089000000, 0x0000000089000000, 0x0000000089100000|  0%| F|  |TS  2|AC  0|TAMS 0x0000000089000000, 0x0000000089000000|
|  67|0x0000000089100000, 0x0000000089100000, 0x0000000089200000|  0%| F|  |TS  2|AC  0|TAMS 0x0000000089100000, 0x0000000089100000|
|  68|0x0000000089200000, 0x0000000089200000, 0x0000000089300000|  0%| F|  |TS  2|AC  0|TAMS 0x0000000089200000, 0x0000000089200000|
|  69|0x0000000089300000, 0x0000000089300000, 0x0000000089400000|  0%| F|  |TS  2|AC  0|TAMS 0x0000000089300000, 0x0000000089300000|
|  70|0x0000000089400000, 0x0000000089400000, 0x0000000089500000|  0%| F|  |TS  2|AC  0|TAMS 0x0000000089400000, 0x0000000089400000|
|  71|0x0000000089500000, 0x0000000089500000, 0x0000000089600000|  0%| F|  |TS  2|AC  0|TAMS 0x0000000089500000, 0x0000000089500000|
|  72|0x0000000089600000, 0x0000000089600000, 0x0000000089700000|  0%| F|  |TS  2|AC  0|TAMS 0x0000000089600000, 0x0000000089600000|
|  73|0x0000000089700000, 0x0000000089700000, 0x0000000089800000|  0%| F|  |TS  2|AC  0|TAMS 0x0000000089700000, 0x0000000089700000|
|  74|0x0000000089800000, 0x0000000089800000, 0x0000000089900000|  0%| F|  |TS  2|AC  0|TAMS 0x0000000089800000, 0x0000000089800000|
|  75|0x0000000089900000, 0x0000000089900000, 0x0000000089a00000|  0%| F|  |TS  1|AC  0|TAMS 0x0000000089900000, 0x0000000089900000|
|  76|0x0000000089a00000, 0x0000000089a00000, 0x0000000089b00000|  0%| F|  |TS  1|AC  0|TAMS 0x0000000089a00000, 0x0000000089a00000|
|  77|0x0000000089b00000, 0x0000000089b00000, 0x0000000089c00000|  0%| F|  |TS  1|AC  0|TAMS 0x0000000089b00000, 0x0000000089b00000|
|  78|0x0000000089c00000, 0x0000000089c00000, 0x0000000089d00000|  0%| F|  |TS  1|AC  0|TAMS 0x0000000089c00000, 0x0000000089c00000|
|  79|0x0000000089d00000, 0x0000000089d00000, 0x0000000089e00000|  0%| F|  |TS  3|AC  0|TAMS 0x0000000089d00000, 0x0000000089d00000|
|  80|0x0000000089e00000, 0x0000000089e00000, 0x0000000089f00000|  0%| F|  |TS  3|AC  0|TAMS 0x0000000089e00000, 0x0000000089e00000|
|  81|0x0000000089f00000, 0x0000000089f00000, 0x000000008a000000|  0%| F|  |TS  3|AC  0|TAMS 0x0000000089f00000, 0x0000000089f00000|
|  82|0x000000008a000000, 0x000000008a000000, 0x000000008a100000|  0%| F|  |TS  3|AC  0|TAMS 0x000000008a000000, 0x000000008a000000|
|  83|0x000000008a100000, 0x000000008a100000, 0x000000008a200000|  0%| F|  |TS  3|AC  0|TAMS 0x000000008a100000, 0x000000008a100000|
|  84|0x000000008a200000, 0x000000008a200000, 0x000000008a300000|  0%| F|  |TS  2|AC  0|TAMS 0x000000008a200000, 0x000000008a200000|
|  85|0x000000008a300000, 0x000000008a300000, 0x000000008a400000|  0%| F|  |TS  2|AC  0|TAMS 0x000000008a300000, 0x000000008a300000|
|  86|0x000000008a400000, 0x000000008a400000, 0x000000008a500000|  0%| F|  |TS  2|AC  0|TAMS 0x000000008a400000, 0x000000008a400000|
|  87|0x000000008a500000, 0x000000008a500000, 0x000000008a600000|  0%| F|  |TS  2|AC  0|TAMS 0x000000008a500000, 0x000000008a500000|
|  88|0x000000008a600000, 0x000000008a600000, 0x000000008a700000|  0%| F|  |TS  2|AC  0|TAMS 0x000000008a600000, 0x000000008a600000|
|  89|0x000000008a700000, 0x000000008a700000, 0x000000008a800000|  0%| F|  |TS  2|AC  0|TAMS 0x000000008a700000, 0x000000008a700000|
|  90|0x000000008a800000, 0x000000008a800000, 0x000000008a900000|  0%| F|  |TS  2|AC  0|TAMS 0x000000008a800000, 0x000000008a800000|
|  91|0x000000008a900000, 0x000000008a900000, 0x000000008aa00000|  0%| F|  |TS  2|AC  0|TAMS 0x000000008a900000, 0x000000008a900000|
|  92|0x000000008aa00000, 0x000000008aa00000, 0x000000008ab00000|  0%| F|  |TS  2|AC  0|TAMS 0x000000008aa00000, 0x000000008aa00000|
|  93|0x000000008ab00000, 0x000000008ab00000, 0x000000008ac00000|  0%| F|  |TS  2|AC  0|TAMS 0x000000008ab00000, 0x000000008ab00000|
|  94|0x000000008ac00000, 0x000000008ac00000, 0x000000008ad00000|  0%| F|  |TS  2|AC  0|TAMS 0x000000008ac00000, 0x000000008ac00000|
|  95|0x000000008ad00000, 0x000000008ad83580, 0x000000008ae00000| 51%| S|CS|TS  3|AC  0|TAMS 0x000000008ad00000, 0x000000008ad00000|
|  96|0x000000008ae00000, 0x000000008af00000, 0x000000008af00000|100%| S|CS|TS  3|AC  0|TAMS 0x000000008ae00000, 0x000000008ae00000|
|  97|0x000000008af00000, 0x000000008b000000, 0x000000008b000000|100%| S|CS|TS  3|AC  0|TAMS 0x000000008af00000, 0x000000008af00000|
|  98|0x000000008b000000, 0x000000008b100000, 0x000000008b100000|100%| S|CS|TS  3|AC  0|TAMS 0x000000008b000000, 0x000000008b000000|
|  99|0x000000008b100000, 0x000000008b200000, 0x000000008b200000|100%| S|CS|TS  3|AC  0|TAMS 0x000000008b100000, 0x000000008b100000|
| 100|0x000000008b200000, 0x000000008b300000, 0x000000008b300000|100%| S|CS|TS  3|AC  0|TAMS 0x000000008b200000, 0x000000008b200000|
| 101|0x000000008b300000, 0x000000008b400000, 0x000000008b400000|100%| S|CS|TS  3|AC  0|TAMS 0x000000008b300000, 0x000000008b300000|
| 102|0x000000008b400000, 0x000000008b500000, 0x000000008b500000|100%| S|CS|TS  3|AC  0|TAMS 0x000000008b400000, 0x000000008b400000|
| 103|0x000000008b500000, 0x000000008b600000, 0x000000008b600000|100%| S|CS|TS  3|AC  0|TAMS 0x000000008b500000, 0x000000008b500000|
| 104|0x000000008b600000, 0x000000008b600000, 0x000000008b700000|  0%| F|  |TS  3|AC  0|TAMS 0x000000008b600000, 0x000000008b600000|
| 105|0x000000008b700000, 0x000000008b700000, 0x000000008b800000|  0%| F|  |TS  3|AC  0|TAMS 0x000000008b700000, 0x000000008b700000|
| 106|0x000000008b800000, 0x000000008b800000, 0x000000008b900000|  0%| F|  |TS  3|AC  0|TAMS 0x000000008b800000, 0x000000008b800000|
| 107|0x000000008b900000, 0x000000008b900000, 0x000000008ba00000|  0%| F|  |TS  3|AC  0|TAMS 0x000000008b900000, 0x000000008b900000|
| 108|0x000000008ba00000, 0x000000008ba00000, 0x000000008bb00000|  0%| F|  |TS  3|AC  0|TAMS 0x000000008ba00000, 0x000000008ba00000|
| 109|0x000000008bb00000, 0x000000008bb00000, 0x000000008bc00000|  0%| F|  |TS  3|AC  0|TAMS 0x000000008bb00000, 0x000000008bb00000|
| 110|0x000000008bc00000, 0x000000008bc00000, 0x000000008bd00000|  0%| F|  |TS  3|AC  0|TAMS 0x000000008bc00000, 0x000000008bc00000|
| 111|0x000000008bd00000, 0x000000008bd00000, 0x000000008be00000|  0%| F|  |TS  3|AC  0|TAMS 0x000000008bd00000, 0x000000008bd00000|
| 112|0x000000008be00000, 0x000000008be00000, 0x000000008bf00000|  0%| F|  |TS  3|AC  0|TAMS 0x000000008be00000, 0x000000008be00000|
| 113|0x000000008bf00000, 0x000000008bf00000, 0x000000008c000000|  0%| F|  |TS  3|AC  0|TAMS 0x000000008bf00000, 0x000000008bf00000|
| 114|0x000000008c000000, 0x000000008c000000, 0x000000008c100000|  0%| F|  |TS  3|AC  0|TAMS 0x000000008c000000, 0x000000008c000000|
| 115|0x000000008c100000, 0x000000008c100000, 0x000000008c200000|  0%| F|  |TS  3|AC  0|TAMS 0x000000008c100000, 0x000000008c100000|
| 116|0x000000008c200000, 0x000000008c200000, 0x000000008c300000|  0%| F|  |TS  3|AC  0|TAMS 0x000000008c200000, 0x000000008c200000|
| 117|0x000000008c300000, 0x000000008c300000, 0x000000008c400000|  0%| F|  |TS  3|AC  0|TAMS 0x000000008c300000, 0x000000008c300000|
| 118|0x000000008c400000, 0x000000008c400000, 0x000000008c500000|  0%| F|  |TS  3|AC  0|TAMS 0x000000008c400000, 0x000000008c400000|
| 119|0x000000008c500000, 0x000000008c562378, 0x000000008c600000| 38%| E|  |TS  3|AC  0|TAMS 0x000000008c500000, 0x000000008c500000|
| 120|0x000000008c600000, 0x000000008c700000, 0x000000008c700000|100%| E|CS|TS  3|AC  0|TAMS 0x000000008c600000, 0x000000008c600000|
| 121|0x000000008c700000, 0x000000008c800000, 0x000000008c800000|100%| E|CS|TS  3|AC  0|TAMS 0x000000008c700000, 0x000000008c700000|
| 122|0x000000008c800000, 0x000000008c900000, 0x000000008c900000|100%| E|CS|TS  3|AC  0|TAMS 0x000000008c800000, 0x000000008c800000|
| 123|0x000000008c900000, 0x000000008ca00000, 0x000000008ca00000|100%| E|CS|TS  3|AC  0|TAMS 0x000000008c900000, 0x000000008c900000|
| 124|0x000000008ca00000, 0x000000008cb00000, 0x000000008cb00000|100%| E|CS|TS  3|AC  0|TAMS 0x000000008ca00000, 0x000000008ca00000|
| 125|0x000000008cb00000, 0x000000008cc00000, 0x000000008cc00000|100%| E|CS|TS  3|AC  0|TAMS 0x000000008cb00000, 0x000000008cb00000|
| 126|0x000000008cc00000, 0x000000008cd00000, 0x000000008cd00000|100%| E|CS|TS  3|AC  0|TAMS 0x000000008cc00000, 0x000000008cc00000|
| 127|0x000000008cd00000, 0x000000008ce00000, 0x000000008ce00000|100%| E|CS|TS  3|AC  0|TAMS 0x000000008cd00000, 0x000000008cd00000|
| 128|0x000000008ce00000, 0x000000008cf00000, 0x000000008cf00000|100%| E|CS|TS  3|AC  0|TAMS 0x000000008ce00000, 0x000000008ce00000|
| 129|0x000000008cf00000, 0x000000008d000000, 0x000000008d000000|100%| E|CS|TS  3|AC  0|TAMS 0x000000008cf00000, 0x000000008cf00000|
| 130|0x000000008d000000, 0x000000008d100000, 0x000000008d100000|100%| E|CS|TS  3|AC  0|TAMS 0x000000008d000000, 0x000000008d000000|
| 131|0x000000008d100000, 0x000000008d200000, 0x000000008d200000|100%| E|CS|TS  3|AC  0|TAMS 0x000000008d100000, 0x000000008d100000|
| 132|0x000000008d200000, 0x000000008d300000, 0x000000008d300000|100%| E|CS|TS  3|AC  0|TAMS 0x000000008d200000, 0x000000008d200000|
| 133|0x000000008d300000, 0x000000008d400000, 0x000000008d400000|100%| E|CS|TS  3|AC  0|TAMS 0x000000008d300000, 0x000000008d300000|
| 134|0x000000008d400000, 0x000000008d500000, 0x000000008d500000|100%| E|CS|TS  3|AC  0|TAMS 0x000000008d400000, 0x000000008d400000|
| 135|0x000000008d500000, 0x000000008d600000, 0x000000008d600000|100%| E|CS|TS  3|AC  0|TAMS 0x000000008d500000, 0x000000008d500000|
| 136|0x000000008d600000, 0x000000008d700000, 0x000000008d700000|100%| E|CS|TS  3|AC  0|TAMS 0x000000008d600000, 0x000000008d600000|
| 137|0x000000008d700000, 0x000000008d800000, 0x000000008d800000|100%| E|CS|TS  3|AC  0|TAMS 0x000000008d700000, 0x000000008d700000|
| 138|0x000000008d800000, 0x000000008d900000, 0x000000008d900000|100%| E|CS|TS  3|AC  0|TAMS 0x000000008d800000, 0x000000008d800000|
| 139|0x000000008d900000, 0x000000008da00000, 0x000000008da00000|100%| E|CS|TS  3|AC  0|TAMS 0x000000008d900000, 0x000000008d900000|
| 140|0x000000008da00000, 0x000000008db00000, 0x000000008db00000|100%| E|CS|TS  3|AC  0|TAMS 0x000000008da00000, 0x000000008da00000|
| 141|0x000000008db00000, 0x000000008dc00000, 0x000000008dc00000|100%| E|CS|TS  3|AC  0|TAMS 0x000000008db00000, 0x000000008db00000|
| 142|0x000000008dc00000, 0x000000008dd00000, 0x000000008dd00000|100%| E|CS|TS  3|AC  0|TAMS 0x000000008dc00000, 0x000000008dc00000|
| 143|0x000000008dd00000, 0x000000008de00000, 0x000000008de00000|100%| E|CS|TS  3|AC  0|TAMS 0x000000008dd00000, 0x000000008dd00000|
| 144|0x000000008de00000, 0x000000008df00000, 0x000000008df00000|100%| E|CS|TS  3|AC  0|TAMS 0x000000008de00000, 0x000000008de00000|
| 145|0x000000008df00000, 0x000000008e000000, 0x000000008e000000|100%| E|CS|TS  3|AC  0|TAMS 0x000000008df00000, 0x000000008df00000|
| 146|0x000000008e000000, 0x000000008e100000, 0x000000008e100000|100%| E|CS|TS  3|AC  0|TAMS 0x000000008e000000, 0x000000008e000000|
| 147|0x000000008e100000, 0x000000008e200000, 0x000000008e200000|100%| E|CS|TS  3|AC  0|TAMS 0x000000008e100000, 0x000000008e100000|
| 148|0x000000008e200000, 0x000000008e300000, 0x000000008e300000|100%| E|CS|TS  3|AC  0|TAMS 0x000000008e200000, 0x000000008e200000|
| 149|0x000000008e300000, 0x000000008e400000, 0x000000008e400000|100%| E|CS|TS  3|AC  0|TAMS 0x000000008e300000, 0x000000008e300000|
| 150|0x000000008e400000, 0x000000008e500000, 0x000000008e500000|100%| E|CS|TS  3|AC  0|TAMS 0x000000008e400000, 0x000000008e400000|
| 151|0x000000008e500000, 0x000000008e600000, 0x000000008e600000|100%| E|CS|TS  3|AC  0|TAMS 0x000000008e500000, 0x000000008e500000|
| 152|0x000000008e600000, 0x000000008e700000, 0x000000008e700000|100%| E|CS|TS  3|AC  0|TAMS 0x000000008e600000, 0x000000008e600000|
| 153|0x000000008e700000, 0x000000008e800000, 0x000000008e800000|100%| E|CS|TS  3|AC  0|TAMS 0x000000008e700000, 0x000000008e700000|
| 154|0x000000008e800000, 0x000000008e900000, 0x000000008e900000|100%| E|CS|TS  3|AC  0|TAMS 0x000000008e800000, 0x000000008e800000|
| 155|0x000000008e900000, 0x000000008ea00000, 0x000000008ea00000|100%| E|CS|TS  3|AC  0|TAMS 0x000000008e900000, 0x000000008e900000|
| 156|0x000000008ea00000, 0x000000008eb00000, 0x000000008eb00000|100%| E|CS|TS  3|AC  0|TAMS 0x000000008ea00000, 0x000000008ea00000|
| 157|0x000000008eb00000, 0x000000008ec00000, 0x000000008ec00000|100%| E|CS|TS  3|AC  0|TAMS 0x000000008eb00000, 0x000000008eb00000|
| 158|0x000000008ec00000, 0x000000008ed00000, 0x000000008ed00000|100%| E|CS|TS  3|AC  0|TAMS 0x000000008ec00000, 0x000000008ec00000|
| 159|0x000000008ed00000, 0x000000008ee00000, 0x000000008ee00000|100%| E|CS|TS  3|AC  0|TAMS 0x000000008ed00000, 0x000000008ed00000|
| 160|0x000000008ee00000, 0x000000008ef00000, 0x000000008ef00000|100%| E|CS|TS  3|AC  0|TAMS 0x000000008ee00000, 0x000000008ee00000|
| 161|0x000000008ef00000, 0x000000008f000000, 0x000000008f000000|100%| E|CS|TS  3|AC  0|TAMS 0x000000008ef00000, 0x000000008ef00000|
| 162|0x000000008f000000, 0x000000008f100000, 0x000000008f100000|100%| E|CS|TS  3|AC  0|TAMS 0x000000008f000000, 0x000000008f000000|
| 163|0x000000008f100000, 0x000000008f200000, 0x000000008f200000|100%| E|CS|TS  3|AC  0|TAMS 0x000000008f100000, 0x000000008f100000|
| 164|0x000000008f200000, 0x000000008f300000, 0x000000008f300000|100%| E|CS|TS  3|AC  0|TAMS 0x000000008f200000, 0x000000008f200000|
| 165|0x000000008f300000, 0x000000008f400000, 0x000000008f400000|100%| E|CS|TS  3|AC  0|TAMS 0x000000008f300000, 0x000000008f300000|
| 166|0x000000008f400000, 0x000000008f500000, 0x000000008f500000|100%| E|CS|TS  3|AC  0|TAMS 0x000000008f400000, 0x000000008f400000|
| 167|0x000000008f500000, 0x000000008f600000, 0x000000008f600000|100%| E|CS|TS  3|AC  0|TAMS 0x000000008f500000, 0x000000008f500000|
| 168|0x000000008f600000, 0x000000008f700000, 0x000000008f700000|100%| E|CS|TS  3|AC  0|TAMS 0x000000008f600000, 0x000000008f600000|
| 169|0x000000008f700000, 0x000000008f800000, 0x000000008f800000|100%| E|CS|TS  3|AC  0|TAMS 0x000000008f700000, 0x000000008f700000|
| 170|0x000000008f800000, 0x000000008f900000, 0x000000008f900000|100%| E|CS|TS  3|AC  0|TAMS 0x000000008f800000, 0x000000008f800000|
| 171|0x000000008f900000, 0x000000008fa00000, 0x000000008fa00000|100%| E|CS|TS  3|AC  0|TAMS 0x000000008f900000, 0x000000008f900000|
| 172|0x000000008fa00000, 0x000000008fb00000, 0x000000008fb00000|100%| E|CS|TS  3|AC  0|TAMS 0x000000008fa00000, 0x000000008fa00000|
| 173|0x000000008fb00000, 0x000000008fc00000, 0x000000008fc00000|100%| E|CS|TS  3|AC  0|TAMS 0x000000008fb00000, 0x000000008fb00000|
| 174|0x000000008fc00000, 0x000000008fd00000, 0x000000008fd00000|100%| E|CS|TS  3|AC  0|TAMS 0x000000008fc00000, 0x000000008fc00000|
| 175|0x000000008fd00000, 0x000000008fe00000, 0x000000008fe00000|100%| E|CS|TS  3|AC  0|TAMS 0x000000008fd00000, 0x000000008fd00000|
| 176|0x000000008fe00000, 0x000000008ff00000, 0x000000008ff00000|100%| E|CS|TS  3|AC  0|TAMS 0x000000008fe00000, 0x000000008fe00000|
| 177|0x000000008ff00000, 0x0000000090000000, 0x0000000090000000|100%| E|CS|TS  3|AC  0|TAMS 0x000000008ff00000, 0x000000008ff00000|
| 178|0x0000000090000000, 0x0000000090100000, 0x0000000090100000|100%| E|CS|TS  3|AC  0|TAMS 0x0000000090000000, 0x0000000090000000|

Card table byte_map: [0x000001d94ae80000,0x000001d94b260000] byte_map_base: 0x000001d94aa59000

Marking Bits (Prev, Next): (CMBitMap*) 0x000001d934380720, (CMBitMap*) 0x000001d934380758
 Prev Bits: [0x000001d94b640000, 0x000001d94d508000)
 Next Bits: [0x000001d94d510000, 0x000001d94f3d8000)

Polling page: 0x000001d92fd20000

CodeHeap 'non-profiled nmethods': size=120064Kb used=4347Kb max_used=4347Kb free=115716Kb
 bounds [0x000001d943560000, 0x000001d9439a0000, 0x000001d94aaa0000]
CodeHeap 'profiled nmethods': size=120000Kb used=15224Kb max_used=15224Kb free=104776Kb
 bounds [0x000001d93c030000, 0x000001d93cf20000, 0x000001d943560000]
CodeHeap 'non-nmethods': size=5696Kb used=1236Kb max_used=1294Kb free=4459Kb
 bounds [0x000001d93baa0000, 0x000001d93bd10000, 0x000001d93c030000]
 total_blobs=8195 nmethods=6017 adapters=529
 compilation: enabled

Compilation events (10 events):
Event: 51.757 Thread 0x000001d9518f9800 nmethod 5968 0x000001d943988990 code [0x000001d943989360, 0x000001d943996a80]
Event: 51.759 Thread 0x000001d9518f9800 6204       4       org.apache.tomcat.util.buf.ByteChunk::equalsIgnoreCase (76 bytes)
Event: 51.764 Thread 0x000001d9518f9800 nmethod 6204 0x000001d94399d790 code [0x000001d94399d920, 0x000001d94399daf8]
Event: 51.764 Thread 0x000001d9518f9800 6203       4       org.apache.tomcat.util.buf.MessageBytes::equalsIgnoreCase (78 bytes)
Event: 51.770 Thread 0x000001d9518f9800 nmethod 6203 0x000001d94399dc90 code [0x000001d94399de40, 0x000001d94399e118]
Event: 51.770 Thread 0x000001d9518f9800 6148       4       java.util.Arrays::copyOf (10 bytes)
Event: 51.772 Thread 0x000001d9518f9800 nmethod 6148 0x000001d94399e390 code [0x000001d94399e520, 0x000001d94399e718]
Event: 51.772 Thread 0x000001d9518f9800 6168       4       java.lang.String::contains (19 bytes)
Event: 51.773 Thread 0x000001d9518f9800 nmethod 6168 0x000001d94399e810 code [0x000001d94399e9a0, 0x000001d94399ebf8]
Event: 51.773 Thread 0x000001d9518f9800 6076  s    4       java.beans.MethodDescriptor::setMethod (41 bytes)

GC Heap History (10 events):
Event: 4.967 GC heap before
{Heap before GC invocations=6 (full 0):
 garbage-first heap   total 152576K, used 72270K [0x0000000084e00000, 0x0000000100000000)
  region size 1024K, 66 young (67584K), 6 survivors (6144K)
 Metaspace       used 32056K, capacity 32765K, committed 33024K, reserved 1079296K
  class space    used 3759K, capacity 4052K, committed 4096K, reserved 1048576K
}
Event: 4.979 GC heap after
{Heap after GC invocations=7 (full 0):
 garbage-first heap   total 152576K, used 13599K [0x0000000084e00000, 0x0000000100000000)
  region size 1024K, 6 young (6144K), 6 survivors (6144K)
 Metaspace       used 32056K, capacity 32765K, committed 33024K, reserved 1079296K
  class space    used 3759K, capacity 4052K, committed 4096K, reserved 1048576K
}
Event: 6.153 GC heap before
{Heap before GC invocations=7 (full 0):
 garbage-first heap   total 152576K, used 44319K [0x0000000084e00000, 0x0000000100000000)
  region size 1024K, 37 young (37888K), 6 survivors (6144K)
 Metaspace       used 34884K, capacity 35710K, committed 35920K, reserved 1081344K
  class space    used 4112K, capacity 4456K, committed 4480K, reserved 1048576K
}
Event: 6.166 GC heap after
{Heap after GC invocations=8 (full 0):
 garbage-first heap   total 152576K, used 16671K [0x0000000084e00000, 0x0000000100000000)
  region size 1024K, 9 young (9216K), 9 survivors (9216K)
 Metaspace       used 34884K, capacity 35710K, committed 35920K, reserved 1081344K
  class space    used 4112K, capacity 4456K, committed 4480K, reserved 1048576K
}
Event: 7.479 GC heap before
{Heap before GC invocations=9 (full 0):
 garbage-first heap   total 152576K, used 83231K [0x0000000084e00000, 0x0000000100000000)
  region size 1024K, 74 young (75776K), 9 survivors (9216K)
 Metaspace       used 39512K, capacity 40451K, committed 40576K, reserved 1085440K
  class space    used 4599K, capacity 4987K, committed 4992K, reserved 1048576K
}
Event: 7.501 GC heap after
{Heap after GC invocations=10 (full 0):
 garbage-first heap   total 152576K, used 22692K [0x0000000084e00000, 0x0000000100000000)
  region size 1024K, 10 young (10240K), 10 survivors (10240K)
 Metaspace       used 39512K, capacity 40451K, committed 40576K, reserved 1085440K
  class space    used 4599K, capacity 4987K, committed 4992K, reserved 1048576K
}
Event: 9.282 GC heap before
{Heap before GC invocations=10 (full 0):
 garbage-first heap   total 152576K, used 89252K [0x0000000084e00000, 0x0000000100000000)
  region size 1024K, 75 young (76800K), 10 survivors (10240K)
 Metaspace       used 42556K, capacity 43618K, committed 43904K, reserved 1087488K
  class space    used 4968K, capacity 5401K, committed 5504K, reserved 1048576K
}
Event: 9.302 GC heap after
{Heap after GC invocations=11 (full 0):
 garbage-first heap   total 183296K, used 27578K [0x0000000084e00000, 0x0000000100000000)
  region size 1024K, 5 young (5120K), 5 survivors (5120K)
 Metaspace       used 42556K, capacity 43618K, committed 43904K, reserved 1087488K
  class space    used 4968K, capacity 5401K, committed 5504K, reserved 1048576K
}
Event: 41.051 GC heap before
{Heap before GC invocations=11 (full 0):
 garbage-first heap   total 183296K, used 104378K [0x0000000084e00000, 0x0000000100000000)
  region size 1024K, 80 young (81920K), 5 survivors (5120K)
 Metaspace       used 47686K, capacity 48770K, committed 49152K, reserved 1091584K
  class space    used 5600K, capacity 6028K, committed 6144K, reserved 1048576K
}
Event: 41.065 GC heap after
{Heap after GC invocations=12 (full 0):
 garbage-first heap   total 183296K, used 31175K [0x0000000084e00000, 0x0000000100000000)
  region size 1024K, 9 young (9216K), 9 survivors (9216K)
 Metaspace       used 47686K, capacity 48770K, committed 49152K, reserved 1091584K
  class space    used 5600K, capacity 6028K, committed 6144K, reserved 1048576K
}

Deoptimization events (10 events):
Event: 48.578 Thread 0x000001d957058000 Uncommon trap: reason=unstable_if action=reinterpret pc=0x000001d9438f7234 method=java.util.Properties$LineReader.readLine()I @ 174 c2
Event: 48.579 Thread 0x000001d957058000 Uncommon trap: reason=unstable_if action=reinterpret pc=0x000001d9437ab764 method=java.net.URI.match(CJJ)Z @ 45 c2
Event: 48.579 Thread 0x000001d957058000 Uncommon trap: reason=unstable_if action=reinterpret pc=0x000001d9435ab0e8 method=java.net.URI.match(CJJ)Z @ 19 c2
Event: 49.566 Thread 0x000001d957054000 Uncommon trap: reason=unstable_if action=reinterpret pc=0x000001d9438aa7d0 method=java.lang.Character.isSurrogate(C)Z @ 3 c2
Event: 49.571 Thread 0x000001d957054000 Uncommon trap: reason=class_check action=maybe_recompile pc=0x000001d9437bfc74 method=com.sun.org.apache.xerces.internal.parsers.AbstractSAXParser.endElement(Lcom/sun/org/apache/xerces/internal/xni/QName;Lcom/sun/org/apache/xerces/internal/xni/Augmentatio
Event: 49.697 Thread 0x000001d957054000 Uncommon trap: reason=unstable_if action=reinterpret pc=0x000001d9435abc74 method=java.lang.String.indexOf(II)I @ 4 c2
Event: 50.100 Thread 0x000001d957054000 Uncommon trap: reason=predicate action=maybe_recompile pc=0x000001d9439547b8 method=java.util.Properties.load0(Ljava/util/Properties$LineReader;)V @ 15 c2
Event: 50.100 Thread 0x000001d957054000 Uncommon trap: reason=class_check action=maybe_recompile pc=0x000001d9438f8624 method=java.util.Properties.load0(Ljava/util/Properties$LineReader;)V @ 242 c2
Event: 50.111 Thread 0x000001d957054000 Uncommon trap: reason=unstable_if action=reinterpret pc=0x000001d943636f80 method=java.lang.AbstractStringBuilder.appendChars([CII)V @ 43 c2
Event: 50.299 Thread 0x000001d957054000 Uncommon trap: reason=unstable_if action=reinterpret pc=0x000001d9436753c0 method=jdk.internal.module.SystemModuleFinders$SystemModuleReader.find(Ljava/lang/String;)Ljava/util/Optional; @ 7 c2

Classes redefined (0 events):
No events

Internal exceptions (10 events):
Event: 49.652 Thread 0x000001d957054000 Exception <a 'java/lang/ClassNotFoundException'{0x000000008e7192c0}: javax/servlet/jsp/tagext/TagSupportBeanInfo> (0x000000008e7192c0) thrown at [t:/workspace/open/src/hotspot/share/classfile/systemDictionary.cpp, line 233]
Event: 49.657 Thread 0x000001d957054000 Exception <a 'java/lang/ClassNotFoundException'{0x000000008e71dca8}: java/lang/ObjectBeanInfo> (0x000000008e71dca8) thrown at [t:/workspace/open/src/hotspot/share/classfile/systemDictionary.cpp, line 233]
Event: 49.661 Thread 0x000001d957054000 Exception <a 'java/lang/ClassNotFoundException'{0x000000008e7229b0}: java/lang/ObjectCustomizer> (0x000000008e7229b0) thrown at [t:/workspace/open/src/hotspot/share/classfile/systemDictionary.cpp, line 233]
Event: 49.667 Thread 0x000001d957054000 Exception <a 'java/lang/ClassNotFoundException'{0x000000008e7311b0}: javax/servlet/jsp/tagext/TagSupportCustomizer> (0x000000008e7311b0) thrown at [t:/workspace/open/src/hotspot/share/classfile/systemDictionary.cpp, line 233]
Event: 49.675 Thread 0x000001d957054000 Exception <a 'java/lang/ClassNotFoundException'{0x000000008e746d28}: javax/servlet/jsp/jstl/core/LoopTagSupportCustomizer> (0x000000008e746d28) thrown at [t:/workspace/open/src/hotspot/share/classfile/systemDictionary.cpp, line 233]
Event: 49.685 Thread 0x000001d957054000 Exception <a 'java/lang/ClassNotFoundException'{0x000000008e76c900}: org/apache/taglibs/standard/tag/common/core/ForEachSupportCustomizer> (0x000000008e76c900) thrown at [t:/workspace/open/src/hotspot/share/classfile/systemDictionary.cpp, line 233]
Event: 49.693 Thread 0x000001d957054000 Exception <a 'java/lang/ClassNotFoundException'{0x000000008e780a50}: org/apache/taglibs/standard/tag/rt/core/ForEachTagCustomizer> (0x000000008e780a50) thrown at [t:/workspace/open/src/hotspot/share/classfile/systemDictionary.cpp, line 233]
Event: 50.156 Thread 0x000001d957054000 Exception <a 'java/lang/ArrayIndexOutOfBoundsException'{0x000000008d78b0c8}: 21780> (0x000000008d78b0c8) thrown at [t:/workspace/open/src/hotspot/share/interpreter/interpreterRuntime.cpp, line 372]
Event: 51.436 Thread 0x000001d957054000 Exception <a 'java/lang/ClassNotFoundException'{0x000000008c9f10d0}: com/java/pojo/DoctorBeanInfo> (0x000000008c9f10d0) thrown at [t:/workspace/open/src/hotspot/share/classfile/systemDictionary.cpp, line 233]
Event: 51.440 Thread 0x000001d957054000 Exception <a 'java/lang/ClassNotFoundException'{0x000000008c9fbb20}: com/java/pojo/DoctorCustomizer> (0x000000008c9fbb20) thrown at [t:/workspace/open/src/hotspot/share/classfile/systemDictionary.cpp, line 233]

Events (10 events):
Event: 51.554 Executing VM operation: RevokeBias
Event: 51.554 Executing VM operation: RevokeBias done
Event: 51.555 loading class sun/util/locale/provider/CalendarNameProviderImpl$LengthBasedComparator
Event: 51.555 loading class sun/util/locale/provider/CalendarNameProviderImpl$LengthBasedComparator done
Event: 51.569 Executing VM operation: RevokeBias
Event: 51.569 Executing VM operation: RevokeBias done
Event: 51.583 Executing VM operation: RevokeBias
Event: 51.583 Executing VM operation: RevokeBias done
Event: 51.583 Executing VM operation: RevokeBias
Event: 51.583 Executing VM operation: RevokeBias done


Dynamic libraries:
0x00007ff688df0000 - 0x00007ff688e2e000 	D:\Program Files\JAVA1\bin\javaw.exe
0x00007ffb56d00000 - 0x00007ffb56ee0000 	C:\windows\SYSTEM32\ntdll.dll
0x00007ffb54bc0000 - 0x00007ffb54c6e000 	C:\windows\System32\KERNEL32.DLL
0x00007ffb53ee0000 - 0x00007ffb54146000 	C:\windows\System32\KERNELBASE.dll
0x00007ffb54510000 - 0x00007ffb545b1000 	C:\windows\System32\ADVAPI32.dll
0x00007ffb55350000 - 0x00007ffb553ed000 	C:\windows\System32\msvcrt.dll
0x00007ffb548d0000 - 0x00007ffb5492b000 	C:\windows\System32\sechost.dll
0x00007ffb54630000 - 0x00007ffb5474f000 	C:\windows\System32\RPCRT4.dll
0x00007ffb56ab0000 - 0x00007ffb56c3f000 	C:\windows\System32\USER32.dll
0x00007ffb536c0000 - 0x00007ffb536e0000 	C:\windows\System32\win32u.dll
0x00007ffb56c40000 - 0x00007ffb56c68000 	C:\windows\System32\GDI32.dll
0x00007ffb53300000 - 0x00007ffb53493000 	C:\windows\System32\gdi32full.dll
0x00007ffb53260000 - 0x00007ffb532fb000 	C:\windows\System32\msvcp_win.dll
0x00007ffb53100000 - 0x00007ffb531f4000 	C:\windows\System32\ucrtbase.dll
0x00007ffb43380000 - 0x00007ffb435e9000 	C:\windows\WinSxS\amd64_microsoft.windows.common-controls_6595b64144ccf1df_6.0.16299.1087_none_0f9074b65a6589b7\COMCTL32.dll
0x00007ffb43600000 - 0x00007ffb4360a000 	C:\windows\SYSTEM32\VERSION.dll
0x00007ffb54200000 - 0x00007ffb54506000 	C:\windows\System32\combase.dll
0x00007ffb54150000 - 0x00007ffb541c2000 	C:\windows\System32\bcryptPrimitives.dll
0x00007ffb541d0000 - 0x00007ffb541fd000 	C:\windows\System32\IMM32.DLL
0x00007ffb3b490000 - 0x00007ffb3b57f000 	D:\Program Files\JAVA1\bin\msvcr120.dll
0x00007ffb361a0000 - 0x00007ffb36246000 	D:\Program Files\JAVA1\bin\msvcp120.dll
0x000000005c9b0000 - 0x000000005d420000 	D:\Program Files\JAVA1\bin\server\jvm.dll
0x00007ffb54bb0000 - 0x00007ffb54bb8000 	C:\windows\System32\PSAPI.DLL
0x00007ffb42af0000 - 0x00007ffb42af9000 	C:\windows\SYSTEM32\WSOCK32.dll
0x00007ffb545c0000 - 0x00007ffb5462c000 	C:\windows\System32\WS2_32.dll
0x00007ffb4f1a0000 - 0x00007ffb4f1c3000 	C:\windows\SYSTEM32\WINMM.dll
0x00007ffb4f140000 - 0x00007ffb4f16a000 	C:\windows\SYSTEM32\WINMMBASE.dll
0x00007ffb53670000 - 0x00007ffb536ba000 	C:\windows\System32\cfgmgr32.dll
0x00007ffb4f250000 - 0x00007ffb4f25f000 	D:\Program Files\JAVA1\bin\verify.dll
0x00007ffb42ba0000 - 0x00007ffb42d68000 	C:\windows\SYSTEM32\DBGHELP.DLL
0x00007ffb42b70000 - 0x00007ffb42b99000 	C:\windows\SYSTEM32\dbgcore.DLL
0x00007ffb4da00000 - 0x00007ffb4da27000 	D:\Program Files\JAVA1\bin\java.dll
0x00007ffb4deb0000 - 0x00007ffb4dec6000 	D:\Program Files\JAVA1\bin\zip.dll
0x00007ffb4ea80000 - 0x00007ffb4ea8a000 	D:\Program Files\JAVA1\bin\jimage.dll
0x00007ffb55670000 - 0x00007ffb56aa8000 	C:\windows\System32\SHELL32.dll
0x00007ffb547c0000 - 0x00007ffb54866000 	C:\windows\System32\shcore.dll
0x00007ffb53790000 - 0x00007ffb53ed7000 	C:\windows\System32\windows.storage.dll
0x00007ffb54870000 - 0x00007ffb548c1000 	C:\windows\System32\shlwapi.dll
0x00007ffb530e0000 - 0x00007ffb530f1000 	C:\windows\System32\kernel.appcore.dll
0x00007ffb53050000 - 0x00007ffb5309c000 	C:\windows\System32\powrprof.dll
0x00007ffb530a0000 - 0x00007ffb530bb000 	C:\windows\System32\profapi.dll
0x00007ffb4d5f0000 - 0x00007ffb4d60a000 	D:\Program Files\JAVA1\bin\net.dll
0x00007ffb489a0000 - 0x00007ffb48a7e000 	C:\windows\SYSTEM32\WINHTTP.dll
0x00007ffb528b0000 - 0x00007ffb52916000 	C:\windows\system32\mswsock.dll
0x00007ffb4a0d0000 - 0x00007ffb4a0e1000 	D:\Program Files\JAVA1\bin\nio.dll
0x00007ffb4d9f0000 - 0x00007ffb4d9f9000 	D:\Program Files\JAVA1\bin\management.dll
0x00007ffb4d950000 - 0x00007ffb4d95a000 	D:\Program Files\JAVA1\bin\management_ext.dll
0x00007ffb42e20000 - 0x00007ffb42e36000 	C:\windows\system32\napinsp.dll
0x00007ffb42e00000 - 0x00007ffb42e1a000 	C:\windows\system32\pnrpnsp.dll
0x00007ffb4f5b0000 - 0x00007ffb4f5c8000 	C:\windows\system32\NLAapi.dll
0x00007ffb52680000 - 0x00007ffb52736000 	C:\windows\SYSTEM32\DNSAPI.dll
0x00007ffb55660000 - 0x00007ffb55668000 	C:\windows\System32\NSI.dll
0x00007ffb52640000 - 0x00007ffb52679000 	C:\windows\SYSTEM32\IPHLPAPI.DLL
0x00007ffb42df0000 - 0x00007ffb42dfe000 	C:\windows\System32\winrnr.dll
0x00007ffb4cc50000 - 0x00007ffb4cc65000 	C:\windows\System32\wshbth.dll
0x00007ffb47da0000 - 0x00007ffb47daa000 	C:\Windows\System32\rasadhlp.dll
0x00007ffb48020000 - 0x00007ffb48090000 	C:\windows\System32\fwpuclnt.dll
0x00007ffb52b80000 - 0x00007ffb52ba5000 	C:\windows\SYSTEM32\bcrypt.dll
0x00007ffb52a70000 - 0x00007ffb52a87000 	C:\windows\SYSTEM32\CRYPTSP.dll
0x00007ffb524b0000 - 0x00007ffb524e3000 	C:\windows\system32\rsaenh.dll
0x00007ffb52f80000 - 0x00007ffb52fa9000 	C:\windows\SYSTEM32\USERENV.dll
0x00007ffb52a90000 - 0x00007ffb52a9b000 	C:\windows\SYSTEM32\CRYPTBASE.dll
0x00007ffb4cac0000 - 0x00007ffb4cad6000 	C:\windows\SYSTEM32\dhcpcsvc6.DLL
0x00007ffb4c9e0000 - 0x00007ffb4c9fa000 	C:\windows\SYSTEM32\dhcpcsvc.DLL

dbghelp: loaded successfully - version: 4.0.5 - missing functions: none
symbol engine: initialized successfully - sym options: 0x614 - pdb path: .;D:\Program Files\JAVA1\bin;C:\windows\SYSTEM32;C:\windows\WinSxS\amd64_microsoft.windows.common-controls_6595b64144ccf1df_6.0.16299.1087_none_0f9074b65a6589b7;D:\Program Files\JAVA1\bin\server

VM Arguments:
jvm_args: -Dfile.encoding=UTF-8 
java_command: com.java.App
java_class_path (initial): C:\Users\Administrator\git\yaojiusong111\spring-boot-mybatis\target\classes;D:\Apache\maven-repository\org\springframework\boot\spring-boot-starter-web\2.0.5.RELEASE\spring-boot-starter-web-2.0.5.RELEASE.jar;D:\Apache\maven-repository\org\springframework\boot\spring-boot-starter\2.0.5.RELEASE\spring-boot-starter-2.0.5.RELEASE.jar;D:\Apache\maven-repository\org\springframework\boot\spring-boot-starter-logging\2.0.5.RELEASE\spring-boot-starter-logging-2.0.5.RELEASE.jar;D:\Apache\maven-repository\ch\qos\logback\logback-classic\1.2.3\logback-classic-1.2.3.jar;D:\Apache\maven-repository\ch\qos\logback\logback-core\1.2.3\logback-core-1.2.3.jar;D:\Apache\maven-repository\org\apache\logging\log4j\log4j-to-slf4j\2.10.0\log4j-to-slf4j-2.10.0.jar;D:\Apache\maven-repository\org\apache\logging\log4j\log4j-api\2.10.0\log4j-api-2.10.0.jar;D:\Apache\maven-repository\org\slf4j\jul-to-slf4j\1.7.25\jul-to-slf4j-1.7.25.jar;D:\Apache\maven-repository\javax\annotation\javax.annotation-api\1.3.2\javax.annotation-api-1.3.2.jar;D:\Apache\maven-repository\org\yaml\snakeyaml\1.19\snakeyaml-1.19.jar;D:\Apache\maven-repository\org\springframework\boot\spring-boot-starter-json\2.0.5.RELEASE\spring-boot-starter-json-2.0.5.RELEASE.jar;D:\Apache\maven-repository\com\fasterxml\jackson\core\jackson-databind\2.9.6\jackson-databind-2.9.6.jar;D:\Apache\maven-repository\com\fasterxml\jackson\core\jackson-annotations\2.9.0\jackson-annotations-2.9.0.jar;D:\Apache\maven-repository\com\fasterxml\jackson\core\jackson-core\2.9.6\jackson-core-2.9.6.jar;D:\Apache\maven-repository\com\fasterxml\jackson\datatype\jackson-datatype-jdk8\2.9.6\jackson-datatype-jdk8-2.9.6.jar;D:\Apache\maven-repository\com\fasterxml\jackson\datatype\jackson-datatype-jsr310\2.9.6\jackson-datatype-jsr310-2.9.6.jar;D:\Apache\maven-repository\com\fasterxml\jackson\module\jackson-module-parameter-names\2.9.6\jackson-module-parameter-names-2.9.6.jar;D:\Apache\maven-repository\org\springframework\boot\spring-boot-
Launcher Type: SUN_STANDARD

Logging:
Log output configuration:
#0: stdout all=warning uptime,level,tags
#1: stderr all=off uptime,level,tags

Environment Variables:
JAVA_HOME=C:\Program Files\Java\jdk1.8.0_191
PATH=D:/jdk1.8/bin/server;D:/jdk1.8/bin;D:/jdk1.8/lib/amd64;D:\app\Administrator\product\11.2.0\dbhome_1\bin;C:\windows\system32;C:\windows;C:\windows\system32\wbem;D:\Apache\apache-maven-3.6.1\bin\;E:\Git\bin;C:\Users\Administrator\AppData\Local\Microsoft\WindowsApps;"C:\Program Files\Java\jdk1.8.0_191\bin;C:\Program Files\Java\jdk1.8.0_191\jre\bin;";;D:\eclipse-jee-photon-R-win32-x86_64\eclipse;
USERNAME=Administrator
OS=Windows_NT
PROCESSOR_IDENTIFIER=Intel64 Family 6 Model 61 Stepping 4, GenuineIntel



---------------  S Y S T E M  ---------------

OS: Windows 10 , 64 bit Build 16299 (10.0.16299.1087)

CPU:total 4 (initial active 4) (2 cores per cpu, 2 threads per core) family 6 model 61 stepping 4, cmov, cx8, fxsr, mmx, sse, sse2, sse3, ssse3, sse4.1, sse4.2, popcnt, avx, avx2, aes, clmul, erms, rtm, 3dnowpref, lzcnt, ht, tsc, tscinvbit, bmi1, bmi2, adx, fma

Memory: 4k page, physical 8061168k(2460760k free), swap 8061168k(12076k free)

vm_info: Java HotSpot(TM) 64-Bit Server VM (10.0.1+10) for windows-amd64 JRE (10.0.1+10), built on Mar 27 2018 02:27:48 by "mach5one" with MS VC++ 12.0 (VS2013)

END.
