#
# There is insufficient memory for the Java Runtime Environment to continue.
# Native memory allocation (malloc) failed to allocate 635376 bytes for Chunk::new
# Possible reasons:
#   The system is out of physical RAM or swap space
#   The process is running with CompressedOops enabled, and the Java Heap may be blocking the growth of the native heap
# Possible solutions:
#   Reduce memory load on the system
#   Increase physical memory or swap space
#   Check if swap backing store is full
#   Decrease Java heap size (-Xmx/-Xms)
#   Decrease number of Java threads
#   Decrease Java thread stack sizes (-Xss)
#   Set larger code cache with -XX:ReservedCodeCacheSize=
#   JVM is running with Unscaled Compressed Oops mode in which the Java heap is
#     placed in the first 4GB address space. The Java Heap base address is the
#     maximum limit for the native heap growth. Please use -XX:HeapBaseMinAddress
#     to set the Java Heap base and to place the Java Heap above 4GB virtual address.
# This output file may be truncated or incomplete.
#
#  Out of Memory Error (t:/workspace/open/src/hotspot/share/memory/arena.cpp:198), pid=7476, tid=104
#
# JRE version: Java(TM) SE Runtime Environment (10.0.1+10) (build 10.0.1+10)
# Java VM: Java HotSpot(TM) 64-Bit Server VM (10.0.1+10, mixed mode, tiered, compressed oops, g1 gc, windows-amd64)
# No core dump will be written. Minidumps are not enabled by default on client versions of Windows
#

---------------  S U M M A R Y ------------

Command Line: -Dfile.encoding=UTF-8 com.java.App

Host: Intel(R) Core(TM) i7-5600U CPU @ 2.60GHz, 4 cores, 7G,  Windows 10 , 64 bit Build 16299 (10.0.16299.1087)
Time: Mon May 27 11:12:39 2019 ?D1¨²¡À¨º¡Á?¨º¡À?? elapsed time: 60 seconds (0d 0h 1m 0s)

---------------  T H R E A D  ---------------

Current thread (0x000001675cf7c800):  JavaThread "C2 CompilerThread1" daemon [_thread_in_native, id=104, stack(0x0000001705b00000,0x0000001705c00000)]


Current CompileTask:
C2:  60161 5432       4       org.springframework.core.annotation.AnnotationUtils::postProcessAnnotationAttributes (150 bytes)

Stack: [0x0000001705b00000,0x0000001705c00000]
Native frames: (J=compiled Java code, j=interpreted, Vv=VM code, C=native code)
V  [jvm.dll+0x5a0369]
V  [jvm.dll+0x6bcf81]
V  [jvm.dll+0x6be176]
V  [jvm.dll+0x6be803]
V  [jvm.dll+0x234998]
V  [jvm.dll+0xbb92c]
V  [jvm.dll+0xbbe2c]
V  [jvm.dll+0x34bcf8]
V  [jvm.dll+0x18ed07]
V  [jvm.dll+0x1ffeed]
V  [jvm.dll+0x1ff066]
V  [jvm.dll+0x17ca6b]
V  [jvm.dll+0x20c81d]
V  [jvm.dll+0x20b5e6]
V  [jvm.dll+0x68bb6f]
V  [jvm.dll+0x59f680]
C  [msvcr120.dll+0x24f7f]
C  [msvcr120.dll+0x25126]
C  [KERNEL32.DLL+0x137e4]
C  [ntdll.dll+0x6cb81]


---------------  P R O C E S S  ---------------

Threads class SMR info:
_java_thread_list=0x000001675df1cf70, length=33, elements={
0x000001675cf15000, 0x000001675cf59000, 0x000001675d832800, 0x000001675d833800,
0x000001675cf7b800, 0x000001675cf7c800, 0x000001675cf7e000, 0x000001675cf88800,
0x000001675d98c800, 0x000001675d9ae800, 0x0000016760d0e000, 0x000001675e561000,
0x000001675f24f000, 0x000001675f24b000, 0x000001675f24a000, 0x000001675f251000,
0x000001675f24b800, 0x000001675f24e000, 0x000001675f24c800, 0x000001676269e800,
0x000001676269d000, 0x000001676269c000, 0x00000167626a5000, 0x000001676269d800,
0x00000167626a0000, 0x00000167626a2800, 0x00000167626a3000, 0x00000167626a1000,
0x000001676269f800, 0x00000167626a8000, 0x00000167626a5800, 0x00000167626a7000,
0x00000167626a8800
}

Java Threads: ( => current thread )
  0x000001675cf15000 JavaThread "Reference Handler" daemon [_thread_blocked, id=7248, stack(0x0000001705500000,0x0000001705600000)]
  0x000001675cf59000 JavaThread "Finalizer" daemon [_thread_blocked, id=2740, stack(0x0000001705600000,0x0000001705700000)]
  0x000001675d832800 JavaThread "Signal Dispatcher" daemon [_thread_blocked, id=11652, stack(0x0000001705800000,0x0000001705900000)]
  0x000001675d833800 JavaThread "Attach Listener" daemon [_thread_blocked, id=6364, stack(0x0000001705900000,0x0000001705a00000)]
  0x000001675cf7b800 JavaThread "C2 CompilerThread0" daemon [_thread_in_native, id=6932, stack(0x0000001705a00000,0x0000001705b00000)]
=>0x000001675cf7c800 JavaThread "C2 CompilerThread1" daemon [_thread_in_native, id=104, stack(0x0000001705b00000,0x0000001705c00000)]
  0x000001675cf7e000 JavaThread "C1 CompilerThread2" daemon [_thread_blocked, id=10380, stack(0x0000001705c00000,0x0000001705d00000)]
  0x000001675cf88800 JavaThread "Sweeper thread" daemon [_thread_blocked, id=4100, stack(0x0000001705d00000,0x0000001705e00000)]
  0x000001675d98c800 JavaThread "Service Thread" daemon [_thread_blocked, id=7632, stack(0x0000001705e00000,0x0000001705f00000)]
  0x000001675d9ae800 JavaThread "Common-Cleaner" daemon [_thread_blocked, id=888, stack(0x0000001705f00000,0x0000001706000000)]
  0x0000016760d0e000 JavaThread "ContainerBackgroundProcessor[StandardEngine[Tomcat]]" daemon [_thread_blocked, id=3648, stack(0x0000001706700000,0x0000001706800000)]
  0x000001675e561000 JavaThread "container-0" [_thread_blocked, id=648, stack(0x0000001706800000,0x0000001706900000)]
  0x000001675f24f000 JavaThread "__DEFAULT__" daemon [_thread_blocked, id=1384, stack(0x0000001706900000,0x0000001706a00000)]
  0x000001675f24b000 JavaThread "users.data" [_thread_blocked, id=11928, stack(0x0000001706a00000,0x0000001706b00000)]
  0x000001675f24a000 JavaThread "Statistics Thread-__DEFAULT__-1" daemon [_thread_blocked, id=11640, stack(0x0000001706b00000,0x0000001706c00000)]
  0x000001675f251000 JavaThread "File Watcher" daemon [_thread_in_native, id=3048, stack(0x0000001706d00000,0x0000001706e00000)]
  0x000001675f24b800 JavaThread "Live Reload Server" daemon [_thread_in_native, id=5032, stack(0x0000001706f00000,0x0000001707000000)]
  0x000001675f24e000 JavaThread "NioBlockingSelector.BlockPoller-1" daemon [_thread_in_native, id=10328, stack(0x0000001707000000,0x0000001707100000)]
  0x000001675f24c800 JavaThread "http-nio-8080-exec-1" daemon [_thread_blocked, id=4504, stack(0x0000001707100000,0x0000001707200000)]
  0x000001676269e800 JavaThread "http-nio-8080-exec-2" daemon [_thread_blocked, id=4944, stack(0x0000001707200000,0x0000001707300000)]
  0x000001676269d000 JavaThread "http-nio-8080-exec-3" daemon [_thread_blocked, id=7684, stack(0x0000001707300000,0x0000001707400000)]
  0x000001676269c000 JavaThread "http-nio-8080-exec-4" daemon [_thread_blocked, id=11088, stack(0x0000001707400000,0x0000001707500000)]
  0x00000167626a5000 JavaThread "http-nio-8080-exec-5" daemon [_thread_blocked, id=11460, stack(0x0000001707500000,0x0000001707600000)]
  0x000001676269d800 JavaThread "http-nio-8080-exec-6" daemon [_thread_blocked, id=10336, stack(0x0000001707600000,0x0000001707700000)]
  0x00000167626a0000 JavaThread "http-nio-8080-exec-7" daemon [_thread_blocked, id=3356, stack(0x0000001707700000,0x0000001707800000)]
  0x00000167626a2800 JavaThread "http-nio-8080-exec-8" daemon [_thread_in_vm, id=5184, stack(0x0000001707800000,0x0000001707900000)]
  0x00000167626a3000 JavaThread "http-nio-8080-exec-9" daemon [_thread_blocked, id=1500, stack(0x0000001707900000,0x0000001707a00000)]
  0x00000167626a1000 JavaThread "http-nio-8080-exec-10" daemon [_thread_blocked, id=808, stack(0x0000001707a00000,0x0000001707b00000)]
  0x000001676269f800 JavaThread "http-nio-8080-ClientPoller-0" daemon [_thread_in_native, id=3384, stack(0x0000001707b00000,0x0000001707c00000)]
  0x00000167626a8000 JavaThread "http-nio-8080-ClientPoller-1" daemon [_thread_in_native, id=1740, stack(0x0000001707c00000,0x0000001707d00000)]
  0x00000167626a5800 JavaThread "http-nio-8080-Acceptor-0" daemon [_thread_in_native, id=5932, stack(0x0000001707d00000,0x0000001707e00000)]
  0x00000167626a7000 JavaThread "http-nio-8080-AsyncTimeout" daemon [_thread_blocked, id=7800, stack(0x0000001707e00000,0x0000001707f00000)]
  0x00000167626a8800 JavaThread "DestroyJavaVM" [_thread_blocked, id=11432, stack(0x0000001704800000,0x0000001704900000)]

Other Threads:
  0x000001675cf12000 VMThread "VM Thread" [stack: 0x0000001705400000,0x0000001705500000] [id=6900]
  0x000001675d98d800 WatcherThread [stack: 0x0000001706000000,0x0000001706100000] [id=10004]
  0x000001673f98e800 GCTaskThread "GC Thread#0" [stack: 0x0000001704900000,0x0000001704a00000] [id=7340]
  0x000001673f991800 GCTaskThread "GC Thread#1" [stack: 0x0000001704a00000,0x0000001704b00000] [id=11852]
  0x000001673f995000 GCTaskThread "GC Thread#2" [stack: 0x0000001704b00000,0x0000001704c00000] [id=4668]
  0x000001673f997000 GCTaskThread "GC Thread#3" [stack: 0x0000001704c00000,0x0000001704d00000] [id=11296]
  0x000001673fa06000 ConcurrentGCThread "G1 Main Marker" [stack: 0x0000001704d00000,0x0000001704e00000] [id=8092]
  0x000001673fa0d000 ConcurrentGCThread "G1 Conc#0" [stack: 0x0000001704e00000,0x0000001704f00000] [id=1904]
  0x000001673fa4e800 ConcurrentGCThread "G1 Refine#0" [stack: 0x0000001704f00000,0x0000001705000000] [id=3644]
  0x000001675cdbd800 ConcurrentGCThread "G1 Refine#1" [stack: 0x0000001705000000,0x0000001705100000] [id=5164]
  0x000001675cdbf000 ConcurrentGCThread "G1 Refine#2" [stack: 0x0000001705100000,0x0000001705200000] [id=2964]
  0x000001675cdc2000 ConcurrentGCThread "G1 Refine#3" [stack: 0x0000001705200000,0x0000001705300000] [id=10636]
  0x000001675cdc3800 ConcurrentGCThread "G1 Young RemSet Sampling" [stack: 0x0000001705300000,0x0000001705400000] [id=8140]

Threads with active compile tasks:
C2 CompilerThread05443   !   4       org.springframework.core.annotation.AnnotatedElementUtils::searchWithFindSemantics (773 bytes)
C2 CompilerThread15432       4       org.springframework.core.annotation.AnnotationUtils::postProcessAnnotationAttributes (150 bytes)

VM state:not at safepoint (normal execution)

VM Mutex/Monitor currently owned by a thread: None

Heap address: 0x0000000084e00000, size: 1970 MB, Compressed Oops mode: 32-bit
Narrow klass base: 0x0000000000000000, Narrow klass shift: 3
Compressed class space size: 1073741824 Address: 0x0000000100000000

Heap:
 garbage-first heap   total 183296K, used 35272K [0x0000000084e00000, 0x0000000100000000)
  region size 1024K, 13 young (13312K), 8 survivors (8192K)
 Metaspace       used 47004K, capacity 48096K, committed 48256K, reserved 1091584K
  class space    used 5523K, capacity 5953K, committed 6016K, reserved 1048576K
Heap Regions: E=young(eden), S=young(survivor), O=old, HS=humongous(starts), HC=humongous(continues), CS=collection set, F=free, A=archive, TS=gc time stamp, AC=allocation context, TAMS=top-at-mark-start (previous, next)
|   0|0x0000000084e00000, 0x0000000084f00000, 0x0000000084f00000|100%|HS|  |TS  0|AC  0|TAMS 0x0000000084f00000, 0x0000000084f00000|
|   1|0x0000000084f00000, 0x0000000085000000, 0x0000000085000000|100%| O|  |TS  0|AC  0|TAMS 0x0000000085000000, 0x0000000085000000|
|   2|0x0000000085000000, 0x0000000085100000, 0x0000000085100000|100%| O|  |TS  0|AC  0|TAMS 0x0000000085100000, 0x0000000085100000|
|   3|0x0000000085100000, 0x0000000085200000, 0x0000000085200000|100%| O|  |TS  0|AC  0|TAMS 0x0000000085200000, 0x0000000085200000|
|   4|0x0000000085200000, 0x0000000085300000, 0x0000000085300000|100%| O|  |TS  0|AC  0|TAMS 0x0000000085300000, 0x0000000085300000|
|   5|0x0000000085300000, 0x0000000085400000, 0x0000000085400000|100%| O|  |TS  0|AC  0|TAMS 0x0000000085400000, 0x0000000085400000|
|   6|0x0000000085400000, 0x0000000085500000, 0x0000000085500000|100%| O|  |TS  0|AC  0|TAMS 0x0000000085500000, 0x0000000085500000|
|   7|0x0000000085500000, 0x0000000085600000, 0x0000000085600000|100%| O|  |TS  0|AC  0|TAMS 0x0000000085600000, 0x0000000085600000|
|   8|0x0000000085600000, 0x0000000085700000, 0x0000000085700000|100%| O|  |TS  0|AC  0|TAMS 0x0000000085700000, 0x0000000085700000|
|   9|0x0000000085700000, 0x0000000085800000, 0x0000000085800000|100%| O|  |TS  0|AC  0|TAMS 0x0000000085800000, 0x0000000085800000|
|  10|0x0000000085800000, 0x0000000085900000, 0x0000000085900000|100%| O|  |TS  1|AC  0|TAMS 0x00000000858c6800, 0x00000000858c6800|
|  11|0x0000000085900000, 0x0000000085a00000, 0x0000000085a00000|100%| O|  |TS  1|AC  0|TAMS 0x0000000085900000, 0x0000000085900000|
|  12|0x0000000085a00000, 0x0000000085b00000, 0x0000000085b00000|100%| O|  |TS  1|AC  0|TAMS 0x0000000085a00000, 0x0000000085a00000|
|  13|0x0000000085b00000, 0x0000000085c00000, 0x0000000085c00000|100%| O|  |TS  1|AC  0|TAMS 0x0000000085b00000, 0x0000000085b00000|
|  14|0x0000000085c00000, 0x0000000085d00000, 0x0000000085d00000|100%| O|  |TS  1|AC  0|TAMS 0x0000000085c00000, 0x0000000085c00000|
|  15|0x0000000085d00000, 0x0000000085e00000, 0x0000000085e00000|100%| O|  |TS  2|AC  0|TAMS 0x0000000085d00000, 0x0000000085d00000|
|  16|0x0000000085e00000, 0x0000000085f00000, 0x0000000085f00000|100%| O|  |TS  2|AC  0|TAMS 0x0000000085e00000, 0x0000000085e00000|
|  17|0x0000000085f00000, 0x0000000086000000, 0x0000000086000000|100%| O|  |TS  2|AC  0|TAMS 0x0000000085f00000, 0x0000000085f00000|
|  18|0x0000000086000000, 0x0000000086100000, 0x0000000086100000|100%| O|  |TS  2|AC  0|TAMS 0x0000000086000000, 0x0000000086000000|
|  19|0x0000000086100000, 0x0000000086200000, 0x0000000086200000|100%| O|  |TS  2|AC  0|TAMS 0x0000000086100000, 0x0000000086100000|
|  20|0x0000000086200000, 0x0000000086300000, 0x0000000086300000|100%| O|  |TS  2|AC  0|TAMS 0x0000000086200000, 0x0000000086200000|
|  21|0x0000000086300000, 0x0000000086400000, 0x0000000086400000|100%| O|  |TS  2|AC  0|TAMS 0x0000000086300000, 0x0000000086300000|
|  22|0x0000000086400000, 0x0000000086472000, 0x0000000086500000| 44%| O|  |TS  3|AC  0|TAMS 0x0000000086400000, 0x0000000086400000|
|  23|0x0000000086500000, 0x0000000086500000, 0x0000000086600000|  0%| F|  |TS  0|AC  0|TAMS 0x0000000086500000, 0x0000000086500000|
|  24|0x0000000086600000, 0x0000000086600000, 0x0000000086700000|  0%| F|  |TS  0|AC  0|TAMS 0x0000000086600000, 0x0000000086600000|
|  25|0x0000000086700000, 0x0000000086700000, 0x0000000086800000|  0%| F|  |TS  0|AC  0|TAMS 0x0000000086700000, 0x0000000086700000|
|  26|0x0000000086800000, 0x0000000086800000, 0x0000000086900000|  0%| F|  |TS  0|AC  0|TAMS 0x0000000086800000, 0x0000000086800000|
|  27|0x0000000086900000, 0x0000000086900000, 0x0000000086a00000|  0%| F|  |TS  0|AC  0|TAMS 0x0000000086900000, 0x0000000086900000|
|  28|0x0000000086a00000, 0x0000000086a00000, 0x0000000086b00000|  0%| F|  |TS  0|AC  0|TAMS 0x0000000086a00000, 0x0000000086a00000|
|  29|0x0000000086b00000, 0x0000000086b00000, 0x0000000086c00000|  0%| F|  |TS  0|AC  0|TAMS 0x0000000086b00000, 0x0000000086b00000|
|  30|0x0000000086c00000, 0x0000000086c00000, 0x0000000086d00000|  0%| F|  |TS  0|AC  0|TAMS 0x0000000086c00000, 0x0000000086c00000|
|  31|0x0000000086d00000, 0x0000000086d00000, 0x0000000086e00000|  0%| F|  |TS  0|AC  0|TAMS 0x0000000086d00000, 0x0000000086d00000|
|  32|0x0000000086e00000, 0x0000000086e00000, 0x0000000086f00000|  0%| F|  |TS  0|AC  0|TAMS 0x0000000086e00000, 0x0000000086e00000|
|  33|0x0000000086f00000, 0x0000000086f00000, 0x0000000087000000|  0%| F|  |TS  0|AC  0|TAMS 0x0000000086f00000, 0x0000000086f00000|
|  34|0x0000000087000000, 0x0000000087000000, 0x0000000087100000|  0%| F|  |TS  0|AC  0|TAMS 0x0000000087000000, 0x0000000087000000|
|  35|0x0000000087100000, 0x0000000087100000, 0x0000000087200000|  0%| F|  |TS  0|AC  0|TAMS 0x0000000087100000, 0x0000000087100000|
|  36|0x0000000087200000, 0x0000000087200000, 0x0000000087300000|  0%| F|  |TS  0|AC  0|TAMS 0x0000000087200000, 0x0000000087200000|
|  37|0x0000000087300000, 0x0000000087300000, 0x0000000087400000|  0%| F|  |TS  0|AC  0|TAMS 0x0000000087300000, 0x0000000087300000|
|  38|0x0000000087400000, 0x0000000087400000, 0x0000000087500000|  0%| F|  |TS  0|AC  0|TAMS 0x0000000087400000, 0x0000000087400000|
|  39|0x0000000087500000, 0x0000000087500000, 0x0000000087600000|  0%| F|  |TS  0|AC  0|TAMS 0x0000000087500000, 0x0000000087500000|
|  40|0x0000000087600000, 0x0000000087600000, 0x0000000087700000|  0%| F|  |TS  0|AC  0|TAMS 0x0000000087600000, 0x0000000087600000|
|  41|0x0000000087700000, 0x0000000087700000, 0x0000000087800000|  0%| F|  |TS  0|AC  0|TAMS 0x0000000087700000, 0x0000000087700000|
|  42|0x0000000087800000, 0x0000000087800000, 0x0000000087900000|  0%| F|  |TS  0|AC  0|TAMS 0x0000000087800000, 0x0000000087800000|
|  43|0x0000000087900000, 0x0000000087900000, 0x0000000087a00000|  0%| F|  |TS  0|AC  0|TAMS 0x0000000087900000, 0x0000000087900000|
|  44|0x0000000087a00000, 0x0000000087a00000, 0x0000000087b00000|  0%| F|  |TS  0|AC  0|TAMS 0x0000000087a00000, 0x0000000087a00000|
|  45|0x0000000087b00000, 0x0000000087b00000, 0x0000000087c00000|  0%| F|  |TS  0|AC  0|TAMS 0x0000000087b00000, 0x0000000087b00000|
|  46|0x0000000087c00000, 0x0000000087c00000, 0x0000000087d00000|  0%| F|  |TS  0|AC  0|TAMS 0x0000000087c00000, 0x0000000087c00000|
|  47|0x0000000087d00000, 0x0000000087d00000, 0x0000000087e00000|  0%| F|  |TS  0|AC  0|TAMS 0x0000000087d00000, 0x0000000087d00000|
|  48|0x0000000087e00000, 0x0000000087e00000, 0x0000000087f00000|  0%| F|  |TS  0|AC  0|TAMS 0x0000000087e00000, 0x0000000087e00000|
|  49|0x0000000087f00000, 0x0000000087f00000, 0x0000000088000000|  0%| F|  |TS  0|AC  0|TAMS 0x0000000087f00000, 0x0000000087f00000|
|  50|0x0000000088000000, 0x0000000088000000, 0x0000000088100000|  0%| F|  |TS  0|AC  0|TAMS 0x0000000088000000, 0x0000000088000000|
|  51|0x0000000088100000, 0x0000000088100000, 0x0000000088200000|  0%| F|  |TS  0|AC  0|TAMS 0x0000000088100000, 0x0000000088100000|
|  52|0x0000000088200000, 0x0000000088200000, 0x0000000088300000|  0%| F|  |TS  0|AC  0|TAMS 0x0000000088200000, 0x0000000088200000|
|  53|0x0000000088300000, 0x0000000088300000, 0x0000000088400000|  0%| F|  |TS  0|AC  0|TAMS 0x0000000088300000, 0x0000000088300000|
|  54|0x0000000088400000, 0x0000000088400000, 0x0000000088500000|  0%| F|  |TS  0|AC  0|TAMS 0x0000000088400000, 0x0000000088400000|
|  55|0x0000000088500000, 0x0000000088500000, 0x0000000088600000|  0%| F|  |TS  0|AC  0|TAMS 0x0000000088500000, 0x0000000088500000|
|  56|0x0000000088600000, 0x0000000088600000, 0x0000000088700000|  0%| F|  |TS  0|AC  0|TAMS 0x0000000088600000, 0x0000000088600000|
|  57|0x0000000088700000, 0x0000000088700000, 0x0000000088800000|  0%| F|  |TS  0|AC  0|TAMS 0x0000000088700000, 0x0000000088700000|
|  58|0x0000000088800000, 0x0000000088800000, 0x0000000088900000|  0%| F|  |TS  0|AC  0|TAMS 0x0000000088800000, 0x0000000088800000|
|  59|0x0000000088900000, 0x0000000088900000, 0x0000000088a00000|  0%| F|  |TS  0|AC  0|TAMS 0x0000000088900000, 0x0000000088900000|
|  60|0x0000000088a00000, 0x0000000088a00000, 0x0000000088b00000|  0%| F|  |TS  0|AC  0|TAMS 0x0000000088a00000, 0x0000000088a00000|
|  61|0x0000000088b00000, 0x0000000088b00000, 0x0000000088c00000|  0%| F|  |TS  0|AC  0|TAMS 0x0000000088b00000, 0x0000000088b00000|
|  62|0x0000000088c00000, 0x0000000088c00000, 0x0000000088d00000|  0%| F|  |TS  0|AC  0|TAMS 0x0000000088c00000, 0x0000000088c00000|
|  63|0x0000000088d00000, 0x0000000088d00000, 0x0000000088e00000|  0%| F|  |TS  0|AC  0|TAMS 0x0000000088d00000, 0x0000000088d00000|
|  64|0x0000000088e00000, 0x0000000088e00000, 0x0000000088f00000|  0%| F|  |TS  0|AC  0|TAMS 0x0000000088e00000, 0x0000000088e00000|
|  65|0x0000000088f00000, 0x0000000088f00000, 0x0000000089000000|  0%| F|  |TS  0|AC  0|TAMS 0x0000000088f00000, 0x0000000088f00000|
|  66|0x0000000089000000, 0x0000000089000000, 0x0000000089100000|  0%| F|  |TS  0|AC  0|TAMS 0x0000000089000000, 0x0000000089000000|
|  67|0x0000000089100000, 0x0000000089100000, 0x0000000089200000|  0%| F|  |TS  0|AC  0|TAMS 0x0000000089100000, 0x0000000089100000|
|  68|0x0000000089200000, 0x0000000089200000, 0x0000000089300000|  0%| F|  |TS  0|AC  0|TAMS 0x0000000089200000, 0x0000000089200000|
|  69|0x0000000089300000, 0x0000000089300000, 0x0000000089400000|  0%| F|  |TS  0|AC  0|TAMS 0x0000000089300000, 0x0000000089300000|
|  70|0x0000000089400000, 0x0000000089400000, 0x0000000089500000|  0%| F|  |TS  0|AC  0|TAMS 0x0000000089400000, 0x0000000089400000|
|  71|0x0000000089500000, 0x0000000089500000, 0x0000000089600000|  0%| F|  |TS  0|AC  0|TAMS 0x0000000089500000, 0x0000000089500000|
|  72|0x0000000089600000, 0x0000000089600000, 0x0000000089700000|  0%| F|  |TS  3|AC  0|TAMS 0x0000000089600000, 0x0000000089600000|
|  73|0x0000000089700000, 0x0000000089700000, 0x0000000089800000|  0%| F|  |TS  2|AC  0|TAMS 0x0000000089700000, 0x0000000089700000|
|  74|0x0000000089800000, 0x0000000089800000, 0x0000000089900000|  0%| F|  |TS  2|AC  0|TAMS 0x0000000089800000, 0x0000000089800000|
|  75|0x0000000089900000, 0x0000000089900000, 0x0000000089a00000|  0%| F|  |TS  2|AC  0|TAMS 0x0000000089900000, 0x0000000089900000|
|  76|0x0000000089a00000, 0x0000000089a00000, 0x0000000089b00000|  0%| F|  |TS  2|AC  0|TAMS 0x0000000089a00000, 0x0000000089a00000|
|  77|0x0000000089b00000, 0x0000000089b00000, 0x0000000089c00000|  0%| F|  |TS  2|AC  0|TAMS 0x0000000089b00000, 0x0000000089b00000|
|  78|0x0000000089c00000, 0x0000000089c00000, 0x0000000089d00000|  0%| F|  |TS  2|AC  0|TAMS 0x0000000089c00000, 0x0000000089c00000|
|  79|0x0000000089d00000, 0x0000000089d00000, 0x0000000089e00000|  0%| F|  |TS  2|AC  0|TAMS 0x0000000089d00000, 0x0000000089d00000|
|  80|0x0000000089e00000, 0x0000000089e00000, 0x0000000089f00000|  0%| F|  |TS  2|AC  0|TAMS 0x0000000089e00000, 0x0000000089e00000|
|  81|0x0000000089f00000, 0x0000000089f00000, 0x000000008a000000|  0%| F|  |TS  3|AC  0|TAMS 0x0000000089f00000, 0x0000000089f00000|
|  82|0x000000008a000000, 0x000000008a000000, 0x000000008a100000|  0%| F|  |TS  3|AC  0|TAMS 0x000000008a000000, 0x000000008a000000|
|  83|0x000000008a100000, 0x000000008a100000, 0x000000008a200000|  0%| F|  |TS  3|AC  0|TAMS 0x000000008a100000, 0x000000008a100000|
|  84|0x000000008a200000, 0x000000008a200000, 0x000000008a300000|  0%| F|  |TS  3|AC  0|TAMS 0x000000008a200000, 0x000000008a200000|
|  85|0x000000008a300000, 0x000000008a300000, 0x000000008a400000|  0%| F|  |TS  2|AC  0|TAMS 0x000000008a300000, 0x000000008a300000|
|  86|0x000000008a400000, 0x000000008a400000, 0x000000008a500000|  0%| F|  |TS  2|AC  0|TAMS 0x000000008a400000, 0x000000008a400000|
|  87|0x000000008a500000, 0x000000008a500000, 0x000000008a600000|  0%| F|  |TS  2|AC  0|TAMS 0x000000008a500000, 0x000000008a500000|
|  88|0x000000008a600000, 0x000000008a600000, 0x000000008a700000|  0%| F|  |TS  2|AC  0|TAMS 0x000000008a600000, 0x000000008a600000|
|  89|0x000000008a700000, 0x000000008a700000, 0x000000008a800000|  0%| F|  |TS  2|AC  0|TAMS 0x000000008a700000, 0x000000008a700000|
|  90|0x000000008a800000, 0x000000008a800000, 0x000000008a900000|  0%| F|  |TS  2|AC  0|TAMS 0x000000008a800000, 0x000000008a800000|
|  91|0x000000008a900000, 0x000000008a900000, 0x000000008aa00000|  0%| F|  |TS  2|AC  0|TAMS 0x000000008a900000, 0x000000008a900000|
|  92|0x000000008aa00000, 0x000000008ab00000, 0x000000008ab00000|100%| S|CS|TS  3|AC  0|TAMS 0x000000008aa00000, 0x000000008aa00000|
|  93|0x000000008ab00000, 0x000000008ac00000, 0x000000008ac00000|100%| S|CS|TS  3|AC  0|TAMS 0x000000008ab00000, 0x000000008ab00000|
|  94|0x000000008ac00000, 0x000000008ad00000, 0x000000008ad00000|100%| S|CS|TS  3|AC  0|TAMS 0x000000008ac00000, 0x000000008ac00000|
|  95|0x000000008ad00000, 0x000000008ae00000, 0x000000008ae00000|100%| S|CS|TS  3|AC  0|TAMS 0x000000008ad00000, 0x000000008ad00000|
|  96|0x000000008ae00000, 0x000000008af00000, 0x000000008af00000|100%| S|CS|TS  3|AC  0|TAMS 0x000000008ae00000, 0x000000008ae00000|
|  97|0x000000008af00000, 0x000000008b000000, 0x000000008b000000|100%| S|CS|TS  3|AC  0|TAMS 0x000000008af00000, 0x000000008af00000|
|  98|0x000000008b000000, 0x000000008b100000, 0x000000008b100000|100%| S|CS|TS  3|AC  0|TAMS 0x000000008b000000, 0x000000008b000000|
|  99|0x000000008b100000, 0x000000008b200000, 0x000000008b200000|100%| S|CS|TS  3|AC  0|TAMS 0x000000008b100000, 0x000000008b100000|
| 100|0x000000008b200000, 0x000000008b200000, 0x000000008b300000|  0%| F|  |TS  3|AC  0|TAMS 0x000000008b200000, 0x000000008b200000|
| 101|0x000000008b300000, 0x000000008b300000, 0x000000008b400000|  0%| F|  |TS  3|AC  0|TAMS 0x000000008b300000, 0x000000008b300000|
| 102|0x000000008b400000, 0x000000008b400000, 0x000000008b500000|  0%| F|  |TS  3|AC  0|TAMS 0x000000008b400000, 0x000000008b400000|
| 103|0x000000008b500000, 0x000000008b500000, 0x000000008b600000|  0%| F|  |TS  3|AC  0|TAMS 0x000000008b500000, 0x000000008b500000|
| 104|0x000000008b600000, 0x000000008b600000, 0x000000008b700000|  0%| F|  |TS  3|AC  0|TAMS 0x000000008b600000, 0x000000008b600000|
| 105|0x000000008b700000, 0x000000008b700000, 0x000000008b800000|  0%| F|  |TS  3|AC  0|TAMS 0x000000008b700000, 0x000000008b700000|
| 106|0x000000008b800000, 0x000000008b800000, 0x000000008b900000|  0%| F|  |TS  3|AC  0|TAMS 0x000000008b800000, 0x000000008b800000|
| 107|0x000000008b900000, 0x000000008b900000, 0x000000008ba00000|  0%| F|  |TS  3|AC  0|TAMS 0x000000008b900000, 0x000000008b900000|
| 108|0x000000008ba00000, 0x000000008ba00000, 0x000000008bb00000|  0%| F|  |TS  3|AC  0|TAMS 0x000000008ba00000, 0x000000008ba00000|
| 109|0x000000008bb00000, 0x000000008bb00000, 0x000000008bc00000|  0%| F|  |TS  3|AC  0|TAMS 0x000000008bb00000, 0x000000008bb00000|
| 110|0x000000008bc00000, 0x000000008bc00000, 0x000000008bd00000|  0%| F|  |TS  3|AC  0|TAMS 0x000000008bc00000, 0x000000008bc00000|
| 111|0x000000008bd00000, 0x000000008bd00000, 0x000000008be00000|  0%| F|  |TS  3|AC  0|TAMS 0x000000008bd00000, 0x000000008bd00000|
| 112|0x000000008be00000, 0x000000008be00000, 0x000000008bf00000|  0%| F|  |TS  3|AC  0|TAMS 0x000000008be00000, 0x000000008be00000|
| 113|0x000000008bf00000, 0x000000008bf00000, 0x000000008c000000|  0%| F|  |TS  3|AC  0|TAMS 0x000000008bf00000, 0x000000008bf00000|
| 114|0x000000008c000000, 0x000000008c000000, 0x000000008c100000|  0%| F|  |TS  3|AC  0|TAMS 0x000000008c000000, 0x000000008c000000|
| 115|0x000000008c100000, 0x000000008c100000, 0x000000008c200000|  0%| F|  |TS  3|AC  0|TAMS 0x000000008c100000, 0x000000008c100000|
| 116|0x000000008c200000, 0x000000008c200000, 0x000000008c300000|  0%| F|  |TS  3|AC  0|TAMS 0x000000008c200000, 0x000000008c200000|
| 117|0x000000008c300000, 0x000000008c300000, 0x000000008c400000|  0%| F|  |TS  3|AC  0|TAMS 0x000000008c300000, 0x000000008c300000|
| 118|0x000000008c400000, 0x000000008c400000, 0x000000008c500000|  0%| F|  |TS  3|AC  0|TAMS 0x000000008c400000, 0x000000008c400000|
| 119|0x000000008c500000, 0x000000008c500000, 0x000000008c600000|  0%| F|  |TS  3|AC  0|TAMS 0x000000008c500000, 0x000000008c500000|
| 120|0x000000008c600000, 0x000000008c600000, 0x000000008c700000|  0%| F|  |TS  3|AC  0|TAMS 0x000000008c600000, 0x000000008c600000|
| 121|0x000000008c700000, 0x000000008c700000, 0x000000008c800000|  0%| F|  |TS  3|AC  0|TAMS 0x000000008c700000, 0x000000008c700000|
| 122|0x000000008c800000, 0x000000008c800000, 0x000000008c900000|  0%| F|  |TS  3|AC  0|TAMS 0x000000008c800000, 0x000000008c800000|
| 123|0x000000008c900000, 0x000000008c900000, 0x000000008ca00000|  0%| F|  |TS  3|AC  0|TAMS 0x000000008c900000, 0x000000008c900000|
| 124|0x000000008ca00000, 0x000000008ca00000, 0x000000008cb00000|  0%| F|  |TS  3|AC  0|TAMS 0x000000008ca00000, 0x000000008ca00000|
| 125|0x000000008cb00000, 0x000000008cb00000, 0x000000008cc00000|  0%| F|  |TS  3|AC  0|TAMS 0x000000008cb00000, 0x000000008cb00000|
| 126|0x000000008cc00000, 0x000000008cc00000, 0x000000008cd00000|  0%| F|  |TS  3|AC  0|TAMS 0x000000008cc00000, 0x000000008cc00000|
| 127|0x000000008cd00000, 0x000000008cd00000, 0x000000008ce00000|  0%| F|  |TS  3|AC  0|TAMS 0x000000008cd00000, 0x000000008cd00000|
| 128|0x000000008ce00000, 0x000000008ce00000, 0x000000008cf00000|  0%| F|  |TS  3|AC  0|TAMS 0x000000008ce00000, 0x000000008ce00000|
| 129|0x000000008cf00000, 0x000000008cf00000, 0x000000008d000000|  0%| F|  |TS  3|AC  0|TAMS 0x000000008cf00000, 0x000000008cf00000|
| 130|0x000000008d000000, 0x000000008d000000, 0x000000008d100000|  0%| F|  |TS  3|AC  0|TAMS 0x000000008d000000, 0x000000008d000000|
| 131|0x000000008d100000, 0x000000008d100000, 0x000000008d200000|  0%| F|  |TS  3|AC  0|TAMS 0x000000008d100000, 0x000000008d100000|
| 132|0x000000008d200000, 0x000000008d200000, 0x000000008d300000|  0%| F|  |TS  3|AC  0|TAMS 0x000000008d200000, 0x000000008d200000|
| 133|0x000000008d300000, 0x000000008d300000, 0x000000008d400000|  0%| F|  |TS  3|AC  0|TAMS 0x000000008d300000, 0x000000008d300000|
| 134|0x000000008d400000, 0x000000008d400000, 0x000000008d500000|  0%| F|  |TS  3|AC  0|TAMS 0x000000008d400000, 0x000000008d400000|
| 135|0x000000008d500000, 0x000000008d500000, 0x000000008d600000|  0%| F|  |TS  3|AC  0|TAMS 0x000000008d500000, 0x000000008d500000|
| 136|0x000000008d600000, 0x000000008d600000, 0x000000008d700000|  0%| F|  |TS  3|AC  0|TAMS 0x000000008d600000, 0x000000008d600000|
| 137|0x000000008d700000, 0x000000008d700000, 0x000000008d800000|  0%| F|  |TS  3|AC  0|TAMS 0x000000008d700000, 0x000000008d700000|
| 138|0x000000008d800000, 0x000000008d800000, 0x000000008d900000|  0%| F|  |TS  3|AC  0|TAMS 0x000000008d800000, 0x000000008d800000|
| 139|0x000000008d900000, 0x000000008d900000, 0x000000008da00000|  0%| F|  |TS  3|AC  0|TAMS 0x000000008d900000, 0x000000008d900000|
| 140|0x000000008da00000, 0x000000008da00000, 0x000000008db00000|  0%| F|  |TS  3|AC  0|TAMS 0x000000008da00000, 0x000000008da00000|
| 141|0x000000008db00000, 0x000000008db00000, 0x000000008dc00000|  0%| F|  |TS  3|AC  0|TAMS 0x000000008db00000, 0x000000008db00000|
| 142|0x000000008dc00000, 0x000000008dc00000, 0x000000008dd00000|  0%| F|  |TS  3|AC  0|TAMS 0x000000008dc00000, 0x000000008dc00000|
| 143|0x000000008dd00000, 0x000000008dd00000, 0x000000008de00000|  0%| F|  |TS  3|AC  0|TAMS 0x000000008dd00000, 0x000000008dd00000|
| 144|0x000000008de00000, 0x000000008de00000, 0x000000008df00000|  0%| F|  |TS  3|AC  0|TAMS 0x000000008de00000, 0x000000008de00000|
| 145|0x000000008df00000, 0x000000008df00000, 0x000000008e000000|  0%| F|  |TS  3|AC  0|TAMS 0x000000008df00000, 0x000000008df00000|
| 146|0x000000008e000000, 0x000000008e000000, 0x000000008e100000|  0%| F|  |TS  3|AC  0|TAMS 0x000000008e000000, 0x000000008e000000|
| 147|0x000000008e100000, 0x000000008e100000, 0x000000008e200000|  0%| F|  |TS  3|AC  0|TAMS 0x000000008e100000, 0x000000008e100000|
| 148|0x000000008e200000, 0x000000008e200000, 0x000000008e300000|  0%| F|  |TS  3|AC  0|TAMS 0x000000008e200000, 0x000000008e200000|
| 149|0x000000008e300000, 0x000000008e300000, 0x000000008e400000|  0%| F|  |TS  3|AC  0|TAMS 0x000000008e300000, 0x000000008e300000|
| 150|0x000000008e400000, 0x000000008e400000, 0x000000008e500000|  0%| F|  |TS  3|AC  0|TAMS 0x000000008e400000, 0x000000008e400000|
| 151|0x000000008e500000, 0x000000008e500000, 0x000000008e600000|  0%| F|  |TS  3|AC  0|TAMS 0x000000008e500000, 0x000000008e500000|
| 152|0x000000008e600000, 0x000000008e600000, 0x000000008e700000|  0%| F|  |TS  3|AC  0|TAMS 0x000000008e600000, 0x000000008e600000|
| 153|0x000000008e700000, 0x000000008e700000, 0x000000008e800000|  0%| F|  |TS  3|AC  0|TAMS 0x000000008e700000, 0x000000008e700000|
| 154|0x000000008e800000, 0x000000008e800000, 0x000000008e900000|  0%| F|  |TS  3|AC  0|TAMS 0x000000008e800000, 0x000000008e800000|
| 155|0x000000008e900000, 0x000000008e900000, 0x000000008ea00000|  0%| F|  |TS  3|AC  0|TAMS 0x000000008e900000, 0x000000008e900000|
| 156|0x000000008ea00000, 0x000000008ea00000, 0x000000008eb00000|  0%| F|  |TS  3|AC  0|TAMS 0x000000008ea00000, 0x000000008ea00000|
| 157|0x000000008eb00000, 0x000000008eb00000, 0x000000008ec00000|  0%| F|  |TS  3|AC  0|TAMS 0x000000008eb00000, 0x000000008eb00000|
| 158|0x000000008ec00000, 0x000000008ec00000, 0x000000008ed00000|  0%| F|  |TS  3|AC  0|TAMS 0x000000008ec00000, 0x000000008ec00000|
| 159|0x000000008ed00000, 0x000000008ed00000, 0x000000008ee00000|  0%| F|  |TS  3|AC  0|TAMS 0x000000008ed00000, 0x000000008ed00000|
| 160|0x000000008ee00000, 0x000000008ee00000, 0x000000008ef00000|  0%| F|  |TS  3|AC  0|TAMS 0x000000008ee00000, 0x000000008ee00000|
| 161|0x000000008ef00000, 0x000000008ef00000, 0x000000008f000000|  0%| F|  |TS  3|AC  0|TAMS 0x000000008ef00000, 0x000000008ef00000|
| 162|0x000000008f000000, 0x000000008f000000, 0x000000008f100000|  0%| F|  |TS  3|AC  0|TAMS 0x000000008f000000, 0x000000008f000000|
| 163|0x000000008f100000, 0x000000008f100000, 0x000000008f200000|  0%| F|  |TS  3|AC  0|TAMS 0x000000008f100000, 0x000000008f100000|
| 164|0x000000008f200000, 0x000000008f200000, 0x000000008f300000|  0%| F|  |TS  3|AC  0|TAMS 0x000000008f200000, 0x000000008f200000|
| 165|0x000000008f300000, 0x000000008f300000, 0x000000008f400000|  0%| F|  |TS  3|AC  0|TAMS 0x000000008f300000, 0x000000008f300000|
| 166|0x000000008f400000, 0x000000008f400000, 0x000000008f500000|  0%| F|  |TS  3|AC  0|TAMS 0x000000008f400000, 0x000000008f400000|
| 167|0x000000008f500000, 0x000000008f500000, 0x000000008f600000|  0%| F|  |TS  3|AC  0|TAMS 0x000000008f500000, 0x000000008f500000|
| 168|0x000000008f600000, 0x000000008f600000, 0x000000008f700000|  0%| F|  |TS  3|AC  0|TAMS 0x000000008f600000, 0x000000008f600000|
| 169|0x000000008f700000, 0x000000008f700000, 0x000000008f800000|  0%| F|  |TS  3|AC  0|TAMS 0x000000008f700000, 0x000000008f700000|
| 170|0x000000008f800000, 0x000000008f800000, 0x000000008f900000|  0%| F|  |TS  3|AC  0|TAMS 0x000000008f800000, 0x000000008f800000|
| 171|0x000000008f900000, 0x000000008f900000, 0x000000008fa00000|  0%| F|  |TS  3|AC  0|TAMS 0x000000008f900000, 0x000000008f900000|
| 172|0x000000008fa00000, 0x000000008fa00000, 0x000000008fb00000|  0%| F|  |TS  3|AC  0|TAMS 0x000000008fa00000, 0x000000008fa00000|
| 173|0x000000008fb00000, 0x000000008fb46708, 0x000000008fc00000| 27%| E|  |TS  3|AC  0|TAMS 0x000000008fb00000, 0x000000008fb00000|
| 174|0x000000008fc00000, 0x000000008fd00000, 0x000000008fd00000|100%| E|CS|TS  3|AC  0|TAMS 0x000000008fc00000, 0x000000008fc00000|
| 175|0x000000008fd00000, 0x000000008fe00000, 0x000000008fe00000|100%| E|CS|TS  3|AC  0|TAMS 0x000000008fd00000, 0x000000008fd00000|
| 176|0x000000008fe00000, 0x000000008ff00000, 0x000000008ff00000|100%| E|CS|TS  3|AC  0|TAMS 0x000000008fe00000, 0x000000008fe00000|
| 177|0x000000008ff00000, 0x0000000090000000, 0x0000000090000000|100%| E|CS|TS  3|AC  0|TAMS 0x000000008ff00000, 0x000000008ff00000|
| 178|0x0000000090000000, 0x0000000090100000, 0x0000000090100000|100%| E|CS|TS  3|AC  0|TAMS 0x0000000090000000, 0x0000000090000000|

Card table byte_map: [0x0000016756500000,0x00000167568e0000] byte_map_base: 0x00000167560d9000

Marking Bits (Prev, Next): (CMBitMap*) 0x000001673fa05390, (CMBitMap*) 0x000001673fa053c8
 Prev Bits: [0x0000016756cc0000, 0x0000016758b88000)
 Next Bits: [0x0000016758b90000, 0x000001675aa58000)

Polling page: 0x000001673b3d0000

CodeHeap 'non-profiled nmethods': size=120064Kb used=3265Kb max_used=3265Kb free=116798Kb
 bounds [0x000001674ebe0000, 0x000001674ef20000, 0x0000016756120000]
CodeHeap 'profiled nmethods': size=120000Kb used=12295Kb max_used=12295Kb free=107704Kb
 bounds [0x00000167476b0000, 0x00000167482c0000, 0x000001674ebe0000]
CodeHeap 'non-nmethods': size=5696Kb used=1178Kb max_used=1287Kb free=4517Kb
 bounds [0x0000016747120000, 0x0000016747390000, 0x00000167476b0000]
 total_blobs=7171 nmethods=5093 adapters=439
 compilation: enabled

Compilation events (10 events):
Event: 59.901 Thread 0x000001675cf7e000 5440       3       org.springframework.beans.PropertyEditorRegistrySupport::useConfigValueEditors (6 bytes)
Event: 59.901 Thread 0x000001675cf7e000 nmethod 5440 0x00000167482ab490 code [0x00000167482ab640, 0x00000167482ab798]
Event: 59.901 Thread 0x000001675cf7e000 5441       3       org.springframework.beans.support.ResourceEditorRegistrar::registerCustomEditors (213 bytes)
Event: 59.903 Thread 0x000001675cf7b800 nmethod 5436 0x000001674ef0ca90 code [0x000001674ef0cc80, 0x000001674ef0d4c8]
Event: 59.903 Thread 0x000001675cf7b800 5437   !   4       java.util.concurrent.ConcurrentHashMap::putVal (433 bytes)
Event: 59.908 Thread 0x000001675cf7e000 nmethod 5441 0x00000167482ab810 code [0x00000167482ac1c0, 0x00000167482b4540]
Event: 59.922 Thread 0x000001675cf7e000 5442       3       org.springframework.boot.web.servlet.context.WebApplicationContextServletContextAwareProcessor::getServletConfig (23 bytes)
Event: 59.922 Thread 0x000001675cf7e000 nmethod 5442 0x00000167482b6290 code [0x00000167482b6460, 0x00000167482b66f0]
Event: 59.957 Thread 0x000001675cf7b800 nmethod 5437 0x000001674ef0d910 code [0x000001674ef0db60, 0x000001674ef0f770]
Event: 59.957 Thread 0x000001675cf7b800 5443   !   4       org.springframework.core.annotation.AnnotatedElementUtils::searchWithFindSemantics (773 bytes)

GC Heap History (10 events):
Event: 5.238 GC heap before
{Heap before GC invocations=6 (full 0):
 garbage-first heap   total 152576K, used 84990K [0x0000000084e00000, 0x0000000100000000)
  region size 1024K, 78 young (79872K), 6 survivors (6144K)
 Metaspace       used 33607K, capacity 34468K, committed 34816K, reserved 1079296K
  class space    used 3969K, capacity 4317K, committed 4352K, reserved 1048576K
}
Event: 5.252 GC heap after
{Heap after GC invocations=7 (full 0):
 garbage-first heap   total 152576K, used 15342K [0x0000000084e00000, 0x0000000100000000)
  region size 1024K, 8 young (8192K), 8 survivors (8192K)
 Metaspace       used 33607K, capacity 34468K, committed 34816K, reserved 1079296K
  class space    used 3969K, capacity 4317K, committed 4352K, reserved 1048576K
}
Event: 5.906 GC heap before
{Heap before GC invocations=7 (full 0):
 garbage-first heap   total 152576K, used 22510K [0x0000000084e00000, 0x0000000100000000)
  region size 1024K, 16 young (16384K), 8 survivors (8192K)
 Metaspace       used 34880K, capacity 35710K, committed 35920K, reserved 1081344K
  class space    used 4118K, capacity 4456K, committed 4480K, reserved 1048576K
}
Event: 5.920 GC heap after
{Heap after GC invocations=8 (full 0):
 garbage-first heap   total 152576K, used 16859K [0x0000000084e00000, 0x0000000100000000)
  region size 1024K, 6 young (6144K), 6 survivors (6144K)
 Metaspace       used 34880K, capacity 35710K, committed 35920K, reserved 1081344K
  class space    used 4118K, capacity 4456K, committed 4480K, reserved 1048576K
}
Event: 7.129 GC heap before
{Heap before GC invocations=9 (full 0):
 garbage-first heap   total 152576K, used 80347K [0x0000000084e00000, 0x0000000100000000)
  region size 1024K, 68 young (69632K), 6 survivors (6144K)
 Metaspace       used 39446K, capacity 40381K, committed 40576K, reserved 1085440K
  class space    used 4594K, capacity 4986K, committed 4992K, reserved 1048576K
}
Event: 7.143 GC heap after
{Heap after GC invocations=10 (full 0):
 garbage-first heap   total 152576K, used 23206K [0x0000000084e00000, 0x0000000100000000)
  region size 1024K, 8 young (8192K), 8 survivors (8192K)
 Metaspace       used 39446K, capacity 40381K, committed 40576K, reserved 1085440K
  class space    used 4594K, capacity 4986K, committed 4992K, reserved 1048576K
}
Event: 8.392 GC heap before
{Heap before GC invocations=10 (full 0):
 garbage-first heap   total 152576K, used 88742K [0x0000000084e00000, 0x0000000100000000)
  region size 1024K, 72 young (73728K), 8 survivors (8192K)
 Metaspace       used 42498K, capacity 43544K, committed 43904K, reserved 1087488K
  class space    used 4960K, capacity 5400K, committed 5504K, reserved 1048576K
}
Event: 8.408 GC heap after
{Heap after GC invocations=11 (full 0):
 garbage-first heap   total 183296K, used 27974K [0x0000000084e00000, 0x0000000100000000)
  region size 1024K, 5 young (5120K), 5 survivors (5120K)
 Metaspace       used 42498K, capacity 43544K, committed 43904K, reserved 1087488K
  class space    used 4960K, capacity 5400K, committed 5504K, reserved 1048576K
}
Event: 59.730 GC heap before
{Heap before GC invocations=11 (full 0):
 garbage-first heap   total 183296K, used 108870K [0x0000000084e00000, 0x0000000100000000)
  region size 1024K, 84 young (86016K), 5 survivors (5120K)
 Metaspace       used 46377K, capacity 47441K, committed 47616K, reserved 1091584K
  class space    used 5454K, capacity 5884K, committed 5888K, reserved 1048576K
}
Event: 59.744 GC heap after
{Heap after GC invocations=12 (full 0):
 garbage-first heap   total 183296K, used 31176K [0x0000000084e00000, 0x0000000100000000)
  region size 1024K, 8 young (8192K), 8 survivors (8192K)
 Metaspace       used 46377K, capacity 47441K, committed 47616K, reserved 1091584K
  class space    used 5454K, capacity 5884K, committed 5888K, reserved 1048576K
}

Deoptimization events (10 events):
Event: 10.190 Thread 0x000001675dfa9000 Uncommon trap: reason=unstable_if action=reinterpret pc=0x000001674ee96c78 method=org.springframework.core.annotation.AnnotatedElementUtils.searchWithFindSemantics(Ljava/lang/reflect/AnnotatedElement;Ljava/lang/Class;Ljava/lang/String;Ljava/lang/Class;Lor
Event: 10.298 Thread 0x000001675dfa9000 Uncommon trap: reason=unstable_if action=reinterpret pc=0x000001674ed3faf4 method=org.springframework.util.ConcurrentReferenceHashMap$Segment.clear()V @ 4 c2
Event: 10.342 Thread 0x000001675dfa9000 Uncommon trap: reason=class_check action=maybe_recompile pc=0x000001674edf0370 method=java.util.TreeMap.put(Ljava/lang/Object;Ljava/lang/Object;)Ljava/lang/Object; @ 127 c2
Event: 10.372 Thread 0x000001675dfa9000 Uncommon trap: reason=bimorphic_or_optimized_type_check action=maybe_recompile pc=0x000001674ee1b0c4 method=java.util.Hashtable.get(Ljava/lang/Object;)Ljava/lang/Object; @ 6 c2
Event: 10.372 Thread 0x000001675dfa9000 Uncommon trap: reason=bimorphic_or_optimized_type_check action=maybe_recompile pc=0x000001674ee1b0c4 method=java.util.Hashtable.get(Ljava/lang/Object;)Ljava/lang/Object; @ 6 c2
Event: 10.385 Thread 0x000001675dfa9000 Uncommon trap: reason=speculate_null_assert action=make_not_entrant pc=0x000001674eca1ffc method=org.springframework.util.ConcurrentReferenceHashMap$Segment.restructureIfNecessary(Z)V @ 33 c2
Event: 10.400 Thread 0x000001675dfa9000 Uncommon trap: reason=unstable_if action=reinterpret pc=0x000001674ebf29c0 method=java.lang.String.indexOf(II)I @ 4 c2
Event: 13.824 Thread 0x000001675f251000 Uncommon trap: reason=unstable_if action=reinterpret pc=0x000001674eef054c method=java.lang.String$CaseInsensitiveComparator.compare(Ljava/lang/String;Ljava/lang/String;)I @ 26 c2
Event: 16.915 Thread 0x0000016762070000 Uncommon trap: reason=speculate_null_assert action=make_not_entrant pc=0x000001674ed9deb4 method=java.lang.invoke.MethodType$ConcurrentWeakInternSet.add(Ljava/lang/Object;)Ljava/lang/Object; @ 47 c2
Event: 59.995 Thread 0x00000167626a2800 Uncommon trap: reason=class_check action=maybe_recompile pc=0x000001674edf0370 method=java.util.TreeMap.put(Ljava/lang/Object;Ljava/lang/Object;)Ljava/lang/Object; @ 127 c2

Classes redefined (0 events):
No events

Internal exceptions (10 events):
Event: 59.856 Thread 0x00000167626a2800 Exception <a 'java/lang/ClassNotFoundException'{0x000000008fd1e1c8}: org/springframework/web/servlet/theme/AbstractThemeResolverCustomizer> (0x000000008fd1e1c8) thrown at [t:/workspace/open/src/hotspot/share/classfile/systemDictionary.cpp, line 233]
Event: 59.861 Thread 0x00000167626a2800 Exception <a 'java/lang/ClassNotFoundException'{0x000000008fd2c250}: org/springframework/web/servlet/theme/FixedThemeResolverCustomizer> (0x000000008fd2c250) thrown at [t:/workspace/open/src/hotspot/share/classfile/systemDictionary.cpp, line 233]
Event: 59.867 Thread 0x00000167626a2800 Exception <a 'java/lang/ClassNotFoundException'{0x000000008fd39e28}: org/springframework/web/servlet/ThemeResolverCustomizer> (0x000000008fd39e28) thrown at [t:/workspace/open/src/hotspot/share/classfile/systemDictionary.cpp, line 233]
Event: 59.880 Thread 0x00000167626a2800 Exception <a 'java/lang/ClassNotFoundException'{0x000000008fd5b1a0}: java/lang/ObjectCustomizer> (0x000000008fd5b1a0) thrown at [t:/workspace/open/src/hotspot/share/classfile/systemDictionary.cpp, line 233]
Event: 59.888 Thread 0x00000167626a2800 Exception <a 'java/lang/ClassNotFoundException'{0x000000008fd6ab18}: org/springframework/web/servlet/view/DefaultRequestToViewNameTranslatorCustomizer> (0x000000008fd6ab18) thrown at [t:/workspace/open/src/hotspot/share/classfile/systemDictionary.cpp, lin
Event: 59.894 Thread 0x00000167626a2800 Exception <a 'java/lang/ClassNotFoundException'{0x000000008fd86688}: org/springframework/web/servlet/RequestToViewNameTranslatorCustomizer> (0x000000008fd86688) thrown at [t:/workspace/open/src/hotspot/share/classfile/systemDictionary.cpp, line 233]
Event: 59.904 Thread 0x00000167626a2800 Exception <a 'java/lang/ClassNotFoundException'{0x000000008fdb91f0}: java/lang/ObjectCustomizer> (0x000000008fdb91f0) thrown at [t:/workspace/open/src/hotspot/share/classfile/systemDictionary.cpp, line 233]
Event: 59.912 Thread 0x00000167626a2800 Exception <a 'java/lang/ClassNotFoundException'{0x000000008fdc81d8}: org/springframework/web/servlet/support/AbstractFlashMapManagerCustomizer> (0x000000008fdc81d8) thrown at [t:/workspace/open/src/hotspot/share/classfile/systemDictionary.cpp, line 233]
Event: 59.916 Thread 0x00000167626a2800 Exception <a 'java/lang/ClassNotFoundException'{0x000000008fdd8e40}: org/springframework/web/servlet/support/SessionFlashMapManagerCustomizer> (0x000000008fdd8e40) thrown at [t:/workspace/open/src/hotspot/share/classfile/systemDictionary.cpp, line 233]
Event: 59.922 Thread 0x00000167626a2800 Exception <a 'java/lang/ClassNotFoundException'{0x000000008fde62f0}: org/springframework/web/servlet/FlashMapManagerCustomizer> (0x000000008fde62f0) thrown at [t:/workspace/open/src/hotspot/share/classfile/systemDictionary.cpp, line 233]

Events (10 events):
Event: 60.011 loading class org/springframework/util/ReflectionUtils$MethodFilter
Event: 60.011 loading class org/springframework/util/ReflectionUtils$MethodFilter done
Event: 60.011 loading class org/springframework/web/bind/annotation/InitBinder
Event: 60.011 loading class org/springframework/web/bind/annotation/InitBinder done
Event: 60.012 loading class org/springframework/web/method/ControllerAdviceBean
Event: 60.012 loading class org/springframework/web/method/ControllerAdviceBean done
Event: 60.012 loading class org/springframework/web/servlet/mvc/method/annotation/RequestMappingHandlerAdapter
Event: 60.012 loading class org/springframework/web/servlet/mvc/method/annotation/RequestMappingHandlerAdapter done
Event: 60.012 loading class org/springframework/web/bind/support/WebRequestDataBinder
Event: 60.012 loading class org/springframework/web/bind/support/WebRequestDataBinder done


Dynamic libraries:
0x00007ff688df0000 - 0x00007ff688e2e000 	D:\Program Files\JAVA1\bin\javaw.exe
0x00007ffb56d00000 - 0x00007ffb56ee0000 	C:\windows\SYSTEM32\ntdll.dll
0x00007ffb54bc0000 - 0x00007ffb54c6e000 	C:\windows\System32\KERNEL32.DLL
0x00007ffb53ee0000 - 0x00007ffb54146000 	C:\windows\System32\KERNELBASE.dll
0x00007ffb54510000 - 0x00007ffb545b1000 	C:\windows\System32\ADVAPI32.dll
0x00007ffb55350000 - 0x00007ffb553ed000 	C:\windows\System32\msvcrt.dll
0x00007ffb548d0000 - 0x00007ffb5492b000 	C:\windows\System32\sechost.dll
0x00007ffb54630000 - 0x00007ffb5474f000 	C:\windows\System32\RPCRT4.dll
0x00007ffb56ab0000 - 0x00007ffb56c3f000 	C:\windows\System32\USER32.dll
0x00007ffb536c0000 - 0x00007ffb536e0000 	C:\windows\System32\win32u.dll
0x00007ffb56c40000 - 0x00007ffb56c68000 	C:\windows\System32\GDI32.dll
0x00007ffb53300000 - 0x00007ffb53493000 	C:\windows\System32\gdi32full.dll
0x00007ffb53260000 - 0x00007ffb532fb000 	C:\windows\System32\msvcp_win.dll
0x00007ffb53100000 - 0x00007ffb531f4000 	C:\windows\System32\ucrtbase.dll
0x00007ffb43380000 - 0x00007ffb435e9000 	C:\windows\WinSxS\amd64_microsoft.windows.common-controls_6595b64144ccf1df_6.0.16299.1087_none_0f9074b65a6589b7\COMCTL32.dll
0x00007ffb54200000 - 0x00007ffb54506000 	C:\windows\System32\combase.dll
0x00007ffb43600000 - 0x00007ffb4360a000 	C:\windows\SYSTEM32\VERSION.dll
0x00007ffb54150000 - 0x00007ffb541c2000 	C:\windows\System32\bcryptPrimitives.dll
0x00007ffb541d0000 - 0x00007ffb541fd000 	C:\windows\System32\IMM32.DLL
0x00007ffb44860000 - 0x00007ffb4494f000 	D:\Program Files\JAVA1\bin\msvcr120.dll
0x00007ffb3b470000 - 0x00007ffb3b516000 	D:\Program Files\JAVA1\bin\msvcp120.dll
0x000000005c5c0000 - 0x000000005d030000 	D:\Program Files\JAVA1\bin\server\jvm.dll
0x00007ffb54bb0000 - 0x00007ffb54bb8000 	C:\windows\System32\PSAPI.DLL
0x00007ffb4f1a0000 - 0x00007ffb4f1c3000 	C:\windows\SYSTEM32\WINMM.dll
0x00007ffb42af0000 - 0x00007ffb42af9000 	C:\windows\SYSTEM32\WSOCK32.dll
0x00007ffb545c0000 - 0x00007ffb5462c000 	C:\windows\System32\WS2_32.dll
0x00007ffb4f140000 - 0x00007ffb4f16a000 	C:\windows\SYSTEM32\winmmbase.dll
0x00007ffb53670000 - 0x00007ffb536ba000 	C:\windows\System32\cfgmgr32.dll
0x00007ffb4f250000 - 0x00007ffb4f25f000 	D:\Program Files\JAVA1\bin\verify.dll
0x00007ffb42ba0000 - 0x00007ffb42d68000 	C:\windows\SYSTEM32\DBGHELP.DLL
0x00007ffb42b70000 - 0x00007ffb42b99000 	C:\windows\SYSTEM32\dbgcore.DLL
0x00007ffb44a70000 - 0x00007ffb44a97000 	D:\Program Files\JAVA1\bin\java.dll
0x00007ffb4d690000 - 0x00007ffb4d6a6000 	D:\Program Files\JAVA1\bin\zip.dll
0x00007ffb4ea80000 - 0x00007ffb4ea8a000 	D:\Program Files\JAVA1\bin\jimage.dll
0x00007ffb55670000 - 0x00007ffb56aa8000 	C:\windows\System32\SHELL32.dll
0x00007ffb547c0000 - 0x00007ffb54866000 	C:\windows\System32\shcore.dll
0x00007ffb53790000 - 0x00007ffb53ed7000 	C:\windows\System32\windows.storage.dll
0x00007ffb54870000 - 0x00007ffb548c1000 	C:\windows\System32\shlwapi.dll
0x00007ffb530e0000 - 0x00007ffb530f1000 	C:\windows\System32\kernel.appcore.dll
0x00007ffb53050000 - 0x00007ffb5309c000 	C:\windows\System32\powrprof.dll
0x00007ffb530a0000 - 0x00007ffb530bb000 	C:\windows\System32\profapi.dll
0x00007ffb4d5f0000 - 0x00007ffb4d60a000 	D:\Program Files\JAVA1\bin\net.dll
0x00007ffb489a0000 - 0x00007ffb48a7e000 	C:\windows\SYSTEM32\WINHTTP.dll
0x00007ffb528b0000 - 0x00007ffb52916000 	C:\windows\system32\mswsock.dll
0x00007ffb4a0d0000 - 0x00007ffb4a0e1000 	D:\Program Files\JAVA1\bin\nio.dll
0x00007ffb4d950000 - 0x00007ffb4d959000 	D:\Program Files\JAVA1\bin\management.dll
0x00007ffb47c70000 - 0x00007ffb47c7a000 	D:\Program Files\JAVA1\bin\management_ext.dll
0x00007ffb42e20000 - 0x00007ffb42e36000 	C:\windows\system32\napinsp.dll
0x00007ffb42e00000 - 0x00007ffb42e1a000 	C:\windows\system32\pnrpnsp.dll
0x00007ffb4f5b0000 - 0x00007ffb4f5c8000 	C:\windows\system32\NLAapi.dll
0x00007ffb52680000 - 0x00007ffb52736000 	C:\windows\SYSTEM32\DNSAPI.dll
0x00007ffb55660000 - 0x00007ffb55668000 	C:\windows\System32\NSI.dll
0x00007ffb52640000 - 0x00007ffb52679000 	C:\windows\SYSTEM32\IPHLPAPI.DLL
0x00007ffb42df0000 - 0x00007ffb42dfe000 	C:\windows\System32\winrnr.dll
0x00007ffb4cc50000 - 0x00007ffb4cc65000 	C:\windows\System32\wshbth.dll
0x00007ffb47da0000 - 0x00007ffb47daa000 	C:\Windows\System32\rasadhlp.dll
0x00007ffb48020000 - 0x00007ffb48090000 	C:\windows\System32\fwpuclnt.dll
0x00007ffb52b80000 - 0x00007ffb52ba5000 	C:\windows\SYSTEM32\bcrypt.dll
0x00007ffb52a70000 - 0x00007ffb52a87000 	C:\windows\SYSTEM32\CRYPTSP.dll
0x00007ffb524b0000 - 0x00007ffb524e3000 	C:\windows\system32\rsaenh.dll
0x00007ffb52f80000 - 0x00007ffb52fa9000 	C:\windows\SYSTEM32\USERENV.dll
0x00007ffb52a90000 - 0x00007ffb52a9b000 	C:\windows\SYSTEM32\CRYPTBASE.dll
0x00007ffb4cac0000 - 0x00007ffb4cad6000 	C:\windows\SYSTEM32\dhcpcsvc6.DLL
0x00007ffb4c9e0000 - 0x00007ffb4c9fa000 	C:\windows\SYSTEM32\dhcpcsvc.DLL

dbghelp: loaded successfully - version: 4.0.5 - missing functions: none
symbol engine: initialized successfully - sym options: 0x614 - pdb path: .;D:\Program Files\JAVA1\bin;C:\windows\SYSTEM32;C:\windows\WinSxS\amd64_microsoft.windows.common-controls_6595b64144ccf1df_6.0.16299.1087_none_0f9074b65a6589b7;D:\Program Files\JAVA1\bin\server

VM Arguments:
jvm_args: -Dfile.encoding=UTF-8 
java_command: com.java.App
java_class_path (initial): C:\Users\Administrator\git\yaojiusong111\spring-boot-mybatis\target\classes;D:\Apache\maven-repository\org\springframework\boot\spring-boot-starter-web\2.0.5.RELEASE\spring-boot-starter-web-2.0.5.RELEASE.jar;D:\Apache\maven-repository\org\springframework\boot\spring-boot-starter\2.0.5.RELEASE\spring-boot-starter-2.0.5.RELEASE.jar;D:\Apache\maven-repository\org\springframework\boot\spring-boot-starter-logging\2.0.5.RELEASE\spring-boot-starter-logging-2.0.5.RELEASE.jar;D:\Apache\maven-repository\ch\qos\logback\logback-classic\1.2.3\logback-classic-1.2.3.jar;D:\Apache\maven-repository\ch\qos\logback\logback-core\1.2.3\logback-core-1.2.3.jar;D:\Apache\maven-repository\org\apache\logging\log4j\log4j-to-slf4j\2.10.0\log4j-to-slf4j-2.10.0.jar;D:\Apache\maven-repository\org\apache\logging\log4j\log4j-api\2.10.0\log4j-api-2.10.0.jar;D:\Apache\maven-repository\org\slf4j\jul-to-slf4j\1.7.25\jul-to-slf4j-1.7.25.jar;D:\Apache\maven-repository\javax\annotation\javax.annotation-api\1.3.2\javax.annotation-api-1.3.2.jar;D:\Apache\maven-repository\org\yaml\snakeyaml\1.19\snakeyaml-1.19.jar;D:\Apache\maven-repository\org\springframework\boot\spring-boot-starter-json\2.0.5.RELEASE\spring-boot-starter-json-2.0.5.RELEASE.jar;D:\Apache\maven-repository\com\fasterxml\jackson\core\jackson-databind\2.9.6\jackson-databind-2.9.6.jar;D:\Apache\maven-repository\com\fasterxml\jackson\core\jackson-annotations\2.9.0\jackson-annotations-2.9.0.jar;D:\Apache\maven-repository\com\fasterxml\jackson\core\jackson-core\2.9.6\jackson-core-2.9.6.jar;D:\Apache\maven-repository\com\fasterxml\jackson\datatype\jackson-datatype-jdk8\2.9.6\jackson-datatype-jdk8-2.9.6.jar;D:\Apache\maven-repository\com\fasterxml\jackson\datatype\jackson-datatype-jsr310\2.9.6\jackson-datatype-jsr310-2.9.6.jar;D:\Apache\maven-repository\com\fasterxml\jackson\module\jackson-module-parameter-names\2.9.6\jackson-module-parameter-names-2.9.6.jar;D:\Apache\maven-repository\org\springframework\boot\spring-boot-
Launcher Type: SUN_STANDARD

Logging:
Log output configuration:
#0: stdout all=warning uptime,level,tags
#1: stderr all=off uptime,level,tags

Environment Variables:
JAVA_HOME=C:\Program Files\Java\jdk1.8.0_191
PATH=D:/jdk1.8/bin/server;D:/jdk1.8/bin;D:/jdk1.8/lib/amd64;D:\app\Administrator\product\11.2.0\dbhome_1\bin;C:\windows\system32;C:\windows;C:\windows\system32\wbem;D:\Apache\apache-maven-3.6.1\bin\;E:\Git\bin;C:\Users\Administrator\AppData\Local\Microsoft\WindowsApps;"C:\Program Files\Java\jdk1.8.0_191\bin;C:\Program Files\Java\jdk1.8.0_191\jre\bin;";;D:\eclipse-jee-photon-R-win32-x86_64\eclipse;
USERNAME=Administrator
OS=Windows_NT
PROCESSOR_IDENTIFIER=Intel64 Family 6 Model 61 Stepping 4, GenuineIntel



---------------  S Y S T E M  ---------------

OS: Windows 10 , 64 bit Build 16299 (10.0.16299.1087)

CPU:total 4 (initial active 4) (2 cores per cpu, 2 threads per core) family 6 model 61 stepping 4, cmov, cx8, fxsr, mmx, sse, sse2, sse3, ssse3, sse4.1, sse4.2, popcnt, avx, avx2, aes, clmul, erms, rtm, 3dnowpref, lzcnt, ht, tsc, tscinvbit, bmi1, bmi2, adx, fma

Memory: 4k page, physical 8061168k(2403544k free), swap 8061168k(5328k free)

vm_info: Java HotSpot(TM) 64-Bit Server VM (10.0.1+10) for windows-amd64 JRE (10.0.1+10), built on Mar 27 2018 02:27:48 by "mach5one" with MS VC++ 12.0 (VS2013)

END.
