#
# There is insufficient memory for the Java Runtime Environment to continue.
# Native memory allocation (malloc) failed to allocate 32744 bytes for ChunkPool::allocate
# Possible reasons:
#   The system is out of physical RAM or swap space
#   The process is running with CompressedOops enabled, and the Java Heap may be blocking the growth of the native heap
# Possible solutions:
#   Reduce memory load on the system
#   Increase physical memory or swap space
#   Check if swap backing store is full
#   Decrease Java heap size (-Xmx/-Xms)
#   Decrease number of Java threads
#   Decrease Java thread stack sizes (-Xss)
#   Set larger code cache with -XX:ReservedCodeCacheSize=
#   JVM is running with Unscaled Compressed Oops mode in which the Java heap is
#     placed in the first 4GB address space. The Java Heap base address is the
#     maximum limit for the native heap growth. Please use -XX:HeapBaseMinAddress
#     to set the Java Heap base and to place the Java Heap above 4GB virtual address.
# This output file may be truncated or incomplete.
#
#  Out of Memory Error (t:/workspace/open/src/hotspot/share/memory/arena.cpp:82), pid=940, tid=5312
#
# JRE version: Java(TM) SE Runtime Environment (10.0.1+10) (build 10.0.1+10)
# Java VM: Java HotSpot(TM) 64-Bit Server VM (10.0.1+10, mixed mode, tiered, compressed oops, g1 gc, windows-amd64)
# No core dump will be written. Minidumps are not enabled by default on client versions of Windows
#

---------------  S U M M A R Y ------------

Command Line: -Dfile.encoding=UTF-8 com.java.App

Host: Intel(R) Core(TM) i7-5600U CPU @ 2.60GHz, 4 cores, 7G,  Windows 10 , 64 bit Build 16299 (10.0.16299.1087)
Time: Mon May 27 11:01:37 2019 ?D1¨²¡À¨º¡Á?¨º¡À?? elapsed time: 32 seconds (0d 0h 0m 32s)

---------------  T H R E A D  ---------------

Current thread (0x0000013cac6fb800):  JavaThread "C2 CompilerThread1" daemon [_thread_in_native, id=5312, stack(0x0000001216900000,0x0000001216a00000)]


Current CompileTask:
C2:  32819 5635       4       java.lang.reflect.AccessibleObject::checkAccess (40 bytes)

Stack: [0x0000001216900000,0x0000001216a00000]
Native frames: (J=compiled Java code, j=interpreted, Vv=VM code, C=native code)
V  [jvm.dll+0x5a0369]
V  [jvm.dll+0x6bcf81]
V  [jvm.dll+0x6be176]
V  [jvm.dll+0x6be803]
V  [jvm.dll+0x234998]
V  [jvm.dll+0xbbb7b]
V  [jvm.dll+0xbb97a]
V  [jvm.dll+0xbbe2c]
V  [jvm.dll+0x3516e6]
V  [jvm.dll+0x350f61]
V  [jvm.dll+0x350fa4]
V  [jvm.dll+0x4a810e]
V  [jvm.dll+0x4a8849]
V  [jvm.dll+0x18f0b1]
V  [jvm.dll+0x1ffeed]
V  [jvm.dll+0x1ff066]
V  [jvm.dll+0x17ca6b]
V  [jvm.dll+0x20c81d]
V  [jvm.dll+0x20b5e6]
V  [jvm.dll+0x68bb6f]
V  [jvm.dll+0x59f680]
C  [msvcr120.dll+0x24f7f]
C  [msvcr120.dll+0x25126]
C  [KERNEL32.DLL+0x137e4]
C  [ntdll.dll+0x6cb81]


---------------  P R O C E S S  ---------------

Threads class SMR info:
_java_thread_list=0x0000013caf765f90, length=36, elements={
0x0000013cac6c2000, 0x0000013cac6d4000, 0x0000013cacf52800, 0x0000013cac6ee000,
0x0000013cac6f0800, 0x0000013cac6fb800, 0x0000013cac700800, 0x0000013cac70e000,
0x0000013cad0d6800, 0x0000013cad0db800, 0x0000013cae524000, 0x0000013cae525000,
0x0000013cae522000, 0x0000013caf980800, 0x0000013caf97a000, 0x0000013caf97b800,
0x0000013caf97f800, 0x0000013caf97b000, 0x0000013caf97c800, 0x0000013caf97d000,
0x0000013caf979800, 0x0000013caf97e000, 0x0000013caf981000, 0x0000013caf982800,
0x0000013caf982000, 0x0000013caf985000, 0x0000013caf984800, 0x0000013caf983800,
0x0000013caf986000, 0x0000013caf97f000, 0x0000013caf986800, 0x0000013caf987800,
0x0000013caf988000, 0x0000013cae522800, 0x0000013cae523800, 0x0000013caf710000
}

Java Threads: ( => current thread )
  0x0000013cac6c2000 JavaThread "Reference Handler" daemon [_thread_blocked, id=8952, stack(0x0000001216300000,0x0000001216400000)]
  0x0000013cac6d4000 JavaThread "Finalizer" daemon [_thread_blocked, id=5756, stack(0x0000001216400000,0x0000001216500000)]
  0x0000013cacf52800 JavaThread "Signal Dispatcher" daemon [_thread_blocked, id=9728, stack(0x0000001216600000,0x0000001216700000)]
  0x0000013cac6ee000 JavaThread "Attach Listener" daemon [_thread_blocked, id=10712, stack(0x0000001216700000,0x0000001216800000)]
  0x0000013cac6f0800 JavaThread "C2 CompilerThread0" daemon [_thread_in_native, id=924, stack(0x0000001216800000,0x0000001216900000)]
=>0x0000013cac6fb800 JavaThread "C2 CompilerThread1" daemon [_thread_in_native, id=5312, stack(0x0000001216900000,0x0000001216a00000)]
  0x0000013cac700800 JavaThread "C1 CompilerThread2" daemon [_thread_in_native, id=5024, stack(0x0000001216a00000,0x0000001216b00000)]
  0x0000013cac70e000 JavaThread "Sweeper thread" daemon [_thread_blocked, id=9832, stack(0x0000001216b00000,0x0000001216c00000)]
  0x0000013cad0d6800 JavaThread "Service Thread" daemon [_thread_blocked, id=9104, stack(0x0000001216c00000,0x0000001216d00000)]
  0x0000013cad0db800 JavaThread "Common-Cleaner" daemon [_thread_blocked, id=888, stack(0x0000001216d00000,0x0000001216e00000)]
  0x0000013cae524000 JavaThread "ContainerBackgroundProcessor[StandardEngine[Tomcat]]" daemon [_thread_blocked, id=3168, stack(0x0000001217500000,0x0000001217600000)]
  0x0000013cae525000 JavaThread "container-0" [_thread_blocked, id=936, stack(0x0000001217600000,0x0000001217700000)]
  0x0000013cae522000 JavaThread "__DEFAULT__" daemon [_thread_blocked, id=3376, stack(0x0000001217700000,0x0000001217800000)]
  0x0000013caf980800 JavaThread "users.data" [_thread_blocked, id=4000, stack(0x0000001217800000,0x0000001217900000)]
  0x0000013caf97a000 JavaThread "Statistics Thread-__DEFAULT__-1" daemon [_thread_blocked, id=10084, stack(0x0000001217900000,0x0000001217a00000)]
  0x0000013caf97b800 JavaThread "File Watcher" daemon [_thread_blocked, id=7924, stack(0x0000001217b00000,0x0000001217c00000)]
  0x0000013caf97f800 JavaThread "Live Reload Server" daemon [_thread_in_native, id=11060, stack(0x0000001217d00000,0x0000001217e00000)]
  0x0000013caf97b000 JavaThread "NioBlockingSelector.BlockPoller-1" daemon [_thread_in_native, id=10532, stack(0x0000001217e00000,0x0000001217f00000)]
  0x0000013caf97c800 JavaThread "http-nio-8080-exec-1" daemon [_thread_blocked, id=3784, stack(0x0000001217f00000,0x0000001218000000)]
  0x0000013caf97d000 JavaThread "http-nio-8080-exec-2" daemon [_thread_in_native, id=9760, stack(0x0000001218000000,0x0000001218100000)]
  0x0000013caf979800 JavaThread "http-nio-8080-exec-3" daemon [_thread_blocked, id=11016, stack(0x0000001218100000,0x0000001218200000)]
  0x0000013caf97e000 JavaThread "http-nio-8080-exec-4" daemon [_thread_blocked, id=6024, stack(0x0000001218200000,0x0000001218300000)]
  0x0000013caf981000 JavaThread "http-nio-8080-exec-5" daemon [_thread_blocked, id=9276, stack(0x0000001218300000,0x0000001218400000)]
  0x0000013caf982800 JavaThread "http-nio-8080-exec-6" daemon [_thread_blocked, id=3632, stack(0x0000001218400000,0x0000001218500000)]
  0x0000013caf982000 JavaThread "http-nio-8080-exec-7" daemon [_thread_blocked, id=376, stack(0x0000001218500000,0x0000001218600000)]
  0x0000013caf985000 JavaThread "http-nio-8080-exec-8" daemon [_thread_blocked, id=5104, stack(0x0000001218600000,0x0000001218700000)]
  0x0000013caf984800 JavaThread "http-nio-8080-exec-9" daemon [_thread_blocked, id=7208, stack(0x0000001218700000,0x0000001218800000)]
  0x0000013caf983800 JavaThread "http-nio-8080-exec-10" daemon [_thread_blocked, id=8732, stack(0x0000001218800000,0x0000001218900000)]
  0x0000013caf986000 JavaThread "http-nio-8080-ClientPoller-0" daemon [_thread_in_native, id=11140, stack(0x0000001218900000,0x0000001218a00000)]
  0x0000013caf97f000 JavaThread "http-nio-8080-ClientPoller-1" daemon [_thread_in_native, id=6564, stack(0x0000001218a00000,0x0000001218b00000)]
  0x0000013caf986800 JavaThread "http-nio-8080-Acceptor-0" daemon [_thread_in_native, id=9076, stack(0x0000001218b00000,0x0000001218c00000)]
  0x0000013caf987800 JavaThread "http-nio-8080-AsyncTimeout" daemon [_thread_blocked, id=10260, stack(0x0000001218c00000,0x0000001218d00000)]
  0x0000013caf988000 JavaThread "DestroyJavaVM" [_thread_blocked, id=6308, stack(0x0000001215600000,0x0000001215700000)]
  0x0000013cae522800 JavaThread "Abandoned connection cleanup thread" daemon [_thread_blocked, id=9776, stack(0x0000001218d00000,0x0000001218e00000)]
  0x0000013cae523800 JavaThread "Druid-ConnectionPool-Create-168540171" daemon [_thread_blocked, id=5616, stack(0x0000001218e00000,0x0000001218f00000)]
  0x0000013caf710000 JavaThread "Druid-ConnectionPool-Destroy-168540171" daemon [_thread_blocked, id=9040, stack(0x0000001218f00000,0x0000001219000000)]

Other Threads:
  0x0000013cac6b9800 VMThread "VM Thread" [stack: 0x0000001216200000,0x0000001216300000] [id=11028]
  0x0000013cad0dc000 WatcherThread [stack: 0x0000001216e00000,0x0000001216f00000] [id=5740]
  0x0000013c8f10e000 GCTaskThread "GC Thread#0" [stack: 0x0000001215700000,0x0000001215800000] [id=9844]
  0x0000013c8f111800 GCTaskThread "GC Thread#1" [stack: 0x0000001215800000,0x0000001215900000] [id=7820]
  0x0000013c8f115000 GCTaskThread "GC Thread#2" [stack: 0x0000001215900000,0x0000001215a00000] [id=1984]
  0x0000013c8f116000 GCTaskThread "GC Thread#3" [stack: 0x0000001215a00000,0x0000001215b00000] [id=6508]
  0x0000013c8f184000 ConcurrentGCThread "G1 Main Marker" [stack: 0x0000001215b00000,0x0000001215c00000] [id=9980]
  0x0000013c8f189800 ConcurrentGCThread "G1 Conc#0" [stack: 0x0000001215c00000,0x0000001215d00000] [id=2480]
  0x0000013cac53d800 ConcurrentGCThread "G1 Refine#0" [stack: 0x0000001215d00000,0x0000001215e00000] [id=9824]
  0x0000013cac53e000 ConcurrentGCThread "G1 Refine#1" [stack: 0x0000001215e00000,0x0000001215f00000] [id=7736]
  0x0000013cac53f800 ConcurrentGCThread "G1 Refine#2" [stack: 0x0000001215f00000,0x0000001216000000] [id=8436]
  0x0000013cac543000 ConcurrentGCThread "G1 Refine#3" [stack: 0x0000001216000000,0x0000001216100000] [id=4736]
  0x0000013cac544800 ConcurrentGCThread "G1 Young RemSet Sampling" [stack: 0x0000001216100000,0x0000001216200000] [id=1888]

Threads with active compile tasks:
C2 CompilerThread05621   !   4       jdk.internal.loader.BuiltinClassLoader::findClassOnClassPathOrNull (64 bytes)
C2 CompilerThread15635       4       java.lang.reflect.AccessibleObject::checkAccess (40 bytes)
C1 CompilerThread25638       3       org.eclipse.jdt.internal.compiler.parser.Parser::consumeRule (6731 bytes)

VM state:not at safepoint (normal execution)

VM Mutex/Monitor currently owned by a thread: None

Heap address: 0x0000000084e00000, size: 1970 MB, Compressed Oops mode: 32-bit
Narrow klass base: 0x0000000000000000, Narrow klass shift: 3
Compressed class space size: 1073741824 Address: 0x0000000100000000

Heap:
 garbage-first heap   total 183296K, used 35950K [0x0000000084e00000, 0x0000000100000000)
  region size 1024K, 13 young (13312K), 10 survivors (10240K)
 Metaspace       used 56116K, capacity 57245K, committed 57424K, reserved 1099776K
  class space    used 6280K, capacity 6724K, committed 6784K, reserved 1048576K
Heap Regions: E=young(eden), S=young(survivor), O=old, HS=humongous(starts), HC=humongous(continues), CS=collection set, F=free, A=archive, TS=gc time stamp, AC=allocation context, TAMS=top-at-mark-start (previous, next)
|   0|0x0000000084e00000, 0x0000000084f00000, 0x0000000084f00000|100%|HS|  |TS  0|AC  0|TAMS 0x0000000084f00000, 0x0000000084f00000|
|   1|0x0000000084f00000, 0x0000000085000000, 0x0000000085000000|100%| O|  |TS  0|AC  0|TAMS 0x0000000085000000, 0x0000000085000000|
|   2|0x0000000085000000, 0x0000000085100000, 0x0000000085100000|100%| O|  |TS  0|AC  0|TAMS 0x0000000085100000, 0x0000000085100000|
|   3|0x0000000085100000, 0x0000000085200000, 0x0000000085200000|100%| O|  |TS  0|AC  0|TAMS 0x0000000085200000, 0x0000000085200000|
|   4|0x0000000085200000, 0x0000000085300000, 0x0000000085300000|100%| O|  |TS  0|AC  0|TAMS 0x0000000085300000, 0x0000000085300000|
|   5|0x0000000085300000, 0x0000000085400000, 0x0000000085400000|100%| O|  |TS  0|AC  0|TAMS 0x0000000085400000, 0x0000000085400000|
|   6|0x0000000085400000, 0x0000000085500000, 0x0000000085500000|100%| O|  |TS  0|AC  0|TAMS 0x0000000085500000, 0x0000000085500000|
|   7|0x0000000085500000, 0x0000000085600000, 0x0000000085600000|100%| O|  |TS  1|AC  0|TAMS 0x0000000085547200, 0x0000000085547200|
|   8|0x0000000085600000, 0x0000000085700000, 0x0000000085700000|100%| O|  |TS  1|AC  0|TAMS 0x0000000085600000, 0x0000000085600000|
|   9|0x0000000085700000, 0x0000000085800000, 0x0000000085800000|100%| O|  |TS  1|AC  0|TAMS 0x0000000085700000, 0x0000000085700000|
|  10|0x0000000085800000, 0x0000000085900000, 0x0000000085900000|100%| O|  |TS  1|AC  0|TAMS 0x0000000085800000, 0x0000000085800000|
|  11|0x0000000085900000, 0x0000000085a00000, 0x0000000085a00000|100%| O|  |TS  1|AC  0|TAMS 0x0000000085900000, 0x0000000085900000|
|  12|0x0000000085a00000, 0x0000000085b00000, 0x0000000085b00000|100%| O|  |TS  2|AC  0|TAMS 0x0000000085a00000, 0x0000000085a00000|
|  13|0x0000000085b00000, 0x0000000085c00000, 0x0000000085c00000|100%| O|  |TS  2|AC  0|TAMS 0x0000000085b00000, 0x0000000085b00000|
|  14|0x0000000085c00000, 0x0000000085d00000, 0x0000000085d00000|100%| O|  |TS  2|AC  0|TAMS 0x0000000085c00000, 0x0000000085c00000|
|  15|0x0000000085d00000, 0x0000000085e00000, 0x0000000085e00000|100%| O|  |TS  2|AC  0|TAMS 0x0000000085d00000, 0x0000000085d00000|
|  16|0x0000000085e00000, 0x0000000085f00000, 0x0000000085f00000|100%| O|  |TS  2|AC  0|TAMS 0x0000000085e00000, 0x0000000085e00000|
|  17|0x0000000085f00000, 0x0000000086000000, 0x0000000086000000|100%| O|  |TS  2|AC  0|TAMS 0x0000000085f00000, 0x0000000085f00000|
|  18|0x0000000086000000, 0x0000000086100000, 0x0000000086100000|100%| O|  |TS  2|AC  0|TAMS 0x0000000086000000, 0x0000000086000000|
|  19|0x0000000086100000, 0x0000000086200000, 0x0000000086200000|100%| O|  |TS  2|AC  0|TAMS 0x0000000086100000, 0x0000000086100000|
|  20|0x0000000086200000, 0x0000000086300000, 0x0000000086300000|100%| O|  |TS  2|AC  0|TAMS 0x0000000086200000, 0x0000000086200000|
|  21|0x0000000086300000, 0x0000000086400000, 0x0000000086400000|100%| O|  |TS  2|AC  0|TAMS 0x0000000086300000, 0x0000000086300000|
|  22|0x0000000086400000, 0x0000000086500000, 0x0000000086500000|100%| O|  |TS  2|AC  0|TAMS 0x0000000086400000, 0x0000000086400000|
|  23|0x0000000086500000, 0x0000000086532e00, 0x0000000086600000| 19%| O|  |TS  3|AC  0|TAMS 0x0000000086500000, 0x0000000086500000|
|  24|0x0000000086600000, 0x0000000086600000, 0x0000000086700000|  0%| F|  |TS  0|AC  0|TAMS 0x0000000086600000, 0x0000000086600000|
|  25|0x0000000086700000, 0x0000000086700000, 0x0000000086800000|  0%| F|  |TS  0|AC  0|TAMS 0x0000000086700000, 0x0000000086700000|
|  26|0x0000000086800000, 0x0000000086800000, 0x0000000086900000|  0%| F|  |TS  0|AC  0|TAMS 0x0000000086800000, 0x0000000086800000|
|  27|0x0000000086900000, 0x0000000086900000, 0x0000000086a00000|  0%| F|  |TS  0|AC  0|TAMS 0x0000000086900000, 0x0000000086900000|
|  28|0x0000000086a00000, 0x0000000086a00000, 0x0000000086b00000|  0%| F|  |TS  0|AC  0|TAMS 0x0000000086a00000, 0x0000000086a00000|
|  29|0x0000000086b00000, 0x0000000086b00000, 0x0000000086c00000|  0%| F|  |TS  0|AC  0|TAMS 0x0000000086b00000, 0x0000000086b00000|
|  30|0x0000000086c00000, 0x0000000086c00000, 0x0000000086d00000|  0%| F|  |TS  0|AC  0|TAMS 0x0000000086c00000, 0x0000000086c00000|
|  31|0x0000000086d00000, 0x0000000086d00000, 0x0000000086e00000|  0%| F|  |TS  0|AC  0|TAMS 0x0000000086d00000, 0x0000000086d00000|
|  32|0x0000000086e00000, 0x0000000086e00000, 0x0000000086f00000|  0%| F|  |TS  0|AC  0|TAMS 0x0000000086e00000, 0x0000000086e00000|
|  33|0x0000000086f00000, 0x0000000086f00000, 0x0000000087000000|  0%| F|  |TS  0|AC  0|TAMS 0x0000000086f00000, 0x0000000086f00000|
|  34|0x0000000087000000, 0x0000000087000000, 0x0000000087100000|  0%| F|  |TS  0|AC  0|TAMS 0x0000000087000000, 0x0000000087000000|
|  35|0x0000000087100000, 0x0000000087100000, 0x0000000087200000|  0%| F|  |TS  0|AC  0|TAMS 0x0000000087100000, 0x0000000087100000|
|  36|0x0000000087200000, 0x0000000087200000, 0x0000000087300000|  0%| F|  |TS  0|AC  0|TAMS 0x0000000087200000, 0x0000000087200000|
|  37|0x0000000087300000, 0x0000000087300000, 0x0000000087400000|  0%| F|  |TS  0|AC  0|TAMS 0x0000000087300000, 0x0000000087300000|
|  38|0x0000000087400000, 0x0000000087400000, 0x0000000087500000|  0%| F|  |TS  0|AC  0|TAMS 0x0000000087400000, 0x0000000087400000|
|  39|0x0000000087500000, 0x0000000087500000, 0x0000000087600000|  0%| F|  |TS  0|AC  0|TAMS 0x0000000087500000, 0x0000000087500000|
|  40|0x0000000087600000, 0x0000000087600000, 0x0000000087700000|  0%| F|  |TS  0|AC  0|TAMS 0x0000000087600000, 0x0000000087600000|
|  41|0x0000000087700000, 0x0000000087700000, 0x0000000087800000|  0%| F|  |TS  0|AC  0|TAMS 0x0000000087700000, 0x0000000087700000|
|  42|0x0000000087800000, 0x0000000087800000, 0x0000000087900000|  0%| F|  |TS  0|AC  0|TAMS 0x0000000087800000, 0x0000000087800000|
|  43|0x0000000087900000, 0x0000000087900000, 0x0000000087a00000|  0%| F|  |TS  0|AC  0|TAMS 0x0000000087900000, 0x0000000087900000|
|  44|0x0000000087a00000, 0x0000000087a00000, 0x0000000087b00000|  0%| F|  |TS  0|AC  0|TAMS 0x0000000087a00000, 0x0000000087a00000|
|  45|0x0000000087b00000, 0x0000000087b00000, 0x0000000087c00000|  0%| F|  |TS  0|AC  0|TAMS 0x0000000087b00000, 0x0000000087b00000|
|  46|0x0000000087c00000, 0x0000000087c00000, 0x0000000087d00000|  0%| F|  |TS  0|AC  0|TAMS 0x0000000087c00000, 0x0000000087c00000|
|  47|0x0000000087d00000, 0x0000000087d00000, 0x0000000087e00000|  0%| F|  |TS  0|AC  0|TAMS 0x0000000087d00000, 0x0000000087d00000|
|  48|0x0000000087e00000, 0x0000000087e00000, 0x0000000087f00000|  0%| F|  |TS  0|AC  0|TAMS 0x0000000087e00000, 0x0000000087e00000|
|  49|0x0000000087f00000, 0x0000000087f00000, 0x0000000088000000|  0%| F|  |TS  0|AC  0|TAMS 0x0000000087f00000, 0x0000000087f00000|
|  50|0x0000000088000000, 0x0000000088000000, 0x0000000088100000|  0%| F|  |TS  0|AC  0|TAMS 0x0000000088000000, 0x0000000088000000|
|  51|0x0000000088100000, 0x0000000088100000, 0x0000000088200000|  0%| F|  |TS  2|AC  0|TAMS 0x0000000088100000, 0x0000000088100000|
|  52|0x0000000088200000, 0x0000000088200000, 0x0000000088300000|  0%| F|  |TS  2|AC  0|TAMS 0x0000000088200000, 0x0000000088200000|
|  53|0x0000000088300000, 0x0000000088300000, 0x0000000088400000|  0%| F|  |TS  2|AC  0|TAMS 0x0000000088300000, 0x0000000088300000|
|  54|0x0000000088400000, 0x0000000088400000, 0x0000000088500000|  0%| F|  |TS  2|AC  0|TAMS 0x0000000088400000, 0x0000000088400000|
|  55|0x0000000088500000, 0x0000000088500000, 0x0000000088600000|  0%| F|  |TS  2|AC  0|TAMS 0x0000000088500000, 0x0000000088500000|
|  56|0x0000000088600000, 0x0000000088600000, 0x0000000088700000|  0%| F|  |TS  2|AC  0|TAMS 0x0000000088600000, 0x0000000088600000|
|  57|0x0000000088700000, 0x00000000887e8c80, 0x0000000088800000| 90%| S|CS|TS  3|AC  0|TAMS 0x0000000088700000, 0x0000000088700000|
|  58|0x0000000088800000, 0x0000000088900000, 0x0000000088900000|100%| S|CS|TS  3|AC  0|TAMS 0x0000000088800000, 0x0000000088800000|
|  59|0x0000000088900000, 0x0000000088a00000, 0x0000000088a00000|100%| S|CS|TS  3|AC  0|TAMS 0x0000000088900000, 0x0000000088900000|
|  60|0x0000000088a00000, 0x0000000088b00000, 0x0000000088b00000|100%| S|CS|TS  3|AC  0|TAMS 0x0000000088a00000, 0x0000000088a00000|
|  61|0x0000000088b00000, 0x0000000088c00000, 0x0000000088c00000|100%| S|CS|TS  3|AC  0|TAMS 0x0000000088b00000, 0x0000000088b00000|
|  62|0x0000000088c00000, 0x0000000088d00000, 0x0000000088d00000|100%| S|CS|TS  3|AC  0|TAMS 0x0000000088c00000, 0x0000000088c00000|
|  63|0x0000000088d00000, 0x0000000088e00000, 0x0000000088e00000|100%| S|CS|TS  3|AC  0|TAMS 0x0000000088d00000, 0x0000000088d00000|
|  64|0x0000000088e00000, 0x0000000088f00000, 0x0000000088f00000|100%| S|CS|TS  3|AC  0|TAMS 0x0000000088e00000, 0x0000000088e00000|
|  65|0x0000000088f00000, 0x0000000089000000, 0x0000000089000000|100%| S|CS|TS  3|AC  0|TAMS 0x0000000088f00000, 0x0000000088f00000|
|  66|0x0000000089000000, 0x0000000089000000, 0x0000000089100000|  0%| F|  |TS  3|AC  0|TAMS 0x0000000089000000, 0x0000000089000000|
|  67|0x0000000089100000, 0x0000000089100000, 0x0000000089200000|  0%| F|  |TS  3|AC  0|TAMS 0x0000000089100000, 0x0000000089100000|
|  68|0x0000000089200000, 0x0000000089200000, 0x0000000089300000|  0%| F|  |TS  3|AC  0|TAMS 0x0000000089200000, 0x0000000089200000|
|  69|0x0000000089300000, 0x0000000089300000, 0x0000000089400000|  0%| F|  |TS  3|AC  0|TAMS 0x0000000089300000, 0x0000000089300000|
|  70|0x0000000089400000, 0x0000000089400000, 0x0000000089500000|  0%| F|  |TS  3|AC  0|TAMS 0x0000000089400000, 0x0000000089400000|
|  71|0x0000000089500000, 0x0000000089500000, 0x0000000089600000|  0%| F|  |TS  3|AC  0|TAMS 0x0000000089500000, 0x0000000089500000|
|  72|0x0000000089600000, 0x0000000089700000, 0x0000000089700000|100%| S|CS|TS  3|AC  0|TAMS 0x0000000089600000, 0x0000000089600000|
|  73|0x0000000089700000, 0x0000000089700000, 0x0000000089800000|  0%| F|  |TS  3|AC  0|TAMS 0x0000000089700000, 0x0000000089700000|
|  74|0x0000000089800000, 0x0000000089800000, 0x0000000089900000|  0%| F|  |TS  3|AC  0|TAMS 0x0000000089800000, 0x0000000089800000|
|  75|0x0000000089900000, 0x0000000089900000, 0x0000000089a00000|  0%| F|  |TS  3|AC  0|TAMS 0x0000000089900000, 0x0000000089900000|
|  76|0x0000000089a00000, 0x0000000089a00000, 0x0000000089b00000|  0%| F|  |TS  3|AC  0|TAMS 0x0000000089a00000, 0x0000000089a00000|
|  77|0x0000000089b00000, 0x0000000089b00000, 0x0000000089c00000|  0%| F|  |TS  3|AC  0|TAMS 0x0000000089b00000, 0x0000000089b00000|
|  78|0x0000000089c00000, 0x0000000089c00000, 0x0000000089d00000|  0%| F|  |TS  3|AC  0|TAMS 0x0000000089c00000, 0x0000000089c00000|
|  79|0x0000000089d00000, 0x0000000089d00000, 0x0000000089e00000|  0%| F|  |TS  3|AC  0|TAMS 0x0000000089d00000, 0x0000000089d00000|
|  80|0x0000000089e00000, 0x0000000089e00000, 0x0000000089f00000|  0%| F|  |TS  3|AC  0|TAMS 0x0000000089e00000, 0x0000000089e00000|
|  81|0x0000000089f00000, 0x0000000089f00000, 0x000000008a000000|  0%| F|  |TS  3|AC  0|TAMS 0x0000000089f00000, 0x0000000089f00000|
|  82|0x000000008a000000, 0x000000008a000000, 0x000000008a100000|  0%| F|  |TS  3|AC  0|TAMS 0x000000008a000000, 0x000000008a000000|
|  83|0x000000008a100000, 0x000000008a100000, 0x000000008a200000|  0%| F|  |TS  3|AC  0|TAMS 0x000000008a100000, 0x000000008a100000|
|  84|0x000000008a200000, 0x000000008a200000, 0x000000008a300000|  0%| F|  |TS  3|AC  0|TAMS 0x000000008a200000, 0x000000008a200000|
|  85|0x000000008a300000, 0x000000008a300000, 0x000000008a400000|  0%| F|  |TS  3|AC  0|TAMS 0x000000008a300000, 0x000000008a300000|
|  86|0x000000008a400000, 0x000000008a400000, 0x000000008a500000|  0%| F|  |TS  3|AC  0|TAMS 0x000000008a400000, 0x000000008a400000|
|  87|0x000000008a500000, 0x000000008a500000, 0x000000008a600000|  0%| F|  |TS  3|AC  0|TAMS 0x000000008a500000, 0x000000008a500000|
|  88|0x000000008a600000, 0x000000008a600000, 0x000000008a700000|  0%| F|  |TS  3|AC  0|TAMS 0x000000008a600000, 0x000000008a600000|
|  89|0x000000008a700000, 0x000000008a700000, 0x000000008a800000|  0%| F|  |TS  3|AC  0|TAMS 0x000000008a700000, 0x000000008a700000|
|  90|0x000000008a800000, 0x000000008a800000, 0x000000008a900000|  0%| F|  |TS  3|AC  0|TAMS 0x000000008a800000, 0x000000008a800000|
|  91|0x000000008a900000, 0x000000008a900000, 0x000000008aa00000|  0%| F|  |TS  3|AC  0|TAMS 0x000000008a900000, 0x000000008a900000|
|  92|0x000000008aa00000, 0x000000008aa00000, 0x000000008ab00000|  0%| F|  |TS  3|AC  0|TAMS 0x000000008aa00000, 0x000000008aa00000|
|  93|0x000000008ab00000, 0x000000008ab00000, 0x000000008ac00000|  0%| F|  |TS  3|AC  0|TAMS 0x000000008ab00000, 0x000000008ab00000|
|  94|0x000000008ac00000, 0x000000008ac00000, 0x000000008ad00000|  0%| F|  |TS  3|AC  0|TAMS 0x000000008ac00000, 0x000000008ac00000|
|  95|0x000000008ad00000, 0x000000008ad00000, 0x000000008ae00000|  0%| F|  |TS  3|AC  0|TAMS 0x000000008ad00000, 0x000000008ad00000|
|  96|0x000000008ae00000, 0x000000008ae00000, 0x000000008af00000|  0%| F|  |TS  3|AC  0|TAMS 0x000000008ae00000, 0x000000008ae00000|
|  97|0x000000008af00000, 0x000000008af00000, 0x000000008b000000|  0%| F|  |TS  3|AC  0|TAMS 0x000000008af00000, 0x000000008af00000|
|  98|0x000000008b000000, 0x000000008b000000, 0x000000008b100000|  0%| F|  |TS  3|AC  0|TAMS 0x000000008b000000, 0x000000008b000000|
|  99|0x000000008b100000, 0x000000008b100000, 0x000000008b200000|  0%| F|  |TS  3|AC  0|TAMS 0x000000008b100000, 0x000000008b100000|
| 100|0x000000008b200000, 0x000000008b200000, 0x000000008b300000|  0%| F|  |TS  3|AC  0|TAMS 0x000000008b200000, 0x000000008b200000|
| 101|0x000000008b300000, 0x000000008b300000, 0x000000008b400000|  0%| F|  |TS  3|AC  0|TAMS 0x000000008b300000, 0x000000008b300000|
| 102|0x000000008b400000, 0x000000008b400000, 0x000000008b500000|  0%| F|  |TS  3|AC  0|TAMS 0x000000008b400000, 0x000000008b400000|
| 103|0x000000008b500000, 0x000000008b500000, 0x000000008b600000|  0%| F|  |TS  3|AC  0|TAMS 0x000000008b500000, 0x000000008b500000|
| 104|0x000000008b600000, 0x000000008b600000, 0x000000008b700000|  0%| F|  |TS  3|AC  0|TAMS 0x000000008b600000, 0x000000008b600000|
| 105|0x000000008b700000, 0x000000008b700000, 0x000000008b800000|  0%| F|  |TS  3|AC  0|TAMS 0x000000008b700000, 0x000000008b700000|
| 106|0x000000008b800000, 0x000000008b800000, 0x000000008b900000|  0%| F|  |TS  3|AC  0|TAMS 0x000000008b800000, 0x000000008b800000|
| 107|0x000000008b900000, 0x000000008b900000, 0x000000008ba00000|  0%| F|  |TS  3|AC  0|TAMS 0x000000008b900000, 0x000000008b900000|
| 108|0x000000008ba00000, 0x000000008ba00000, 0x000000008bb00000|  0%| F|  |TS  3|AC  0|TAMS 0x000000008ba00000, 0x000000008ba00000|
| 109|0x000000008bb00000, 0x000000008bb00000, 0x000000008bc00000|  0%| F|  |TS  3|AC  0|TAMS 0x000000008bb00000, 0x000000008bb00000|
| 110|0x000000008bc00000, 0x000000008bc00000, 0x000000008bd00000|  0%| F|  |TS  3|AC  0|TAMS 0x000000008bc00000, 0x000000008bc00000|
| 111|0x000000008bd00000, 0x000000008bd00000, 0x000000008be00000|  0%| F|  |TS  3|AC  0|TAMS 0x000000008bd00000, 0x000000008bd00000|
| 112|0x000000008be00000, 0x000000008be00000, 0x000000008bf00000|  0%| F|  |TS  3|AC  0|TAMS 0x000000008be00000, 0x000000008be00000|
| 113|0x000000008bf00000, 0x000000008bf00000, 0x000000008c000000|  0%| F|  |TS  3|AC  0|TAMS 0x000000008bf00000, 0x000000008bf00000|
| 114|0x000000008c000000, 0x000000008c000000, 0x000000008c100000|  0%| F|  |TS  3|AC  0|TAMS 0x000000008c000000, 0x000000008c000000|
| 115|0x000000008c100000, 0x000000008c100000, 0x000000008c200000|  0%| F|  |TS  3|AC  0|TAMS 0x000000008c100000, 0x000000008c100000|
| 116|0x000000008c200000, 0x000000008c200000, 0x000000008c300000|  0%| F|  |TS  3|AC  0|TAMS 0x000000008c200000, 0x000000008c200000|
| 117|0x000000008c300000, 0x000000008c300000, 0x000000008c400000|  0%| F|  |TS  3|AC  0|TAMS 0x000000008c300000, 0x000000008c300000|
| 118|0x000000008c400000, 0x000000008c400000, 0x000000008c500000|  0%| F|  |TS  3|AC  0|TAMS 0x000000008c400000, 0x000000008c400000|
| 119|0x000000008c500000, 0x000000008c500000, 0x000000008c600000|  0%| F|  |TS  3|AC  0|TAMS 0x000000008c500000, 0x000000008c500000|
| 120|0x000000008c600000, 0x000000008c600000, 0x000000008c700000|  0%| F|  |TS  3|AC  0|TAMS 0x000000008c600000, 0x000000008c600000|
| 121|0x000000008c700000, 0x000000008c700000, 0x000000008c800000|  0%| F|  |TS  3|AC  0|TAMS 0x000000008c700000, 0x000000008c700000|
| 122|0x000000008c800000, 0x000000008c800000, 0x000000008c900000|  0%| F|  |TS  3|AC  0|TAMS 0x000000008c800000, 0x000000008c800000|
| 123|0x000000008c900000, 0x000000008c900000, 0x000000008ca00000|  0%| F|  |TS  3|AC  0|TAMS 0x000000008c900000, 0x000000008c900000|
| 124|0x000000008ca00000, 0x000000008ca00000, 0x000000008cb00000|  0%| F|  |TS  3|AC  0|TAMS 0x000000008ca00000, 0x000000008ca00000|
| 125|0x000000008cb00000, 0x000000008cb00000, 0x000000008cc00000|  0%| F|  |TS  3|AC  0|TAMS 0x000000008cb00000, 0x000000008cb00000|
| 126|0x000000008cc00000, 0x000000008cc00000, 0x000000008cd00000|  0%| F|  |TS  3|AC  0|TAMS 0x000000008cc00000, 0x000000008cc00000|
| 127|0x000000008cd00000, 0x000000008cd00000, 0x000000008ce00000|  0%| F|  |TS  3|AC  0|TAMS 0x000000008cd00000, 0x000000008cd00000|
| 128|0x000000008ce00000, 0x000000008ce00000, 0x000000008cf00000|  0%| F|  |TS  3|AC  0|TAMS 0x000000008ce00000, 0x000000008ce00000|
| 129|0x000000008cf00000, 0x000000008cf00000, 0x000000008d000000|  0%| F|  |TS  3|AC  0|TAMS 0x000000008cf00000, 0x000000008cf00000|
| 130|0x000000008d000000, 0x000000008d000000, 0x000000008d100000|  0%| F|  |TS  3|AC  0|TAMS 0x000000008d000000, 0x000000008d000000|
| 131|0x000000008d100000, 0x000000008d100000, 0x000000008d200000|  0%| F|  |TS  3|AC  0|TAMS 0x000000008d100000, 0x000000008d100000|
| 132|0x000000008d200000, 0x000000008d200000, 0x000000008d300000|  0%| F|  |TS  3|AC  0|TAMS 0x000000008d200000, 0x000000008d200000|
| 133|0x000000008d300000, 0x000000008d300000, 0x000000008d400000|  0%| F|  |TS  3|AC  0|TAMS 0x000000008d300000, 0x000000008d300000|
| 134|0x000000008d400000, 0x000000008d400000, 0x000000008d500000|  0%| F|  |TS  3|AC  0|TAMS 0x000000008d400000, 0x000000008d400000|
| 135|0x000000008d500000, 0x000000008d500000, 0x000000008d600000|  0%| F|  |TS  3|AC  0|TAMS 0x000000008d500000, 0x000000008d500000|
| 136|0x000000008d600000, 0x000000008d600000, 0x000000008d700000|  0%| F|  |TS  3|AC  0|TAMS 0x000000008d600000, 0x000000008d600000|
| 137|0x000000008d700000, 0x000000008d700000, 0x000000008d800000|  0%| F|  |TS  3|AC  0|TAMS 0x000000008d700000, 0x000000008d700000|
| 138|0x000000008d800000, 0x000000008d800000, 0x000000008d900000|  0%| F|  |TS  3|AC  0|TAMS 0x000000008d800000, 0x000000008d800000|
| 139|0x000000008d900000, 0x000000008d900000, 0x000000008da00000|  0%| F|  |TS  3|AC  0|TAMS 0x000000008d900000, 0x000000008d900000|
| 140|0x000000008da00000, 0x000000008da00000, 0x000000008db00000|  0%| F|  |TS  3|AC  0|TAMS 0x000000008da00000, 0x000000008da00000|
| 141|0x000000008db00000, 0x000000008db00000, 0x000000008dc00000|  0%| F|  |TS  3|AC  0|TAMS 0x000000008db00000, 0x000000008db00000|
| 142|0x000000008dc00000, 0x000000008dc00000, 0x000000008dd00000|  0%| F|  |TS  3|AC  0|TAMS 0x000000008dc00000, 0x000000008dc00000|
| 143|0x000000008dd00000, 0x000000008dd00000, 0x000000008de00000|  0%| F|  |TS  3|AC  0|TAMS 0x000000008dd00000, 0x000000008dd00000|
| 144|0x000000008de00000, 0x000000008de00000, 0x000000008df00000|  0%| F|  |TS  3|AC  0|TAMS 0x000000008de00000, 0x000000008de00000|
| 145|0x000000008df00000, 0x000000008df00000, 0x000000008e000000|  0%| F|  |TS  3|AC  0|TAMS 0x000000008df00000, 0x000000008df00000|
| 146|0x000000008e000000, 0x000000008e000000, 0x000000008e100000|  0%| F|  |TS  3|AC  0|TAMS 0x000000008e000000, 0x000000008e000000|
| 147|0x000000008e100000, 0x000000008e100000, 0x000000008e200000|  0%| F|  |TS  3|AC  0|TAMS 0x000000008e100000, 0x000000008e100000|
| 148|0x000000008e200000, 0x000000008e200000, 0x000000008e300000|  0%| F|  |TS  3|AC  0|TAMS 0x000000008e200000, 0x000000008e200000|
| 149|0x000000008e300000, 0x000000008e300000, 0x000000008e400000|  0%| F|  |TS  3|AC  0|TAMS 0x000000008e300000, 0x000000008e300000|
| 150|0x000000008e400000, 0x000000008e400000, 0x000000008e500000|  0%| F|  |TS  3|AC  0|TAMS 0x000000008e400000, 0x000000008e400000|
| 151|0x000000008e500000, 0x000000008e500000, 0x000000008e600000|  0%| F|  |TS  3|AC  0|TAMS 0x000000008e500000, 0x000000008e500000|
| 152|0x000000008e600000, 0x000000008e600000, 0x000000008e700000|  0%| F|  |TS  3|AC  0|TAMS 0x000000008e600000, 0x000000008e600000|
| 153|0x000000008e700000, 0x000000008e700000, 0x000000008e800000|  0%| F|  |TS  3|AC  0|TAMS 0x000000008e700000, 0x000000008e700000|
| 154|0x000000008e800000, 0x000000008e800000, 0x000000008e900000|  0%| F|  |TS  3|AC  0|TAMS 0x000000008e800000, 0x000000008e800000|
| 155|0x000000008e900000, 0x000000008e900000, 0x000000008ea00000|  0%| F|  |TS  3|AC  0|TAMS 0x000000008e900000, 0x000000008e900000|
| 156|0x000000008ea00000, 0x000000008ea00000, 0x000000008eb00000|  0%| F|  |TS  3|AC  0|TAMS 0x000000008ea00000, 0x000000008ea00000|
| 157|0x000000008eb00000, 0x000000008eb00000, 0x000000008ec00000|  0%| F|  |TS  3|AC  0|TAMS 0x000000008eb00000, 0x000000008eb00000|
| 158|0x000000008ec00000, 0x000000008ec00000, 0x000000008ed00000|  0%| F|  |TS  3|AC  0|TAMS 0x000000008ec00000, 0x000000008ec00000|
| 159|0x000000008ed00000, 0x000000008ed00000, 0x000000008ee00000|  0%| F|  |TS  3|AC  0|TAMS 0x000000008ed00000, 0x000000008ed00000|
| 160|0x000000008ee00000, 0x000000008ee00000, 0x000000008ef00000|  0%| F|  |TS  3|AC  0|TAMS 0x000000008ee00000, 0x000000008ee00000|
| 161|0x000000008ef00000, 0x000000008ef00000, 0x000000008f000000|  0%| F|  |TS  3|AC  0|TAMS 0x000000008ef00000, 0x000000008ef00000|
| 162|0x000000008f000000, 0x000000008f000000, 0x000000008f100000|  0%| F|  |TS  3|AC  0|TAMS 0x000000008f000000, 0x000000008f000000|
| 163|0x000000008f100000, 0x000000008f100000, 0x000000008f200000|  0%| F|  |TS  3|AC  0|TAMS 0x000000008f100000, 0x000000008f100000|
| 164|0x000000008f200000, 0x000000008f200000, 0x000000008f300000|  0%| F|  |TS  3|AC  0|TAMS 0x000000008f200000, 0x000000008f200000|
| 165|0x000000008f300000, 0x000000008f300000, 0x000000008f400000|  0%| F|  |TS  3|AC  0|TAMS 0x000000008f300000, 0x000000008f300000|
| 166|0x000000008f400000, 0x000000008f400000, 0x000000008f500000|  0%| F|  |TS  3|AC  0|TAMS 0x000000008f400000, 0x000000008f400000|
| 167|0x000000008f500000, 0x000000008f500000, 0x000000008f600000|  0%| F|  |TS  3|AC  0|TAMS 0x000000008f500000, 0x000000008f500000|
| 168|0x000000008f600000, 0x000000008f600000, 0x000000008f700000|  0%| F|  |TS  3|AC  0|TAMS 0x000000008f600000, 0x000000008f600000|
| 169|0x000000008f700000, 0x000000008f700000, 0x000000008f800000|  0%| F|  |TS  3|AC  0|TAMS 0x000000008f700000, 0x000000008f700000|
| 170|0x000000008f800000, 0x000000008f800000, 0x000000008f900000|  0%| F|  |TS  3|AC  0|TAMS 0x000000008f800000, 0x000000008f800000|
| 171|0x000000008f900000, 0x000000008f900000, 0x000000008fa00000|  0%| F|  |TS  3|AC  0|TAMS 0x000000008f900000, 0x000000008f900000|
| 172|0x000000008fa00000, 0x000000008fa00000, 0x000000008fb00000|  0%| F|  |TS  3|AC  0|TAMS 0x000000008fa00000, 0x000000008fa00000|
| 173|0x000000008fb00000, 0x000000008fb00000, 0x000000008fc00000|  0%| F|  |TS  3|AC  0|TAMS 0x000000008fb00000, 0x000000008fb00000|
| 174|0x000000008fc00000, 0x000000008fc00000, 0x000000008fd00000|  0%| F|  |TS  3|AC  0|TAMS 0x000000008fc00000, 0x000000008fc00000|
| 175|0x000000008fd00000, 0x000000008fd00000, 0x000000008fe00000|  0%| F|  |TS  3|AC  0|TAMS 0x000000008fd00000, 0x000000008fd00000|
| 176|0x000000008fe00000, 0x000000008fec8898, 0x000000008ff00000| 78%| E|  |TS  3|AC  0|TAMS 0x000000008fe00000, 0x000000008fe00000|
| 177|0x000000008ff00000, 0x0000000090000000, 0x0000000090000000|100%| E|CS|TS  3|AC  0|TAMS 0x000000008ff00000, 0x000000008ff00000|
| 178|0x0000000090000000, 0x0000000090100000, 0x0000000090100000|100%| E|CS|TS  3|AC  0|TAMS 0x0000000090000000, 0x0000000090000000|

Card table byte_map: [0x0000013ca5c80000,0x0000013ca6060000] byte_map_base: 0x0000013ca5859000

Marking Bits (Prev, Next): (CMBitMap*) 0x0000013c8f1839d0, (CMBitMap*) 0x0000013c8f183a08
 Prev Bits: [0x0000013ca6440000, 0x0000013ca8308000)
 Next Bits: [0x0000013ca8310000, 0x0000013caa1d8000)

Polling page: 0x0000013c8aaa0000

CodeHeap 'non-profiled nmethods': size=120064Kb used=3522Kb max_used=3633Kb free=116541Kb
 bounds [0x0000013c9e360000, 0x0000013c9e700000, 0x0000013ca58a0000]
CodeHeap 'profiled nmethods': size=120000Kb used=11764Kb max_used=13030Kb free=108235Kb
 bounds [0x0000013c96e30000, 0x0000013c97af0000, 0x0000013c9e360000]
CodeHeap 'non-nmethods': size=5696Kb used=1229Kb max_used=1258Kb free=4466Kb
 bounds [0x0000013c968a0000, 0x0000013c96b10000, 0x0000013c96e30000]
 total_blobs=7592 nmethods=4980 adapters=516
 compilation: enabled

Compilation events (10 events):
Event: 32.683 Thread 0x0000013cac700800 nmethod 5634% 0x0000013c96f0f010 code [0x0000013c96f0f200, 0x0000013c96f0f798]
Event: 32.699 Thread 0x0000013cac6fb800 nmethod 5623 0x0000013c9e6ecb90 code [0x0000013c9e6ecf60, 0x0000013c9e6f0c80]
Event: 32.699 Thread 0x0000013cac6fb800 5632       4       java.util.Properties::load0 (250 bytes)
Event: 32.737 Thread 0x0000013cac6fb800 nmethod 5632 0x0000013c9e46c710 code [0x0000013c9e46c900, 0x0000013c9e46d540]
Event: 32.737 Thread 0x0000013cac6fb800 5635       4       java.lang.reflect.AccessibleObject::checkAccess (40 bytes)
Event: 32.773 Thread 0x0000013cac700800 5636       3       org.eclipse.jdt.internal.compiler.parser.Parser::tAction (35 bytes)
Event: 32.773 Thread 0x0000013cac700800 nmethod 5636 0x0000013c96ee2c90 code [0x0000013c96ee2e60, 0x0000013c96ee3078]
Event: 32.773 Thread 0x0000013cac700800 5637       3       org.eclipse.jdt.internal.compiler.parser.Parser::ntAction (8 bytes)
Event: 32.774 Thread 0x0000013cac700800 nmethod 5637 0x0000013c96ec6910 code [0x0000013c96ec6ac0, 0x0000013c96ec6c38]
Event: 32.774 Thread 0x0000013cac700800 5638       3       org.eclipse.jdt.internal.compiler.parser.Parser::consumeRule (6731 bytes)

GC Heap History (10 events):
Event: 5.942 GC heap before
{Heap before GC invocations=6 (full 0):
 garbage-first heap   total 126976K, used 66163K [0x0000000084e00000, 0x0000000100000000)
  region size 1024K, 60 young (61440K), 6 survivors (6144K)
 Metaspace       used 31624K, capacity 32367K, committed 32768K, reserved 1077248K
  class space    used 3706K, capacity 4007K, committed 4096K, reserved 1048576K
}
Event: 5.956 GC heap after
{Heap after GC invocations=7 (full 0):
 garbage-first heap   total 152576K, used 13596K [0x0000000084e00000, 0x0000000100000000)
  region size 1024K, 6 young (6144K), 6 survivors (6144K)
 Metaspace       used 31624K, capacity 32367K, committed 32768K, reserved 1077248K
  class space    used 3706K, capacity 4007K, committed 4096K, reserved 1048576K
}
Event: 7.758 GC heap before
{Heap before GC invocations=7 (full 0):
 garbage-first heap   total 152576K, used 50460K [0x0000000084e00000, 0x0000000100000000)
  region size 1024K, 43 young (44032K), 6 survivors (6144K)
 Metaspace       used 34900K, capacity 35712K, committed 35920K, reserved 1081344K
  class space    used 4118K, capacity 4456K, committed 4480K, reserved 1048576K
}
Event: 7.776 GC heap after
{Heap after GC invocations=8 (full 0):
 garbage-first heap   total 152576K, used 16668K [0x0000000084e00000, 0x0000000100000000)
  region size 1024K, 9 young (9216K), 9 survivors (9216K)
 Metaspace       used 34900K, capacity 35712K, committed 35920K, reserved 1081344K
  class space    used 4118K, capacity 4456K, committed 4480K, reserved 1048576K
}
Event: 9.440 GC heap before
{Heap before GC invocations=9 (full 0):
 garbage-first heap   total 152576K, used 96540K [0x0000000084e00000, 0x0000000100000000)
  region size 1024K, 87 young (89088K), 9 survivors (9216K)
 Metaspace       used 40621K, capacity 41606K, committed 41808K, reserved 1085440K
  class space    used 4750K, capacity 5153K, committed 5248K, reserved 1048576K
}
Event: 9.462 GC heap after
{Heap after GC invocations=10 (full 0):
 garbage-first heap   total 152576K, used 24261K [0x0000000084e00000, 0x0000000100000000)
  region size 1024K, 11 young (11264K), 11 survivors (11264K)
 Metaspace       used 40621K, capacity 41606K, committed 41808K, reserved 1085440K
  class space    used 4750K, capacity 5153K, committed 5248K, reserved 1048576K
}
Event: 10.970 GC heap before
{Heap before GC invocations=10 (full 0):
 garbage-first heap   total 152576K, used 103109K [0x0000000084e00000, 0x0000000100000000)
  region size 1024K, 88 young (90112K), 11 survivors (11264K)
 Metaspace       used 44898K, capacity 45933K, committed 46160K, reserved 1089536K
  class space    used 5291K, capacity 5725K, committed 5760K, reserved 1048576K
}
Event: 10.991 GC heap after
{Heap after GC invocations=11 (full 0):
 garbage-first heap   total 152576K, used 29899K [0x0000000084e00000, 0x0000000100000000)
  region size 1024K, 6 young (6144K), 6 survivors (6144K)
 Metaspace       used 44898K, capacity 45933K, committed 46160K, reserved 1089536K
  class space    used 5291K, capacity 5725K, committed 5760K, reserved 1048576K
}
Event: 32.702 GC heap before
{Heap before GC invocations=11 (full 0):
 garbage-first heap   total 152576K, used 107723K [0x0000000084e00000, 0x0000000100000000)
  region size 1024K, 82 young (83968K), 6 survivors (6144K)
 Metaspace       used 55341K, capacity 56477K, committed 56656K, reserved 1099776K
  class space    used 6219K, capacity 6660K, committed 6784K, reserved 1048576K
}
Event: 32.721 GC heap after
{Heap after GC invocations=12 (full 0):
 garbage-first heap   total 183296K, used 33902K [0x0000000084e00000, 0x0000000100000000)
  region size 1024K, 10 young (10240K), 10 survivors (10240K)
 Metaspace       used 55341K, capacity 56477K, committed 56656K, reserved 1099776K
  class space    used 6219K, capacity 6660K, committed 6784K, reserved 1048576K
}

Deoptimization events (10 events):
Event: 30.886 Thread 0x0000013caf97d000 Uncommon trap: reason=class_check action=maybe_recompile pc=0x0000013c9e5a7610 method=java.util.TreeMap.put(Ljava/lang/Object;Ljava/lang/Object;)Ljava/lang/Object; @ 127 c2
Event: 30.969 Thread 0x0000013cae522800 Uncommon trap: reason=unstable_if action=reinterpret pc=0x0000013c9e5d71a4 method=java.net.URLStreamHandler.parseURL(Ljava/net/URL;Ljava/lang/String;II)V @ 57 c2
Event: 31.038 Thread 0x0000013cae523800 Uncommon trap: reason=unstable_if action=reinterpret pc=0x0000013c9e3760dc method=java.lang.StringCoding.hasNegatives([BII)Z @ 12 c2
Event: 31.047 Thread 0x0000013cae523800 Uncommon trap: reason=unstable_if action=reinterpret pc=0x0000013c9e5eb514 method=java.util.Properties$LineReader.readLine()I @ 339 c2
Event: 31.225 Thread 0x0000013cae523800 Uncommon trap: reason=unstable_if action=reinterpret pc=0x0000013c9e5a5a40 method=java.util.TreeMap.put(Ljava/lang/Object;Ljava/lang/Object;)Ljava/lang/Object; @ 163 c2
Event: 31.371 Thread 0x0000013cae523800 Uncommon trap: reason=unstable_if action=reinterpret pc=0x0000013c9e3bfed4 method=java.util.Properties$LineReader.readLine()I @ 174 c2
Event: 31.372 Thread 0x0000013cae523800 Uncommon trap: reason=unstable_if action=reinterpret pc=0x0000013c9e48ab70 method=sun.net.www.ParseUtil.encodePath(Ljava/lang/String;Z)Ljava/lang/String; @ 1 c2
Event: 31.372 Thread 0x0000013cae523800 Uncommon trap: reason=unstable_if action=reinterpret pc=0x0000013c9e3ac560 method=java.net.URI.match(CJJ)Z @ 45 c2
Event: 32.155 Thread 0x0000013caf97d000 Uncommon trap: reason=unstable_if action=reinterpret pc=0x0000013c9e4227c4 method=java.lang.AbstractStringBuilder.append(I)Ljava/lang/AbstractStringBuilder; @ 21 c2
Event: 32.745 Thread 0x0000013caf97d000 Uncommon trap: reason=unstable_if action=reinterpret pc=0x0000013c9e443480 method=java.lang.AbstractStringBuilder.appendChars([CII)V @ 43 c2

Classes redefined (0 events):
No events

Internal exceptions (10 events):
Event: 28.650 Thread 0x0000013caf97c800 Exception <a 'java/lang/ClassNotFoundException'{0x000000008bd50878}: java/lang/ObjectCustomizer> (0x000000008bd50878) thrown at [t:/workspace/open/src/hotspot/share/classfile/systemDictionary.cpp, line 233]
Event: 28.660 Thread 0x0000013caf97c800 Exception <a 'java/lang/ClassNotFoundException'{0x000000008bd601f0}: org/springframework/web/servlet/view/DefaultRequestToViewNameTranslatorCustomizer> (0x000000008bd601f0) thrown at [t:/workspace/open/src/hotspot/share/classfile/systemDictionary.cpp, lin
Event: 28.666 Thread 0x0000013caf97c800 Exception <a 'java/lang/ClassNotFoundException'{0x000000008bd7bfa8}: org/springframework/web/servlet/RequestToViewNameTranslatorCustomizer> (0x000000008bd7bfa8) thrown at [t:/workspace/open/src/hotspot/share/classfile/systemDictionary.cpp, line 233]
Event: 28.684 Thread 0x0000013caf97c800 Exception <a 'java/lang/ClassNotFoundException'{0x000000008bdae8d0}: java/lang/ObjectCustomizer> (0x000000008bdae8d0) thrown at [t:/workspace/open/src/hotspot/share/classfile/systemDictionary.cpp, line 233]
Event: 28.689 Thread 0x0000013caf97c800 Exception <a 'java/lang/ClassNotFoundException'{0x000000008bdbd8b8}: org/springframework/web/servlet/support/AbstractFlashMapManagerCustomizer> (0x000000008bdbd8b8) thrown at [t:/workspace/open/src/hotspot/share/classfile/systemDictionary.cpp, line 233]
Event: 28.695 Thread 0x0000013caf97c800 Exception <a 'java/lang/ClassNotFoundException'{0x000000008bdce520}: org/springframework/web/servlet/support/SessionFlashMapManagerCustomizer> (0x000000008bdce520) thrown at [t:/workspace/open/src/hotspot/share/classfile/systemDictionary.cpp, line 233]
Event: 28.700 Thread 0x0000013caf97c800 Exception <a 'java/lang/ClassNotFoundException'{0x000000008bddb9d0}: org/springframework/web/servlet/FlashMapManagerCustomizer> (0x000000008bddb9d0) thrown at [t:/workspace/open/src/hotspot/share/classfile/systemDictionary.cpp, line 233]
Event: 28.771 Thread 0x0000013caf97c800 Exception <a 'java/lang/NoSuchMethodError'{0x000000008bcbe9a8}: java.lang.Object.lambda$thenComparing$36697e65$1(Ljava/util/Comparator;Ljava/lang/Object;Ljava/lang/Object;)I> (0x000000008bcbe9a8) thrown at [t:/workspace/open/src/hotspot/share/interpreter/
Event: 29.086 Thread 0x0000013caf97c800 Exception <a 'java/lang/NoSuchMethodError'{0x000000008b9c2c10}: java.lang.Object.lambda$union$1(Ljava/util/regex/Pattern$CharPredicate;I)Z> (0x000000008b9c2c10) thrown at [t:/workspace/open/src/hotspot/share/interpreter/linkResolver.cpp, line 741]
Event: 32.787 Thread 0x0000013caf97d000 Exception <a 'java/lang/ArrayIndexOutOfBoundsException'{0x000000008ff5cd30}: 7370> (0x000000008ff5cd30) thrown at [t:/workspace/open/src/hotspot/share/interpreter/interpreterRuntime.cpp, line 372]

Events (10 events):
Event: 32.808 loading class org/eclipse/jdt/internal/compiler/lookup/MostSpecificExceptionMethodBinding
Event: 32.808 loading class org/eclipse/jdt/internal/compiler/lookup/MostSpecificExceptionMethodBinding done
Event: 32.810 loading class org/eclipse/jdt/internal/compiler/lookup/ImportBinding
Event: 32.810 loading class org/eclipse/jdt/internal/compiler/lookup/ImportBinding done
Event: 32.811 loading class org/eclipse/jdt/internal/compiler/lookup/ImportConflictBinding
Event: 32.811 loading class org/eclipse/jdt/internal/compiler/lookup/ImportConflictBinding done
Event: 32.812 loading class org/eclipse/jdt/internal/compiler/lookup/Scope$Substitutor
Event: 32.812 loading class org/eclipse/jdt/internal/compiler/lookup/Scope$Substitutor done
Event: 32.813 loading class org/eclipse/jdt/internal/compiler/env/INameEnvironmentExtension
Event: 32.813 loading class org/eclipse/jdt/internal/compiler/env/INameEnvironmentExtension done


Dynamic libraries:
0x00007ff688df0000 - 0x00007ff688e2e000 	D:\Program Files\JAVA1\bin\javaw.exe
0x00007ffb56d00000 - 0x00007ffb56ee0000 	C:\windows\SYSTEM32\ntdll.dll
0x00007ffb54bc0000 - 0x00007ffb54c6e000 	C:\windows\System32\KERNEL32.DLL
0x00007ffb53ee0000 - 0x00007ffb54146000 	C:\windows\System32\KERNELBASE.dll
0x00007ffb54510000 - 0x00007ffb545b1000 	C:\windows\System32\ADVAPI32.dll
0x00007ffb55350000 - 0x00007ffb553ed000 	C:\windows\System32\msvcrt.dll
0x00007ffb548d0000 - 0x00007ffb5492b000 	C:\windows\System32\sechost.dll
0x00007ffb54630000 - 0x00007ffb5474f000 	C:\windows\System32\RPCRT4.dll
0x00007ffb56ab0000 - 0x00007ffb56c3f000 	C:\windows\System32\USER32.dll
0x00007ffb536c0000 - 0x00007ffb536e0000 	C:\windows\System32\win32u.dll
0x00007ffb56c40000 - 0x00007ffb56c68000 	C:\windows\System32\GDI32.dll
0x00007ffb53300000 - 0x00007ffb53493000 	C:\windows\System32\gdi32full.dll
0x00007ffb53260000 - 0x00007ffb532fb000 	C:\windows\System32\msvcp_win.dll
0x00007ffb53100000 - 0x00007ffb531f4000 	C:\windows\System32\ucrtbase.dll
0x00007ffb43380000 - 0x00007ffb435e9000 	C:\windows\WinSxS\amd64_microsoft.windows.common-controls_6595b64144ccf1df_6.0.16299.1087_none_0f9074b65a6589b7\COMCTL32.dll
0x00007ffb43600000 - 0x00007ffb4360a000 	C:\windows\SYSTEM32\VERSION.dll
0x00007ffb54200000 - 0x00007ffb54506000 	C:\windows\System32\combase.dll
0x00007ffb54150000 - 0x00007ffb541c2000 	C:\windows\System32\bcryptPrimitives.dll
0x00007ffb541d0000 - 0x00007ffb541fd000 	C:\windows\System32\IMM32.DLL
0x00007ffb3b490000 - 0x00007ffb3b57f000 	D:\Program Files\JAVA1\bin\msvcr120.dll
0x00007ffb361a0000 - 0x00007ffb36246000 	D:\Program Files\JAVA1\bin\msvcp120.dll
0x000000005c9b0000 - 0x000000005d420000 	D:\Program Files\JAVA1\bin\server\jvm.dll
0x00007ffb54bb0000 - 0x00007ffb54bb8000 	C:\windows\System32\PSAPI.DLL
0x00007ffb4f1a0000 - 0x00007ffb4f1c3000 	C:\windows\SYSTEM32\WINMM.dll
0x00007ffb4f140000 - 0x00007ffb4f16a000 	C:\windows\SYSTEM32\WINMMBASE.dll
0x00007ffb53670000 - 0x00007ffb536ba000 	C:\windows\System32\cfgmgr32.dll
0x00007ffb42af0000 - 0x00007ffb42af9000 	C:\windows\SYSTEM32\WSOCK32.dll
0x00007ffb545c0000 - 0x00007ffb5462c000 	C:\windows\System32\WS2_32.dll
0x00007ffb47500000 - 0x00007ffb4750f000 	D:\Program Files\JAVA1\bin\verify.dll
0x00007ffb42ba0000 - 0x00007ffb42d68000 	C:\windows\SYSTEM32\DBGHELP.DLL
0x00007ffb42b70000 - 0x00007ffb42b99000 	C:\windows\SYSTEM32\dbgcore.DLL
0x00007ffb43610000 - 0x00007ffb43637000 	D:\Program Files\JAVA1\bin\java.dll
0x00007ffb46f30000 - 0x00007ffb46f46000 	D:\Program Files\JAVA1\bin\zip.dll
0x00007ffb46380000 - 0x00007ffb4638a000 	D:\Program Files\JAVA1\bin\jimage.dll
0x00007ffb55670000 - 0x00007ffb56aa8000 	C:\windows\System32\SHELL32.dll
0x00007ffb547c0000 - 0x00007ffb54866000 	C:\windows\System32\shcore.dll
0x00007ffb53790000 - 0x00007ffb53ed7000 	C:\windows\System32\windows.storage.dll
0x00007ffb54870000 - 0x00007ffb548c1000 	C:\windows\System32\shlwapi.dll
0x00007ffb530e0000 - 0x00007ffb530f1000 	C:\windows\System32\kernel.appcore.dll
0x00007ffb53050000 - 0x00007ffb5309c000 	C:\windows\System32\powrprof.dll
0x00007ffb530a0000 - 0x00007ffb530bb000 	C:\windows\System32\profapi.dll
0x00007ffb45a40000 - 0x00007ffb45a5a000 	D:\Program Files\JAVA1\bin\net.dll
0x00007ffb489a0000 - 0x00007ffb48a7e000 	C:\windows\SYSTEM32\WINHTTP.dll
0x00007ffb528b0000 - 0x00007ffb52916000 	C:\windows\system32\mswsock.dll
0x00007ffb45300000 - 0x00007ffb45311000 	D:\Program Files\JAVA1\bin\nio.dll
0x00007ffb46370000 - 0x00007ffb46379000 	D:\Program Files\JAVA1\bin\management.dll
0x00007ffb462d0000 - 0x00007ffb462da000 	D:\Program Files\JAVA1\bin\management_ext.dll
0x00007ffb42e20000 - 0x00007ffb42e36000 	C:\windows\system32\napinsp.dll
0x00007ffb42e00000 - 0x00007ffb42e1a000 	C:\windows\system32\pnrpnsp.dll
0x00007ffb4f5b0000 - 0x00007ffb4f5c8000 	C:\windows\system32\NLAapi.dll
0x00007ffb52680000 - 0x00007ffb52736000 	C:\windows\SYSTEM32\DNSAPI.dll
0x00007ffb55660000 - 0x00007ffb55668000 	C:\windows\System32\NSI.dll
0x00007ffb52640000 - 0x00007ffb52679000 	C:\windows\SYSTEM32\IPHLPAPI.DLL
0x00007ffb42df0000 - 0x00007ffb42dfe000 	C:\windows\System32\winrnr.dll
0x00007ffb4cc50000 - 0x00007ffb4cc65000 	C:\windows\System32\wshbth.dll
0x00007ffb47da0000 - 0x00007ffb47daa000 	C:\Windows\System32\rasadhlp.dll
0x00007ffb48020000 - 0x00007ffb48090000 	C:\windows\System32\fwpuclnt.dll
0x00007ffb52b80000 - 0x00007ffb52ba5000 	C:\windows\SYSTEM32\bcrypt.dll
0x00007ffb52a70000 - 0x00007ffb52a87000 	C:\windows\SYSTEM32\CRYPTSP.dll
0x00007ffb524b0000 - 0x00007ffb524e3000 	C:\windows\system32\rsaenh.dll
0x00007ffb52f80000 - 0x00007ffb52fa9000 	C:\windows\SYSTEM32\USERENV.dll
0x00007ffb52a90000 - 0x00007ffb52a9b000 	C:\windows\SYSTEM32\CRYPTBASE.dll
0x00007ffb4cac0000 - 0x00007ffb4cad6000 	C:\windows\SYSTEM32\dhcpcsvc6.DLL
0x00007ffb4c9e0000 - 0x00007ffb4c9fa000 	C:\windows\SYSTEM32\dhcpcsvc.DLL

dbghelp: loaded successfully - version: 4.0.5 - missing functions: none
symbol engine: initialized successfully - sym options: 0x614 - pdb path: .;D:\Program Files\JAVA1\bin;C:\windows\SYSTEM32;C:\windows\WinSxS\amd64_microsoft.windows.common-controls_6595b64144ccf1df_6.0.16299.1087_none_0f9074b65a6589b7;D:\Program Files\JAVA1\bin\server

VM Arguments:
jvm_args: -Dfile.encoding=UTF-8 
java_command: com.java.App
java_class_path (initial): C:\Users\Administrator\git\yaojiusong111\spring-boot-mybatis\target\classes;D:\Apache\maven-repository\org\springframework\boot\spring-boot-starter-web\2.0.5.RELEASE\spring-boot-starter-web-2.0.5.RELEASE.jar;D:\Apache\maven-repository\org\springframework\boot\spring-boot-starter\2.0.5.RELEASE\spring-boot-starter-2.0.5.RELEASE.jar;D:\Apache\maven-repository\org\springframework\boot\spring-boot-starter-logging\2.0.5.RELEASE\spring-boot-starter-logging-2.0.5.RELEASE.jar;D:\Apache\maven-repository\ch\qos\logback\logback-classic\1.2.3\logback-classic-1.2.3.jar;D:\Apache\maven-repository\ch\qos\logback\logback-core\1.2.3\logback-core-1.2.3.jar;D:\Apache\maven-repository\org\apache\logging\log4j\log4j-to-slf4j\2.10.0\log4j-to-slf4j-2.10.0.jar;D:\Apache\maven-repository\org\apache\logging\log4j\log4j-api\2.10.0\log4j-api-2.10.0.jar;D:\Apache\maven-repository\org\slf4j\jul-to-slf4j\1.7.25\jul-to-slf4j-1.7.25.jar;D:\Apache\maven-repository\javax\annotation\javax.annotation-api\1.3.2\javax.annotation-api-1.3.2.jar;D:\Apache\maven-repository\org\yaml\snakeyaml\1.19\snakeyaml-1.19.jar;D:\Apache\maven-repository\org\springframework\boot\spring-boot-starter-json\2.0.5.RELEASE\spring-boot-starter-json-2.0.5.RELEASE.jar;D:\Apache\maven-repository\com\fasterxml\jackson\core\jackson-databind\2.9.6\jackson-databind-2.9.6.jar;D:\Apache\maven-repository\com\fasterxml\jackson\core\jackson-annotations\2.9.0\jackson-annotations-2.9.0.jar;D:\Apache\maven-repository\com\fasterxml\jackson\core\jackson-core\2.9.6\jackson-core-2.9.6.jar;D:\Apache\maven-repository\com\fasterxml\jackson\datatype\jackson-datatype-jdk8\2.9.6\jackson-datatype-jdk8-2.9.6.jar;D:\Apache\maven-repository\com\fasterxml\jackson\datatype\jackson-datatype-jsr310\2.9.6\jackson-datatype-jsr310-2.9.6.jar;D:\Apache\maven-repository\com\fasterxml\jackson\module\jackson-module-parameter-names\2.9.6\jackson-module-parameter-names-2.9.6.jar;D:\Apache\maven-repository\org\springframework\boot\spring-boot-
Launcher Type: SUN_STANDARD

Logging:
Log output configuration:
#0: stdout all=warning uptime,level,tags
#1: stderr all=off uptime,level,tags

Environment Variables:
JAVA_HOME=C:\Program Files\Java\jdk1.8.0_191
PATH=D:/jdk1.8/bin/server;D:/jdk1.8/bin;D:/jdk1.8/lib/amd64;D:\app\Administrator\product\11.2.0\dbhome_1\bin;C:\windows\system32;C:\windows;C:\windows\system32\wbem;D:\Apache\apache-maven-3.6.1\bin\;E:\Git\bin;C:\Users\Administrator\AppData\Local\Microsoft\WindowsApps;"C:\Program Files\Java\jdk1.8.0_191\bin;C:\Program Files\Java\jdk1.8.0_191\jre\bin;";;D:\eclipse-jee-photon-R-win32-x86_64\eclipse;
USERNAME=Administrator
OS=Windows_NT
PROCESSOR_IDENTIFIER=Intel64 Family 6 Model 61 Stepping 4, GenuineIntel



---------------  S Y S T E M  ---------------

OS: Windows 10 , 64 bit Build 16299 (10.0.16299.1087)

CPU:total 4 (initial active 4) (2 cores per cpu, 2 threads per core) family 6 model 61 stepping 4, cmov, cx8, fxsr, mmx, sse, sse2, sse3, ssse3, sse4.1, sse4.2, popcnt, avx, avx2, aes, clmul, erms, rtm, 3dnowpref, lzcnt, ht, tsc, tscinvbit, bmi1, bmi2, adx, fma

Memory: 4k page, physical 8061168k(2481012k free), swap 8061168k(2928k free)

vm_info: Java HotSpot(TM) 64-Bit Server VM (10.0.1+10) for windows-amd64 JRE (10.0.1+10), built on Mar 27 2018 02:27:48 by "mach5one" with MS VC++ 12.0 (VS2013)

END.
