#
# There is insufficient memory for the Java Runtime Environment to continue.
# Native memory allocation (malloc) failed to allocate 1404976 bytes for Chunk::new
# Possible reasons:
#   The system is out of physical RAM or swap space
#   The process is running with CompressedOops enabled, and the Java Heap may be blocking the growth of the native heap
# Possible solutions:
#   Reduce memory load on the system
#   Increase physical memory or swap space
#   Check if swap backing store is full
#   Decrease Java heap size (-Xmx/-Xms)
#   Decrease number of Java threads
#   Decrease Java thread stack sizes (-Xss)
#   Set larger code cache with -XX:ReservedCodeCacheSize=
#   JVM is running with Unscaled Compressed Oops mode in which the Java heap is
#     placed in the first 4GB address space. The Java Heap base address is the
#     maximum limit for the native heap growth. Please use -XX:HeapBaseMinAddress
#     to set the Java Heap base and to place the Java Heap above 4GB virtual address.
# This output file may be truncated or incomplete.
#
#  Out of Memory Error (t:/workspace/open/src/hotspot/share/memory/arena.cpp:198), pid=2240, tid=6380
#
# JRE version: Java(TM) SE Runtime Environment (10.0.1+10) (build 10.0.1+10)
# Java VM: Java HotSpot(TM) 64-Bit Server VM (10.0.1+10, mixed mode, tiered, compressed oops, g1 gc, windows-amd64)
# No core dump will be written. Minidumps are not enabled by default on client versions of Windows
#

---------------  S U M M A R Y ------------

Command Line: -Dfile.encoding=UTF-8 com.java.App

Host: Intel(R) Core(TM) i7-5600U CPU @ 2.60GHz, 4 cores, 7G,  Windows 10 , 64 bit Build 16299 (10.0.16299.1087)
Time: Mon May 27 10:42:44 2019 ?D1¨²¡À¨º¡Á?¨º¡À?? elapsed time: 7 seconds (0d 0h 0m 7s)

---------------  T H R E A D  ---------------

Current thread (0x000002cddc311000):  JavaThread "C2 CompilerThread1" daemon [_thread_in_native, id=6380, stack(0x000000fdff600000,0x000000fdff700000)]


Current CompileTask:
C2:   7313 4556       4       org.springframework.boot.context.properties.source.ConfigurationPropertyName::cleanupCharSequence (150 bytes)

Stack: [0x000000fdff600000,0x000000fdff700000]
Native frames: (J=compiled Java code, j=interpreted, Vv=VM code, C=native code)
V  [jvm.dll+0x5a0369]
V  [jvm.dll+0x6bcf81]
V  [jvm.dll+0x6be176]
V  [jvm.dll+0x6be803]
V  [jvm.dll+0x234998]
V  [jvm.dll+0xbb92c]
V  [jvm.dll+0xbbe2c]
V  [jvm.dll+0x34bcf8]
V  [jvm.dll+0x310efa]
V  [jvm.dll+0x31048a]
V  [jvm.dll+0x1ffde1]
V  [jvm.dll+0x1ff066]
V  [jvm.dll+0x17ca6b]
V  [jvm.dll+0x20c81d]
V  [jvm.dll+0x20b5e6]
V  [jvm.dll+0x68bb6f]
V  [jvm.dll+0x59f680]
C  [msvcr120.dll+0x24f7f]
C  [msvcr120.dll+0x25126]
C  [KERNEL32.DLL+0x137e4]
C  [ntdll.dll+0x6cb81]


---------------  P R O C E S S  ---------------

Threads class SMR info:
_java_thread_list=0x000002cdde55c6f0, length=17, elements={
0x000002cdbed08000, 0x000002cddc2d1000, 0x000002cddc2e2000, 0x000002cddcbc2800,
0x000002cddc305000, 0x000002cddc30e000, 0x000002cddc311000, 0x000002cddc313000,
0x000002cddc319000, 0x000002cddcd6c000, 0x000002cddcd74000, 0x000002cddd129800,
0x000002cddd883000, 0x000002cddfcfc000, 0x000002cde1392000, 0x000002cddfba9000,
0x000002cde0faa800
}

Java Threads: ( => current thread )
  0x000002cdbed08000 JavaThread "main" [_thread_blocked, id=11928, stack(0x000000fdfe300000,0x000000fdfe400000)]
  0x000002cddc2d1000 JavaThread "Reference Handler" daemon [_thread_blocked, id=12068, stack(0x000000fdff000000,0x000000fdff100000)]
  0x000002cddc2e2000 JavaThread "Finalizer" daemon [_thread_blocked, id=5996, stack(0x000000fdff100000,0x000000fdff200000)]
  0x000002cddcbc2800 JavaThread "Signal Dispatcher" daemon [_thread_blocked, id=1156, stack(0x000000fdff300000,0x000000fdff400000)]
  0x000002cddc305000 JavaThread "Attach Listener" daemon [_thread_blocked, id=6040, stack(0x000000fdff400000,0x000000fdff500000)]
  0x000002cddc30e000 JavaThread "C2 CompilerThread0" daemon [_thread_in_native, id=5668, stack(0x000000fdff500000,0x000000fdff600000)]
=>0x000002cddc311000 JavaThread "C2 CompilerThread1" daemon [_thread_in_native, id=6380, stack(0x000000fdff600000,0x000000fdff700000)]
  0x000002cddc313000 JavaThread "C1 CompilerThread2" daemon [_thread_blocked, id=7548, stack(0x000000fdff700000,0x000000fdff800000)]
  0x000002cddc319000 JavaThread "Sweeper thread" daemon [_thread_blocked, id=2140, stack(0x000000fdff800000,0x000000fdff900000)]
  0x000002cddcd6c000 JavaThread "Service Thread" daemon [_thread_blocked, id=1276, stack(0x000000fdff900000,0x000000fdffa00000)]
  0x000002cddcd74000 JavaThread "Common-Cleaner" daemon [_thread_blocked, id=5208, stack(0x000000fdffa00000,0x000000fdffb00000)]
  0x000002cddd129800 JavaThread "Thread-0" [_thread_blocked, id=4472, stack(0x000000fdffc00000,0x000000fdffd00000)]
  0x000002cddd883000 JavaThread "restartedMain" [_thread_in_Java, id=988, stack(0x000000fdffd00000,0x000000fdffe00000)]
  0x000002cddfcfc000 JavaThread "Tomcat-startStop-1" daemon [_thread_blocked, id=8160, stack(0x000000fd80000000,0x000000fd80100000)]
  0x000002cde1392000 JavaThread "localhost-startStop-1" daemon [_thread_blocked, id=7560, stack(0x000000fd80100000,0x000000fd80200000)]
  0x000002cddfba9000 JavaThread "ContainerBackgroundProcessor[StandardEngine[Tomcat]]" daemon [_thread_blocked, id=2912, stack(0x000000fd80200000,0x000000fd80300000)]
  0x000002cde0faa800 JavaThread "container-0" [_thread_blocked, id=10568, stack(0x000000fd80300000,0x000000fd80400000)]

Other Threads:
  0x000002cddc2cd800 VMThread "VM Thread" [stack: 0x000000fdfef00000,0x000000fdff000000] [id=9252]
  0x000002cddcd74800 WatcherThread [stack: 0x000000fdffb00000,0x000000fdffc00000] [id=1388]
  0x000002cdbed1f800 GCTaskThread "GC Thread#0" [stack: 0x000000fdfe400000,0x000000fdfe500000] [id=7688]
  0x000002cdbed24800 GCTaskThread "GC Thread#1" [stack: 0x000000fdfe500000,0x000000fdfe600000] [id=5712]
  0x000002cdbed28000 GCTaskThread "GC Thread#2" [stack: 0x000000fdfe600000,0x000000fdfe700000] [id=8892]
  0x000002cdbed31800 GCTaskThread "GC Thread#3" [stack: 0x000000fdfe700000,0x000000fdfe800000] [id=6804]
  0x000002cdbed9a000 ConcurrentGCThread "G1 Main Marker" [stack: 0x000000fdfe800000,0x000000fdfe900000] [id=7424]
  0x000002cdbed9d000 ConcurrentGCThread "G1 Conc#0" [stack: 0x000000fdfe900000,0x000000fdfea00000] [id=5360]
  0x000002cddc152800 ConcurrentGCThread "G1 Refine#0" [stack: 0x000000fdfea00000,0x000000fdfeb00000] [id=7588]
  0x000002cddc153800 ConcurrentGCThread "G1 Refine#1" [stack: 0x000000fdfeb00000,0x000000fdfec00000] [id=1904]
  0x000002cddc154800 ConcurrentGCThread "G1 Refine#2" [stack: 0x000000fdfec00000,0x000000fdfed00000] [id=1724]
  0x000002cddc157800 ConcurrentGCThread "G1 Refine#3" [stack: 0x000000fdfed00000,0x000000fdfee00000] [id=10588]
  0x000002cddc158800 ConcurrentGCThread "G1 Young RemSet Sampling" [stack: 0x000000fdfee00000,0x000000fdfef00000] [id=8900]

Threads with active compile tasks:
C2 CompilerThread04638   !   4       org.springframework.core.annotation.AnnotatedElementUtils::searchWithFindSemantics (773 bytes)
C2 CompilerThread14556       4       org.springframework.boot.context.properties.source.ConfigurationPropertyName::cleanupCharSequence (150 bytes)
C1 CompilerThread24653   !   2       java.util.concurrent.ConcurrentHashMap::putVal (433 bytes)

VM state:not at safepoint (normal execution)

VM Mutex/Monitor currently owned by a thread: None

Heap address: 0x0000000084e00000, size: 1970 MB, Compressed Oops mode: 32-bit
Narrow klass base: 0x0000000000000000, Narrow klass shift: 3
Compressed class space size: 1073741824 Address: 0x0000000100000000

Heap:
 garbage-first heap   total 152576K, used 32105K [0x0000000084e00000, 0x0000000100000000)
  region size 1024K, 18 young (18432K), 8 survivors (8192K)
 Metaspace       used 40021K, capacity 40961K, committed 41216K, reserved 1085440K
  class space    used 4684K, capacity 5115K, committed 5120K, reserved 1048576K
Heap Regions: E=young(eden), S=young(survivor), O=old, HS=humongous(starts), HC=humongous(continues), CS=collection set, F=free, A=archive, TS=gc time stamp, AC=allocation context, TAMS=top-at-mark-start (previous, next)
|   0|0x0000000084e00000, 0x0000000084f00000, 0x0000000084f00000|100%|HS|  |TS  0|AC  0|TAMS 0x0000000084f00000, 0x0000000084f00000|
|   1|0x0000000084f00000, 0x0000000085000000, 0x0000000085000000|100%| O|  |TS  0|AC  0|TAMS 0x0000000085000000, 0x0000000085000000|
|   2|0x0000000085000000, 0x0000000085100000, 0x0000000085100000|100%| O|  |TS  0|AC  0|TAMS 0x0000000085100000, 0x0000000085100000|
|   3|0x0000000085100000, 0x0000000085200000, 0x0000000085200000|100%| O|  |TS  0|AC  0|TAMS 0x0000000085200000, 0x0000000085200000|
|   4|0x0000000085200000, 0x0000000085300000, 0x0000000085300000|100%| O|  |TS  0|AC  0|TAMS 0x0000000085300000, 0x0000000085300000|
|   5|0x0000000085300000, 0x0000000085400000, 0x0000000085400000|100%| O|  |TS  0|AC  0|TAMS 0x0000000085400000, 0x0000000085400000|
|   6|0x0000000085400000, 0x0000000085500000, 0x0000000085500000|100%| O|  |TS  0|AC  0|TAMS 0x0000000085500000, 0x0000000085500000|
|   7|0x0000000085500000, 0x0000000085600000, 0x0000000085600000|100%| O|  |TS  0|AC  0|TAMS 0x0000000085600000, 0x0000000085600000|
|   8|0x0000000085600000, 0x0000000085700000, 0x0000000085700000|100%| O|  |TS  0|AC  0|TAMS 0x0000000085700000, 0x0000000085700000|
|   9|0x0000000085700000, 0x0000000085800000, 0x0000000085800000|100%| O|  |TS  0|AC  0|TAMS 0x0000000085800000, 0x0000000085800000|
|  10|0x0000000085800000, 0x0000000085900000, 0x0000000085900000|100%| O|  |TS  1|AC  0|TAMS 0x00000000858da400, 0x00000000858da400|
|  11|0x0000000085900000, 0x0000000085a00000, 0x0000000085a00000|100%| O|  |TS  1|AC  0|TAMS 0x0000000085900000, 0x0000000085900000|
|  12|0x0000000085a00000, 0x0000000085b00000, 0x0000000085b00000|100%| O|  |TS  1|AC  0|TAMS 0x0000000085a00000, 0x0000000085a00000|
|  13|0x0000000085b00000, 0x0000000085c00000, 0x0000000085c00000|100%| O|  |TS  1|AC  0|TAMS 0x0000000085b00000, 0x0000000085b00000|
|  14|0x0000000085c00000, 0x0000000085d00000, 0x0000000085d00000|100%| O|  |TS  1|AC  0|TAMS 0x0000000085c00000, 0x0000000085c00000|
|  15|0x0000000085d00000, 0x0000000085d00000, 0x0000000085e00000|  0%| F|  |TS  0|AC  0|TAMS 0x0000000085d00000, 0x0000000085d00000|
|  16|0x0000000085e00000, 0x0000000085e00000, 0x0000000085f00000|  0%| F|  |TS  0|AC  0|TAMS 0x0000000085e00000, 0x0000000085e00000|
|  17|0x0000000085f00000, 0x0000000085f00000, 0x0000000086000000|  0%| F|  |TS  0|AC  0|TAMS 0x0000000085f00000, 0x0000000085f00000|
|  18|0x0000000086000000, 0x0000000086000000, 0x0000000086100000|  0%| F|  |TS  0|AC  0|TAMS 0x0000000086000000, 0x0000000086000000|
|  19|0x0000000086100000, 0x0000000086100000, 0x0000000086200000|  0%| F|  |TS  0|AC  0|TAMS 0x0000000086100000, 0x0000000086100000|
|  20|0x0000000086200000, 0x0000000086200000, 0x0000000086300000|  0%| F|  |TS  0|AC  0|TAMS 0x0000000086200000, 0x0000000086200000|
|  21|0x0000000086300000, 0x0000000086300000, 0x0000000086400000|  0%| F|  |TS  0|AC  0|TAMS 0x0000000086300000, 0x0000000086300000|
|  22|0x0000000086400000, 0x0000000086400000, 0x0000000086500000|  0%| F|  |TS  0|AC  0|TAMS 0x0000000086400000, 0x0000000086400000|
|  23|0x0000000086500000, 0x0000000086500000, 0x0000000086600000|  0%| F|  |TS  0|AC  0|TAMS 0x0000000086500000, 0x0000000086500000|
|  24|0x0000000086600000, 0x0000000086600000, 0x0000000086700000|  0%| F|  |TS  0|AC  0|TAMS 0x0000000086600000, 0x0000000086600000|
|  25|0x0000000086700000, 0x0000000086700000, 0x0000000086800000|  0%| F|  |TS  0|AC  0|TAMS 0x0000000086700000, 0x0000000086700000|
|  26|0x0000000086800000, 0x0000000086800000, 0x0000000086900000|  0%| F|  |TS  0|AC  0|TAMS 0x0000000086800000, 0x0000000086800000|
|  27|0x0000000086900000, 0x0000000086900000, 0x0000000086a00000|  0%| F|  |TS  0|AC  0|TAMS 0x0000000086900000, 0x0000000086900000|
|  28|0x0000000086a00000, 0x0000000086a00000, 0x0000000086b00000|  0%| F|  |TS  0|AC  0|TAMS 0x0000000086a00000, 0x0000000086a00000|
|  29|0x0000000086b00000, 0x0000000086b00000, 0x0000000086c00000|  0%| F|  |TS  0|AC  0|TAMS 0x0000000086b00000, 0x0000000086b00000|
|  30|0x0000000086c00000, 0x0000000086c00000, 0x0000000086d00000|  0%| F|  |TS  0|AC  0|TAMS 0x0000000086c00000, 0x0000000086c00000|
|  31|0x0000000086d00000, 0x0000000086d00000, 0x0000000086e00000|  0%| F|  |TS  0|AC  0|TAMS 0x0000000086d00000, 0x0000000086d00000|
|  32|0x0000000086e00000, 0x0000000086e00000, 0x0000000086f00000|  0%| F|  |TS  0|AC  0|TAMS 0x0000000086e00000, 0x0000000086e00000|
|  33|0x0000000086f00000, 0x0000000086f00000, 0x0000000087000000|  0%| F|  |TS  0|AC  0|TAMS 0x0000000086f00000, 0x0000000086f00000|
|  34|0x0000000087000000, 0x0000000087000000, 0x0000000087100000|  0%| F|  |TS  0|AC  0|TAMS 0x0000000087000000, 0x0000000087000000|
|  35|0x0000000087100000, 0x0000000087100000, 0x0000000087200000|  0%| F|  |TS  0|AC  0|TAMS 0x0000000087100000, 0x0000000087100000|
|  36|0x0000000087200000, 0x0000000087200000, 0x0000000087300000|  0%| F|  |TS  0|AC  0|TAMS 0x0000000087200000, 0x0000000087200000|
|  37|0x0000000087300000, 0x0000000087300000, 0x0000000087400000|  0%| F|  |TS  0|AC  0|TAMS 0x0000000087300000, 0x0000000087300000|
|  38|0x0000000087400000, 0x0000000087400000, 0x0000000087500000|  0%| F|  |TS  0|AC  0|TAMS 0x0000000087400000, 0x0000000087400000|
|  39|0x0000000087500000, 0x0000000087500000, 0x0000000087600000|  0%| F|  |TS  0|AC  0|TAMS 0x0000000087500000, 0x0000000087500000|
|  40|0x0000000087600000, 0x0000000087600000, 0x0000000087700000|  0%| F|  |TS  0|AC  0|TAMS 0x0000000087600000, 0x0000000087600000|
|  41|0x0000000087700000, 0x0000000087700000, 0x0000000087800000|  0%| F|  |TS  0|AC  0|TAMS 0x0000000087700000, 0x0000000087700000|
|  42|0x0000000087800000, 0x0000000087800000, 0x0000000087900000|  0%| F|  |TS  0|AC  0|TAMS 0x0000000087800000, 0x0000000087800000|
|  43|0x0000000087900000, 0x0000000087900000, 0x0000000087a00000|  0%| F|  |TS  0|AC  0|TAMS 0x0000000087900000, 0x0000000087900000|
|  44|0x0000000087a00000, 0x0000000087a00000, 0x0000000087b00000|  0%| F|  |TS  0|AC  0|TAMS 0x0000000087a00000, 0x0000000087a00000|
|  45|0x0000000087b00000, 0x0000000087b00000, 0x0000000087c00000|  0%| F|  |TS  0|AC  0|TAMS 0x0000000087b00000, 0x0000000087b00000|
|  46|0x0000000087c00000, 0x0000000087c00000, 0x0000000087d00000|  0%| F|  |TS  0|AC  0|TAMS 0x0000000087c00000, 0x0000000087c00000|
|  47|0x0000000087d00000, 0x0000000087d00000, 0x0000000087e00000|  0%| F|  |TS  0|AC  0|TAMS 0x0000000087d00000, 0x0000000087d00000|
|  48|0x0000000087e00000, 0x0000000087e00000, 0x0000000087f00000|  0%| F|  |TS  0|AC  0|TAMS 0x0000000087e00000, 0x0000000087e00000|
|  49|0x0000000087f00000, 0x0000000087f00000, 0x0000000088000000|  0%| F|  |TS  0|AC  0|TAMS 0x0000000087f00000, 0x0000000087f00000|
|  50|0x0000000088000000, 0x0000000088000000, 0x0000000088100000|  0%| F|  |TS  0|AC  0|TAMS 0x0000000088000000, 0x0000000088000000|
|  51|0x0000000088100000, 0x0000000088100000, 0x0000000088200000|  0%| F|  |TS  0|AC  0|TAMS 0x0000000088100000, 0x0000000088100000|
|  52|0x0000000088200000, 0x0000000088200000, 0x0000000088300000|  0%| F|  |TS  0|AC  0|TAMS 0x0000000088200000, 0x0000000088200000|
|  53|0x0000000088300000, 0x0000000088300000, 0x0000000088400000|  0%| F|  |TS  0|AC  0|TAMS 0x0000000088300000, 0x0000000088300000|
|  54|0x0000000088400000, 0x0000000088400000, 0x0000000088500000|  0%| F|  |TS  0|AC  0|TAMS 0x0000000088400000, 0x0000000088400000|
|  55|0x0000000088500000, 0x0000000088500000, 0x0000000088600000|  0%| F|  |TS  0|AC  0|TAMS 0x0000000088500000, 0x0000000088500000|
|  56|0x0000000088600000, 0x0000000088600000, 0x0000000088700000|  0%| F|  |TS  0|AC  0|TAMS 0x0000000088600000, 0x0000000088600000|
|  57|0x0000000088700000, 0x0000000088700000, 0x0000000088800000|  0%| F|  |TS  0|AC  0|TAMS 0x0000000088700000, 0x0000000088700000|
|  58|0x0000000088800000, 0x0000000088800000, 0x0000000088900000|  0%| F|  |TS  0|AC  0|TAMS 0x0000000088800000, 0x0000000088800000|
|  59|0x0000000088900000, 0x0000000088900000, 0x0000000088a00000|  0%| F|  |TS  0|AC  0|TAMS 0x0000000088900000, 0x0000000088900000|
|  60|0x0000000088a00000, 0x0000000088a00000, 0x0000000088b00000|  0%| F|  |TS  0|AC  0|TAMS 0x0000000088a00000, 0x0000000088a00000|
|  61|0x0000000088b00000, 0x0000000088b00000, 0x0000000088c00000|  0%| F|  |TS  0|AC  0|TAMS 0x0000000088b00000, 0x0000000088b00000|
|  62|0x0000000088c00000, 0x0000000088c00000, 0x0000000088d00000|  0%| F|  |TS  0|AC  0|TAMS 0x0000000088c00000, 0x0000000088c00000|
|  63|0x0000000088d00000, 0x0000000088d00000, 0x0000000088e00000|  0%| F|  |TS  0|AC  0|TAMS 0x0000000088d00000, 0x0000000088d00000|
|  64|0x0000000088e00000, 0x0000000088e00000, 0x0000000088f00000|  0%| F|  |TS  0|AC  0|TAMS 0x0000000088e00000, 0x0000000088e00000|
|  65|0x0000000088f00000, 0x0000000088f00000, 0x0000000089000000|  0%| F|  |TS  0|AC  0|TAMS 0x0000000088f00000, 0x0000000088f00000|
|  66|0x0000000089000000, 0x0000000089000000, 0x0000000089100000|  0%| F|  |TS  0|AC  0|TAMS 0x0000000089000000, 0x0000000089000000|
|  67|0x0000000089100000, 0x0000000089100000, 0x0000000089200000|  0%| F|  |TS  0|AC  0|TAMS 0x0000000089100000, 0x0000000089100000|
|  68|0x0000000089200000, 0x0000000089200000, 0x0000000089300000|  0%| F|  |TS  0|AC  0|TAMS 0x0000000089200000, 0x0000000089200000|
|  69|0x0000000089300000, 0x0000000089300000, 0x0000000089400000|  0%| F|  |TS  0|AC  0|TAMS 0x0000000089300000, 0x0000000089300000|
|  70|0x0000000089400000, 0x0000000089400000, 0x0000000089500000|  0%| F|  |TS  0|AC  0|TAMS 0x0000000089400000, 0x0000000089400000|
|  71|0x0000000089500000, 0x0000000089500000, 0x0000000089600000|  0%| F|  |TS  0|AC  0|TAMS 0x0000000089500000, 0x0000000089500000|
|  72|0x0000000089600000, 0x0000000089600000, 0x0000000089700000|  0%| F|  |TS  0|AC  0|TAMS 0x0000000089600000, 0x0000000089600000|
|  73|0x0000000089700000, 0x0000000089700000, 0x0000000089800000|  0%| F|  |TS  0|AC  0|TAMS 0x0000000089700000, 0x0000000089700000|
|  74|0x0000000089800000, 0x0000000089800000, 0x0000000089900000|  0%| F|  |TS  0|AC  0|TAMS 0x0000000089800000, 0x0000000089800000|
|  75|0x0000000089900000, 0x000000008995a6b0, 0x0000000089a00000| 35%| S|CS|TS  1|AC  0|TAMS 0x0000000089900000, 0x0000000089900000|
|  76|0x0000000089a00000, 0x0000000089b00000, 0x0000000089b00000|100%| S|CS|TS  1|AC  0|TAMS 0x0000000089a00000, 0x0000000089a00000|
|  77|0x0000000089b00000, 0x0000000089c00000, 0x0000000089c00000|100%| S|CS|TS  1|AC  0|TAMS 0x0000000089b00000, 0x0000000089b00000|
|  78|0x0000000089c00000, 0x0000000089d00000, 0x0000000089d00000|100%| S|CS|TS  1|AC  0|TAMS 0x0000000089c00000, 0x0000000089c00000|
|  79|0x0000000089d00000, 0x0000000089e00000, 0x0000000089e00000|100%| S|CS|TS  1|AC  0|TAMS 0x0000000089d00000, 0x0000000089d00000|
|  80|0x0000000089e00000, 0x0000000089f00000, 0x0000000089f00000|100%| S|CS|TS  1|AC  0|TAMS 0x0000000089e00000, 0x0000000089e00000|
|  81|0x0000000089f00000, 0x000000008a000000, 0x000000008a000000|100%| S|CS|TS  1|AC  0|TAMS 0x0000000089f00000, 0x0000000089f00000|
|  82|0x000000008a000000, 0x000000008a100000, 0x000000008a100000|100%| S|CS|TS  1|AC  0|TAMS 0x000000008a000000, 0x000000008a000000|
|  83|0x000000008a100000, 0x000000008a100000, 0x000000008a200000|  0%| F|  |TS  1|AC  0|TAMS 0x000000008a100000, 0x000000008a100000|
|  84|0x000000008a200000, 0x000000008a200000, 0x000000008a300000|  0%| F|  |TS  1|AC  0|TAMS 0x000000008a200000, 0x000000008a200000|
|  85|0x000000008a300000, 0x000000008a300000, 0x000000008a400000|  0%| F|  |TS  1|AC  0|TAMS 0x000000008a300000, 0x000000008a300000|
|  86|0x000000008a400000, 0x000000008a400000, 0x000000008a500000|  0%| F|  |TS  1|AC  0|TAMS 0x000000008a400000, 0x000000008a400000|
|  87|0x000000008a500000, 0x000000008a500000, 0x000000008a600000|  0%| F|  |TS  1|AC  0|TAMS 0x000000008a500000, 0x000000008a500000|
|  88|0x000000008a600000, 0x000000008a600000, 0x000000008a700000|  0%| F|  |TS  1|AC  0|TAMS 0x000000008a600000, 0x000000008a600000|
|  89|0x000000008a700000, 0x000000008a700000, 0x000000008a800000|  0%| F|  |TS  1|AC  0|TAMS 0x000000008a700000, 0x000000008a700000|
|  90|0x000000008a800000, 0x000000008a800000, 0x000000008a900000|  0%| F|  |TS  1|AC  0|TAMS 0x000000008a800000, 0x000000008a800000|
|  91|0x000000008a900000, 0x000000008a900000, 0x000000008aa00000|  0%| F|  |TS  1|AC  0|TAMS 0x000000008a900000, 0x000000008a900000|
|  92|0x000000008aa00000, 0x000000008aa00000, 0x000000008ab00000|  0%| F|  |TS  1|AC  0|TAMS 0x000000008aa00000, 0x000000008aa00000|
|  93|0x000000008ab00000, 0x000000008ab00000, 0x000000008ac00000|  0%| F|  |TS  1|AC  0|TAMS 0x000000008ab00000, 0x000000008ab00000|
|  94|0x000000008ac00000, 0x000000008ac00000, 0x000000008ad00000|  0%| F|  |TS  1|AC  0|TAMS 0x000000008ac00000, 0x000000008ac00000|
|  95|0x000000008ad00000, 0x000000008ad00000, 0x000000008ae00000|  0%| F|  |TS  1|AC  0|TAMS 0x000000008ad00000, 0x000000008ad00000|
|  96|0x000000008ae00000, 0x000000008ae00000, 0x000000008af00000|  0%| F|  |TS  1|AC  0|TAMS 0x000000008ae00000, 0x000000008ae00000|
|  97|0x000000008af00000, 0x000000008af00000, 0x000000008b000000|  0%| F|  |TS  1|AC  0|TAMS 0x000000008af00000, 0x000000008af00000|
|  98|0x000000008b000000, 0x000000008b000000, 0x000000008b100000|  0%| F|  |TS  1|AC  0|TAMS 0x000000008b000000, 0x000000008b000000|
|  99|0x000000008b100000, 0x000000008b100000, 0x000000008b200000|  0%| F|  |TS  1|AC  0|TAMS 0x000000008b100000, 0x000000008b100000|
| 100|0x000000008b200000, 0x000000008b200000, 0x000000008b300000|  0%| F|  |TS  1|AC  0|TAMS 0x000000008b200000, 0x000000008b200000|
| 101|0x000000008b300000, 0x000000008b300000, 0x000000008b400000|  0%| F|  |TS  1|AC  0|TAMS 0x000000008b300000, 0x000000008b300000|
| 102|0x000000008b400000, 0x000000008b400000, 0x000000008b500000|  0%| F|  |TS  1|AC  0|TAMS 0x000000008b400000, 0x000000008b400000|
| 103|0x000000008b500000, 0x000000008b500000, 0x000000008b600000|  0%| F|  |TS  1|AC  0|TAMS 0x000000008b500000, 0x000000008b500000|
| 104|0x000000008b600000, 0x000000008b600000, 0x000000008b700000|  0%| F|  |TS  1|AC  0|TAMS 0x000000008b600000, 0x000000008b600000|
| 105|0x000000008b700000, 0x000000008b700000, 0x000000008b800000|  0%| F|  |TS  1|AC  0|TAMS 0x000000008b700000, 0x000000008b700000|
| 106|0x000000008b800000, 0x000000008b800000, 0x000000008b900000|  0%| F|  |TS  1|AC  0|TAMS 0x000000008b800000, 0x000000008b800000|
| 107|0x000000008b900000, 0x000000008b900000, 0x000000008ba00000|  0%| F|  |TS  1|AC  0|TAMS 0x000000008b900000, 0x000000008b900000|
| 108|0x000000008ba00000, 0x000000008ba00000, 0x000000008bb00000|  0%| F|  |TS  1|AC  0|TAMS 0x000000008ba00000, 0x000000008ba00000|
| 109|0x000000008bb00000, 0x000000008bb00000, 0x000000008bc00000|  0%| F|  |TS  1|AC  0|TAMS 0x000000008bb00000, 0x000000008bb00000|
| 110|0x000000008bc00000, 0x000000008bc00000, 0x000000008bd00000|  0%| F|  |TS  1|AC  0|TAMS 0x000000008bc00000, 0x000000008bc00000|
| 111|0x000000008bd00000, 0x000000008bd00000, 0x000000008be00000|  0%| F|  |TS  1|AC  0|TAMS 0x000000008bd00000, 0x000000008bd00000|
| 112|0x000000008be00000, 0x000000008be00000, 0x000000008bf00000|  0%| F|  |TS  1|AC  0|TAMS 0x000000008be00000, 0x000000008be00000|
| 113|0x000000008bf00000, 0x000000008bf00000, 0x000000008c000000|  0%| F|  |TS  1|AC  0|TAMS 0x000000008bf00000, 0x000000008bf00000|
| 114|0x000000008c000000, 0x000000008c000000, 0x000000008c100000|  0%| F|  |TS  1|AC  0|TAMS 0x000000008c000000, 0x000000008c000000|
| 115|0x000000008c100000, 0x000000008c100000, 0x000000008c200000|  0%| F|  |TS  1|AC  0|TAMS 0x000000008c100000, 0x000000008c100000|
| 116|0x000000008c200000, 0x000000008c200000, 0x000000008c300000|  0%| F|  |TS  1|AC  0|TAMS 0x000000008c200000, 0x000000008c200000|
| 117|0x000000008c300000, 0x000000008c300000, 0x000000008c400000|  0%| F|  |TS  1|AC  0|TAMS 0x000000008c300000, 0x000000008c300000|
| 118|0x000000008c400000, 0x000000008c400000, 0x000000008c500000|  0%| F|  |TS  1|AC  0|TAMS 0x000000008c400000, 0x000000008c400000|
| 119|0x000000008c500000, 0x000000008c500000, 0x000000008c600000|  0%| F|  |TS  1|AC  0|TAMS 0x000000008c500000, 0x000000008c500000|
| 120|0x000000008c600000, 0x000000008c600000, 0x000000008c700000|  0%| F|  |TS  1|AC  0|TAMS 0x000000008c600000, 0x000000008c600000|
| 121|0x000000008c700000, 0x000000008c700000, 0x000000008c800000|  0%| F|  |TS  1|AC  0|TAMS 0x000000008c700000, 0x000000008c700000|
| 122|0x000000008c800000, 0x000000008c800000, 0x000000008c900000|  0%| F|  |TS  1|AC  0|TAMS 0x000000008c800000, 0x000000008c800000|
| 123|0x000000008c900000, 0x000000008c900000, 0x000000008ca00000|  0%| F|  |TS  1|AC  0|TAMS 0x000000008c900000, 0x000000008c900000|
| 124|0x000000008ca00000, 0x000000008ca00000, 0x000000008cb00000|  0%| F|  |TS  1|AC  0|TAMS 0x000000008ca00000, 0x000000008ca00000|
| 125|0x000000008cb00000, 0x000000008cb00000, 0x000000008cc00000|  0%| F|  |TS  1|AC  0|TAMS 0x000000008cb00000, 0x000000008cb00000|
| 126|0x000000008cc00000, 0x000000008cc00000, 0x000000008cd00000|  0%| F|  |TS  1|AC  0|TAMS 0x000000008cc00000, 0x000000008cc00000|
| 127|0x000000008cd00000, 0x000000008cd00000, 0x000000008ce00000|  0%| F|  |TS  1|AC  0|TAMS 0x000000008cd00000, 0x000000008cd00000|
| 128|0x000000008ce00000, 0x000000008ce00000, 0x000000008cf00000|  0%| F|  |TS  1|AC  0|TAMS 0x000000008ce00000, 0x000000008ce00000|
| 129|0x000000008cf00000, 0x000000008cf00000, 0x000000008d000000|  0%| F|  |TS  1|AC  0|TAMS 0x000000008cf00000, 0x000000008cf00000|
| 130|0x000000008d000000, 0x000000008d000000, 0x000000008d100000|  0%| F|  |TS  1|AC  0|TAMS 0x000000008d000000, 0x000000008d000000|
| 131|0x000000008d100000, 0x000000008d100000, 0x000000008d200000|  0%| F|  |TS  1|AC  0|TAMS 0x000000008d100000, 0x000000008d100000|
| 132|0x000000008d200000, 0x000000008d200000, 0x000000008d300000|  0%| F|  |TS  1|AC  0|TAMS 0x000000008d200000, 0x000000008d200000|
| 133|0x000000008d300000, 0x000000008d300000, 0x000000008d400000|  0%| F|  |TS  1|AC  0|TAMS 0x000000008d300000, 0x000000008d300000|
| 134|0x000000008d400000, 0x000000008d400000, 0x000000008d500000|  0%| F|  |TS  1|AC  0|TAMS 0x000000008d400000, 0x000000008d400000|
| 135|0x000000008d500000, 0x000000008d500000, 0x000000008d600000|  0%| F|  |TS  1|AC  0|TAMS 0x000000008d500000, 0x000000008d500000|
| 136|0x000000008d600000, 0x000000008d600000, 0x000000008d700000|  0%| F|  |TS  1|AC  0|TAMS 0x000000008d600000, 0x000000008d600000|
| 137|0x000000008d700000, 0x000000008d700000, 0x000000008d800000|  0%| F|  |TS  1|AC  0|TAMS 0x000000008d700000, 0x000000008d700000|
| 138|0x000000008d800000, 0x000000008d880800, 0x000000008d900000| 50%| E|  |TS  1|AC  0|TAMS 0x000000008d800000, 0x000000008d800000|
| 139|0x000000008d900000, 0x000000008da00000, 0x000000008da00000|100%| E|CS|TS  1|AC  0|TAMS 0x000000008d900000, 0x000000008d900000|
| 140|0x000000008da00000, 0x000000008db00000, 0x000000008db00000|100%| E|CS|TS  1|AC  0|TAMS 0x000000008da00000, 0x000000008da00000|
| 141|0x000000008db00000, 0x000000008dc00000, 0x000000008dc00000|100%| E|CS|TS  1|AC  0|TAMS 0x000000008db00000, 0x000000008db00000|
| 142|0x000000008dc00000, 0x000000008dd00000, 0x000000008dd00000|100%| E|CS|TS  1|AC  0|TAMS 0x000000008dc00000, 0x000000008dc00000|
| 143|0x000000008dd00000, 0x000000008de00000, 0x000000008de00000|100%| E|CS|TS  1|AC  0|TAMS 0x000000008dd00000, 0x000000008dd00000|
| 144|0x000000008de00000, 0x000000008df00000, 0x000000008df00000|100%| E|CS|TS  1|AC  0|TAMS 0x000000008de00000, 0x000000008de00000|
| 145|0x000000008df00000, 0x000000008e000000, 0x000000008e000000|100%| E|CS|TS  1|AC  0|TAMS 0x000000008df00000, 0x000000008df00000|
| 146|0x000000008e000000, 0x000000008e100000, 0x000000008e100000|100%| E|CS|TS  1|AC  0|TAMS 0x000000008e000000, 0x000000008e000000|
| 147|0x000000008e100000, 0x000000008e200000, 0x000000008e200000|100%| E|CS|TS  1|AC  0|TAMS 0x000000008e100000, 0x000000008e100000|
| 148|0x000000008e200000, 0x000000008e300000, 0x000000008e300000|100%| E|CS|TS  1|AC  0|TAMS 0x000000008e200000, 0x000000008e200000|

Card table byte_map: [0x000002cdd5890000,0x000002cdd5c70000] byte_map_base: 0x000002cdd5469000

Marking Bits (Prev, Next): (CMBitMap*) 0x000002cdbed99200, (CMBitMap*) 0x000002cdbed99238
 Prev Bits: [0x000002cdd6050000, 0x000002cdd7f18000)
 Next Bits: [0x000002cdd7f20000, 0x000002cdd9de8000)

Polling page: 0x000002cdba6f0000

CodeHeap 'non-profiled nmethods': size=120064Kb used=2487Kb max_used=2487Kb free=117576Kb
 bounds [0x000002cdcdf70000, 0x000002cdce1e0000, 0x000002cdd54b0000]
CodeHeap 'profiled nmethods': size=120000Kb used=11133Kb max_used=11133Kb free=108866Kb
 bounds [0x000002cdc6a40000, 0x000002cdc7530000, 0x000002cdcdf70000]
CodeHeap 'non-nmethods': size=5696Kb used=1155Kb max_used=1199Kb free=4540Kb
 bounds [0x000002cdc64b0000, 0x000002cdc6720000, 0x000002cdc6a40000]
 total_blobs=6216 nmethods=4437 adapters=404
 compilation: enabled

Compilation events (10 events):
Event: 7.097 Thread 0x000002cddc313000 4571       1       org.springframework.boot.context.properties.bind.Binder$Context::getConverter (5 bytes)
Event: 7.097 Thread 0x000002cddc313000 nmethod 4571 0x000002cdcdfc8b10 code [0x000002cdcdfc8cc0, 0x000002cdcdfc8dd8]
Event: 7.097 Thread 0x000002cddc313000 4574       1       org.springframework.boot.context.properties.bind.Bindable::getAnnotations (5 bytes)
Event: 7.097 Thread 0x000002cddc313000 nmethod 4574 0x000002cdce1cd890 code [0x000002cdce1cda40, 0x000002cdce1cdb58]
Event: 7.097 Thread 0x000002cddc313000 4575       3       java.util.stream.AbstractPipeline::sourceSpliterator (265 bytes)
Event: 7.099 Thread 0x000002cddc313000 nmethod 4575 0x000002cdc74f1090 code [0x000002cdc74f1340, 0x000002cdc74f2370]
Event: 7.099 Thread 0x000002cddc313000 4577       3       org.springframework.core.convert.TypeDescriptor$AnnotatedElementAdapter::getAnnotations (18 bytes)
Event: 7.099 Thread 0x000002cddc313000 nmethod 4577 0x000002cdc6ac4d90 code [0x000002cdc6ac4f40, 0x000002cdc6ac5158]
Event: 7.099 Thread 0x000002cddc313000 4576       1       java.util.stream.FindOps$FindOp::getOpFlags (5 bytes)
Event: 7.099 Thread 0x000002cddc313000 nmethod 4576 0x000002cdce1cdc10 code [0x000002cdce1cddc0, 0x000002cdce1cded8]

GC Heap History (10 events):
Event: 1.453 GC heap before
{Heap before GC invocations=2 (full 0):
 garbage-first heap   total 126976K, used 31518K [0x0000000084e00000, 0x0000000100000000)
  region size 1024K, 26 young (26624K), 1 survivors (1024K)
 Metaspace       used 16021K, capacity 16454K, committed 16640K, reserved 1064960K
  class space    used 1819K, capacity 1975K, committed 2048K, reserved 1048576K
}
Event: 1.460 GC heap after
{Heap after GC invocations=3 (full 0):
 garbage-first heap   total 126976K, used 7171K [0x0000000084e00000, 0x0000000100000000)
  region size 1024K, 2 young (2048K), 2 survivors (2048K)
 Metaspace       used 16021K, capacity 16454K, committed 16640K, reserved 1064960K
  class space    used 1819K, capacity 1975K, committed 2048K, reserved 1048576K
}
Event: 1.885 GC heap before
{Heap before GC invocations=3 (full 0):
 garbage-first heap   total 126976K, used 31747K [0x0000000084e00000, 0x0000000100000000)
  region size 1024K, 27 young (27648K), 2 survivors (2048K)
 Metaspace       used 20585K, capacity 21064K, committed 21296K, reserved 1069056K
  class space    used 2419K, capacity 2643K, committed 2688K, reserved 1048576K
}
Event: 1.889 GC heap after
{Heap after GC invocations=4 (full 0):
 garbage-first heap   total 126976K, used 8333K [0x0000000084e00000, 0x0000000100000000)
  region size 1024K, 3 young (3072K), 3 survivors (3072K)
 Metaspace       used 20585K, capacity 21064K, committed 21296K, reserved 1069056K
  class space    used 2419K, capacity 2643K, committed 2688K, reserved 1048576K
}
Event: 3.459 GC heap before
{Heap before GC invocations=5 (full 0):
 garbage-first heap   total 126976K, used 66701K [0x0000000084e00000, 0x0000000100000000)
  region size 1024K, 60 young (61440K), 3 survivors (3072K)
 Metaspace       used 28322K, capacity 29046K, committed 29312K, reserved 1075200K
  class space    used 3315K, capacity 3614K, committed 3712K, reserved 1048576K
}
Event: 3.469 GC heap after
{Heap after GC invocations=6 (full 0):
 garbage-first heap   total 152576K, used 11288K [0x0000000084e00000, 0x0000000100000000)
  region size 1024K, 6 young (6144K), 6 survivors (6144K)
 Metaspace       used 28322K, capacity 29046K, committed 29312K, reserved 1075200K
  class space    used 3315K, capacity 3614K, committed 3712K, reserved 1048576K
}
Event: 5.237 GC heap before
{Heap before GC invocations=6 (full 0):
 garbage-first heap   total 152576K, used 82968K [0x0000000084e00000, 0x0000000100000000)
  region size 1024K, 76 young (77824K), 6 survivors (6144K)
 Metaspace       used 33603K, capacity 34470K, committed 34816K, reserved 1079296K
  class space    used 3962K, capacity 4317K, committed 4352K, reserved 1048576K
}
Event: 5.251 GC heap after
{Heap after GC invocations=7 (full 0):
 garbage-first heap   total 152576K, used 15209K [0x0000000084e00000, 0x0000000100000000)
  region size 1024K, 8 young (8192K), 8 survivors (8192K)
 Metaspace       used 33603K, capacity 34470K, committed 34816K, reserved 1079296K
  class space    used 3962K, capacity 4317K, committed 4352K, reserved 1048576K
}
Event: 5.911 GC heap before
{Heap before GC invocations=7 (full 0):
 garbage-first heap   total 152576K, used 22377K [0x0000000084e00000, 0x0000000100000000)
  region size 1024K, 16 young (16384K), 8 survivors (8192K)
 Metaspace       used 34874K, capacity 35712K, committed 35920K, reserved 1081344K
  class space    used 4110K, capacity 4456K, committed 4480K, reserved 1048576K
}
Event: 5.924 GC heap after
{Heap after GC invocations=8 (full 0):
 garbage-first heap   total 152576K, used 17613K [0x0000000084e00000, 0x0000000100000000)
  region size 1024K, 7 young (7168K), 7 survivors (7168K)
 Metaspace       used 34874K, capacity 35712K, committed 35920K, reserved 1081344K
  class space    used 4110K, capacity 4456K, committed 4480K, reserved 1048576K
}

Deoptimization events (10 events):
Event: 6.322 Thread 0x000002cde1392000 Uncommon trap: reason=class_check action=maybe_recompile pc=0x000002cdce0b372c method=java.util.zip.InflaterInputStream.read([BII)I @ 100 c2
Event: 6.322 Thread 0x000002cde1392000 Uncommon trap: reason=class_check action=maybe_recompile pc=0x000002cdce0b372c method=java.util.zip.InflaterInputStream.read([BII)I @ 100 c2
Event: 6.618 Thread 0x000002cde1392000 Uncommon trap: reason=unstable_if action=reinterpret pc=0x000002cdce04fdc0 method=com.sun.org.apache.xerces.internal.utils.XMLSecurityManager.isOverLimit(ILcom/sun/org/apache/xerces/internal/utils/XMLLimitAnalyzer;)Z @ 28 c2
Event: 6.700 Thread 0x000002cde1392000 Uncommon trap: reason=unstable_if action=reinterpret pc=0x000002cdce19beb4 method=java.util.Properties$LineReader.readLine()I @ 388 c2
Event: 6.701 Thread 0x000002cde1392000 Uncommon trap: reason=unstable_if action=reinterpret pc=0x000002cdce185ef0 method=java.util.Properties$LineReader.readLine()I @ 388 c2
Event: 6.711 Thread 0x000002cde1392000 Uncommon trap: reason=unstable_if action=reinterpret pc=0x000002cdce09fce4 method=java.io.BufferedInputStream.read()I @ 23 c2
Event: 6.997 Thread 0x000002cddd883000 Uncommon trap: reason=bimorphic_or_optimized_type_check action=maybe_recompile pc=0x000002cdce1a674c method=java.util.Hashtable.get(Ljava/lang/Object;)Ljava/lang/Object; @ 6 c2
Event: 6.997 Thread 0x000002cddd883000 Uncommon trap: reason=bimorphic_or_optimized_type_check action=maybe_recompile pc=0x000002cdce1a674c method=java.util.Hashtable.get(Ljava/lang/Object;)Ljava/lang/Object; @ 6 c2
Event: 7.014 Thread 0x000002cddd883000 Uncommon trap: reason=unloaded action=reinterpret pc=0x000002cdce133dc8 method=java.lang.Class.createAnnotationData(I)Ljava/lang/Class$AnnotationData; @ 98 c2
Event: 7.042 Thread 0x000002cddd883000 Uncommon trap: reason=unstable_if action=reinterpret pc=0x000002cdce145520 method=org.springframework.beans.factory.support.AbstractBeanFactory.isTypeMatch(Ljava/lang/String;Lorg/springframework/core/ResolvableType;)Z @ 415 c2

Classes redefined (0 events):
No events

Internal exceptions (10 events):
Event: 7.053 Thread 0x000002cddd883000 Exception <a 'java/lang/ClassNotFoundException'{0x000000008aa0df68}: java/lang/ObjectCustomizer> (0x000000008aa0df68) thrown at [t:/workspace/open/src/hotspot/share/classfile/systemDictionary.cpp, line 233]
Event: 7.054 Thread 0x000002cddd883000 Exception <a 'java/lang/ClassNotFoundException'{0x000000008aa1c3a8}: org/mybatis/spring/boot/autoconfigure/MybatisPropertiesCustomizer> (0x000000008aa1c3a8) thrown at [t:/workspace/open/src/hotspot/share/classfile/systemDictionary.cpp, line 233]
Event: 7.072 Thread 0x000002cddd883000 Exception <a 'java/lang/ClassNotFoundException'{0x000000008aa8b8b0}: java/lang/ObjectCustomizer> (0x000000008aa8b8b0) thrown at [t:/workspace/open/src/hotspot/share/classfile/systemDictionary.cpp, line 233]
Event: 7.074 Thread 0x000002cddd883000 Exception <a 'java/lang/ClassNotFoundException'{0x000000008aa9b6b0}: org/springframework/boot/autoconfigure/jdbc/DataSourceConfiguration$GenericCustomizer> (0x000000008aa9b6b0) thrown at [t:/workspace/open/src/hotspot/share/classfile/systemDictionary.cpp,
Event: 7.078 Thread 0x000002cddd883000 Exception <a 'java/lang/ClassNotFoundException'{0x000000008aabcb90}: java/lang/ObjectCustomizer> (0x000000008aabcb90) thrown at [t:/workspace/open/src/hotspot/share/classfile/systemDictionary.cpp, line 233]
Event: 7.079 Thread 0x000002cddd883000 Exception <a 'java/lang/ClassNotFoundException'{0x000000008aacbc90}: org/springframework/boot/autoconfigure/jdbc/DataSourcePropertiesCustomizer> (0x000000008aacbc90) thrown at [t:/workspace/open/src/hotspot/share/classfile/systemDictionary.cpp, line 233]
Event: 7.082 Thread 0x000002cddd883000 Exception <a 'java/lang/ClassNotFoundException'{0x000000008a903b00}: org/springframework/beans/factory/BeanClassLoaderAwareCustomizer> (0x000000008a903b00) thrown at [t:/workspace/open/src/hotspot/share/classfile/systemDictionary.cpp, line 233]
Event: 7.083 Thread 0x000002cddd883000 Exception <a 'java/lang/ClassNotFoundException'{0x000000008a90fac0}: org/springframework/beans/factory/InitializingBeanCustomizer> (0x000000008a90fac0) thrown at [t:/workspace/open/src/hotspot/share/classfile/systemDictionary.cpp, line 233]
Event: 7.124 Thread 0x000002cddd883000 Exception <a 'java/lang/NoSuchMethodError'{0x000000008a8ee3c8}: java.lang.invoke.DirectMethodHandle$Holder.invokeVirtual(Ljava/lang/Object;Ljava/lang/Object;Ljava/lang/Object;Ljava/lang/Object;)V> (0x000000008a8ee3c8) thrown at [t:/workspace/open/src/hots
Event: 7.128 Thread 0x000002cddd883000 Exception <a 'java/lang/NoSuchMethodError'{0x000000008a714e98}: java.lang.Object.lambda$static$0(Ljava/lang/Object;)Ljava/lang/Object;> (0x000000008a714e98) thrown at [t:/workspace/open/src/hotspot/share/interpreter/linkResolver.cpp, line 741]

Events (10 events):
Event: 7.134 loading class com/alibaba/druid/wall/WallProviderStatValue
Event: 7.134 loading class com/alibaba/druid/wall/WallProviderStatValue done
Event: 7.135 loading class com/alibaba/druid/stat/JdbcSqlStat
Event: 7.135 loading class com/alibaba/druid/stat/JdbcSqlStat done
Event: 7.136 loading class com/alibaba/druid/stat/JdbcSqlStatMBean
Event: 7.136 loading class com/alibaba/druid/stat/JdbcSqlStatMBean done
Event: 7.136 loading class com/alibaba/druid/stat/JdbcDataSourceStat
Event: 7.136 loading class com/alibaba/druid/stat/JdbcDataSourceStat done
Event: 7.137 loading class com/alibaba/druid/stat/JdbcDataSourceStatMBean
Event: 7.137 loading class com/alibaba/druid/stat/JdbcDataSourceStatMBean done


Dynamic libraries:
0x00007ff688df0000 - 0x00007ff688e2e000 	D:\Program Files\JAVA1\bin\javaw.exe
0x00007ffb56d00000 - 0x00007ffb56ee0000 	C:\windows\SYSTEM32\ntdll.dll
0x00007ffb54bc0000 - 0x00007ffb54c6e000 	C:\windows\System32\KERNEL32.DLL
0x00007ffb53ee0000 - 0x00007ffb54146000 	C:\windows\System32\KERNELBASE.dll
0x00007ffb54510000 - 0x00007ffb545b1000 	C:\windows\System32\ADVAPI32.dll
0x00007ffb55350000 - 0x00007ffb553ed000 	C:\windows\System32\msvcrt.dll
0x00007ffb548d0000 - 0x00007ffb5492b000 	C:\windows\System32\sechost.dll
0x00007ffb54630000 - 0x00007ffb5474f000 	C:\windows\System32\RPCRT4.dll
0x00007ffb56ab0000 - 0x00007ffb56c3f000 	C:\windows\System32\USER32.dll
0x00007ffb536c0000 - 0x00007ffb536e0000 	C:\windows\System32\win32u.dll
0x00007ffb56c40000 - 0x00007ffb56c68000 	C:\windows\System32\GDI32.dll
0x00007ffb53300000 - 0x00007ffb53493000 	C:\windows\System32\gdi32full.dll
0x00007ffb53260000 - 0x00007ffb532fb000 	C:\windows\System32\msvcp_win.dll
0x00007ffb53100000 - 0x00007ffb531f4000 	C:\windows\System32\ucrtbase.dll
0x00007ffb43380000 - 0x00007ffb435e9000 	C:\windows\WinSxS\amd64_microsoft.windows.common-controls_6595b64144ccf1df_6.0.16299.1087_none_0f9074b65a6589b7\COMCTL32.dll
0x00007ffb43600000 - 0x00007ffb4360a000 	C:\windows\SYSTEM32\VERSION.dll
0x00007ffb54200000 - 0x00007ffb54506000 	C:\windows\System32\combase.dll
0x00007ffb54150000 - 0x00007ffb541c2000 	C:\windows\System32\bcryptPrimitives.dll
0x00007ffb541d0000 - 0x00007ffb541fd000 	C:\windows\System32\IMM32.DLL
0x00007ffb448f0000 - 0x00007ffb449df000 	D:\Program Files\JAVA1\bin\msvcr120.dll
0x00007ffb37270000 - 0x00007ffb37316000 	D:\Program Files\JAVA1\bin\msvcp120.dll
0x000000005c9e0000 - 0x000000005d450000 	D:\Program Files\JAVA1\bin\server\jvm.dll
0x00007ffb54bb0000 - 0x00007ffb54bb8000 	C:\windows\System32\PSAPI.DLL
0x00007ffb4f1a0000 - 0x00007ffb4f1c3000 	C:\windows\SYSTEM32\WINMM.dll
0x00007ffb42af0000 - 0x00007ffb42af9000 	C:\windows\SYSTEM32\WSOCK32.dll
0x00007ffb545c0000 - 0x00007ffb5462c000 	C:\windows\System32\WS2_32.dll
0x00007ffb4f140000 - 0x00007ffb4f16a000 	C:\windows\SYSTEM32\WINMMBASE.dll
0x00007ffb53670000 - 0x00007ffb536ba000 	C:\windows\System32\cfgmgr32.dll
0x00007ffb4e240000 - 0x00007ffb4e24f000 	D:\Program Files\JAVA1\bin\verify.dll
0x00007ffb42ba0000 - 0x00007ffb42d68000 	C:\windows\SYSTEM32\DBGHELP.DLL
0x00007ffb42b70000 - 0x00007ffb42b99000 	C:\windows\SYSTEM32\dbgcore.DLL
0x00007ffb41740000 - 0x00007ffb41767000 	D:\Program Files\JAVA1\bin\java.dll
0x00007ffb4d710000 - 0x00007ffb4d726000 	D:\Program Files\JAVA1\bin\zip.dll
0x00007ffb4d6a0000 - 0x00007ffb4d6aa000 	D:\Program Files\JAVA1\bin\jimage.dll
0x00007ffb55670000 - 0x00007ffb56aa8000 	C:\windows\System32\SHELL32.dll
0x00007ffb547c0000 - 0x00007ffb54866000 	C:\windows\System32\shcore.dll
0x00007ffb53790000 - 0x00007ffb53ed7000 	C:\windows\System32\windows.storage.dll
0x00007ffb54870000 - 0x00007ffb548c1000 	C:\windows\System32\shlwapi.dll
0x00007ffb530e0000 - 0x00007ffb530f1000 	C:\windows\System32\kernel.appcore.dll
0x00007ffb53050000 - 0x00007ffb5309c000 	C:\windows\System32\powrprof.dll
0x00007ffb530a0000 - 0x00007ffb530bb000 	C:\windows\System32\profapi.dll
0x00007ffb46f30000 - 0x00007ffb46f4a000 	D:\Program Files\JAVA1\bin\net.dll
0x00007ffb489a0000 - 0x00007ffb48a7e000 	C:\windows\SYSTEM32\WINHTTP.dll
0x00007ffb528b0000 - 0x00007ffb52916000 	C:\windows\system32\mswsock.dll
0x00007ffb46cf0000 - 0x00007ffb46d01000 	D:\Program Files\JAVA1\bin\nio.dll
0x00007ffb4d690000 - 0x00007ffb4d699000 	D:\Program Files\JAVA1\bin\management.dll
0x00007ffb47500000 - 0x00007ffb4750a000 	D:\Program Files\JAVA1\bin\management_ext.dll
0x00007ffb42e20000 - 0x00007ffb42e36000 	C:\windows\system32\napinsp.dll
0x00007ffb42e00000 - 0x00007ffb42e1a000 	C:\windows\system32\pnrpnsp.dll
0x00007ffb4f5b0000 - 0x00007ffb4f5c8000 	C:\windows\system32\NLAapi.dll
0x00007ffb52680000 - 0x00007ffb52736000 	C:\windows\SYSTEM32\DNSAPI.dll
0x00007ffb55660000 - 0x00007ffb55668000 	C:\windows\System32\NSI.dll
0x00007ffb52640000 - 0x00007ffb52679000 	C:\windows\SYSTEM32\IPHLPAPI.DLL
0x00007ffb42df0000 - 0x00007ffb42dfe000 	C:\windows\System32\winrnr.dll
0x00007ffb4cc50000 - 0x00007ffb4cc65000 	C:\windows\System32\wshbth.dll
0x00007ffb47da0000 - 0x00007ffb47daa000 	C:\Windows\System32\rasadhlp.dll
0x00007ffb48020000 - 0x00007ffb48090000 	C:\windows\System32\fwpuclnt.dll
0x00007ffb52b80000 - 0x00007ffb52ba5000 	C:\windows\SYSTEM32\bcrypt.dll
0x00007ffb52a70000 - 0x00007ffb52a87000 	C:\windows\SYSTEM32\CRYPTSP.dll
0x00007ffb524b0000 - 0x00007ffb524e3000 	C:\windows\system32\rsaenh.dll
0x00007ffb52f80000 - 0x00007ffb52fa9000 	C:\windows\SYSTEM32\USERENV.dll
0x00007ffb52a90000 - 0x00007ffb52a9b000 	C:\windows\SYSTEM32\CRYPTBASE.dll
0x00007ffb4cac0000 - 0x00007ffb4cad6000 	C:\windows\SYSTEM32\dhcpcsvc6.DLL
0x00007ffb4c9e0000 - 0x00007ffb4c9fa000 	C:\windows\SYSTEM32\dhcpcsvc.DLL

dbghelp: loaded successfully - version: 4.0.5 - missing functions: none
symbol engine: initialized successfully - sym options: 0x614 - pdb path: .;D:\Program Files\JAVA1\bin;C:\windows\SYSTEM32;C:\windows\WinSxS\amd64_microsoft.windows.common-controls_6595b64144ccf1df_6.0.16299.1087_none_0f9074b65a6589b7;D:\Program Files\JAVA1\bin\server

VM Arguments:
jvm_args: -Dfile.encoding=UTF-8 
java_command: com.java.App
java_class_path (initial): C:\Users\Administrator\git\yaojiusong111\spring-boot-mybatis\target\classes;D:\Apache\maven-repository\org\springframework\boot\spring-boot-starter-web\2.0.5.RELEASE\spring-boot-starter-web-2.0.5.RELEASE.jar;D:\Apache\maven-repository\org\springframework\boot\spring-boot-starter\2.0.5.RELEASE\spring-boot-starter-2.0.5.RELEASE.jar;D:\Apache\maven-repository\org\springframework\boot\spring-boot-starter-logging\2.0.5.RELEASE\spring-boot-starter-logging-2.0.5.RELEASE.jar;D:\Apache\maven-repository\ch\qos\logback\logback-classic\1.2.3\logback-classic-1.2.3.jar;D:\Apache\maven-repository\ch\qos\logback\logback-core\1.2.3\logback-core-1.2.3.jar;D:\Apache\maven-repository\org\apache\logging\log4j\log4j-to-slf4j\2.10.0\log4j-to-slf4j-2.10.0.jar;D:\Apache\maven-repository\org\apache\logging\log4j\log4j-api\2.10.0\log4j-api-2.10.0.jar;D:\Apache\maven-repository\org\slf4j\jul-to-slf4j\1.7.25\jul-to-slf4j-1.7.25.jar;D:\Apache\maven-repository\javax\annotation\javax.annotation-api\1.3.2\javax.annotation-api-1.3.2.jar;D:\Apache\maven-repository\org\yaml\snakeyaml\1.19\snakeyaml-1.19.jar;D:\Apache\maven-repository\org\springframework\boot\spring-boot-starter-json\2.0.5.RELEASE\spring-boot-starter-json-2.0.5.RELEASE.jar;D:\Apache\maven-repository\com\fasterxml\jackson\core\jackson-databind\2.9.6\jackson-databind-2.9.6.jar;D:\Apache\maven-repository\com\fasterxml\jackson\core\jackson-annotations\2.9.0\jackson-annotations-2.9.0.jar;D:\Apache\maven-repository\com\fasterxml\jackson\core\jackson-core\2.9.6\jackson-core-2.9.6.jar;D:\Apache\maven-repository\com\fasterxml\jackson\datatype\jackson-datatype-jdk8\2.9.6\jackson-datatype-jdk8-2.9.6.jar;D:\Apache\maven-repository\com\fasterxml\jackson\datatype\jackson-datatype-jsr310\2.9.6\jackson-datatype-jsr310-2.9.6.jar;D:\Apache\maven-repository\com\fasterxml\jackson\module\jackson-module-parameter-names\2.9.6\jackson-module-parameter-names-2.9.6.jar;D:\Apache\maven-repository\org\springframework\boot\spring-boot-
Launcher Type: SUN_STANDARD

Logging:
Log output configuration:
#0: stdout all=warning uptime,level,tags
#1: stderr all=off uptime,level,tags

Environment Variables:
JAVA_HOME=C:\Program Files\Java\jdk1.8.0_191
PATH=D:/jdk1.8/bin/server;D:/jdk1.8/bin;D:/jdk1.8/lib/amd64;D:\app\Administrator\product\11.2.0\dbhome_1\bin;C:\windows\system32;C:\windows;C:\windows\system32\wbem;D:\Apache\apache-maven-3.6.1\bin\;E:\Git\bin;C:\Users\Administrator\AppData\Local\Microsoft\WindowsApps;"C:\Program Files\Java\jdk1.8.0_191\bin;C:\Program Files\Java\jdk1.8.0_191\jre\bin;";;D:\eclipse-jee-photon-R-win32-x86_64\eclipse;
USERNAME=Administrator
OS=Windows_NT
PROCESSOR_IDENTIFIER=Intel64 Family 6 Model 61 Stepping 4, GenuineIntel



---------------  S Y S T E M  ---------------

OS: Windows 10 , 64 bit Build 16299 (10.0.16299.1087)

CPU:total 4 (initial active 4) (2 cores per cpu, 2 threads per core) family 6 model 61 stepping 4, cmov, cx8, fxsr, mmx, sse, sse2, sse3, ssse3, sse4.1, sse4.2, popcnt, avx, avx2, aes, clmul, erms, rtm, 3dnowpref, lzcnt, ht, tsc, tscinvbit, bmi1, bmi2, adx, fma

Memory: 4k page, physical 8061168k(2194972k free), swap 8061168k(9116k free)

vm_info: Java HotSpot(TM) 64-Bit Server VM (10.0.1+10) for windows-amd64 JRE (10.0.1+10), built on Mar 27 2018 02:27:48 by "mach5one" with MS VC++ 12.0 (VS2013)

END.
