#
# There is insufficient memory for the Java Runtime Environment to continue.
# Native memory allocation (malloc) failed to allocate 2338576 bytes for Chunk::new
# Possible reasons:
#   The system is out of physical RAM or swap space
#   The process is running with CompressedOops enabled, and the Java Heap may be blocking the growth of the native heap
# Possible solutions:
#   Reduce memory load on the system
#   Increase physical memory or swap space
#   Check if swap backing store is full
#   Decrease Java heap size (-Xmx/-Xms)
#   Decrease number of Java threads
#   Decrease Java thread stack sizes (-Xss)
#   Set larger code cache with -XX:ReservedCodeCacheSize=
#   JVM is running with Unscaled Compressed Oops mode in which the Java heap is
#     placed in the first 4GB address space. The Java Heap base address is the
#     maximum limit for the native heap growth. Please use -XX:HeapBaseMinAddress
#     to set the Java Heap base and to place the Java Heap above 4GB virtual address.
# This output file may be truncated or incomplete.
#
#  Out of Memory Error (t:/workspace/open/src/hotspot/share/memory/arena.cpp:198), pid=3604, tid=8184
#
# JRE version: Java(TM) SE Runtime Environment (10.0.1+10) (build 10.0.1+10)
# Java VM: Java HotSpot(TM) 64-Bit Server VM (10.0.1+10, mixed mode, tiered, compressed oops, g1 gc, windows-amd64)
# No core dump will be written. Minidumps are not enabled by default on client versions of Windows
#

---------------  S U M M A R Y ------------

Command Line: -Dfile.encoding=UTF-8 com.java.App

Host: Intel(R) Core(TM) i7-5600U CPU @ 2.60GHz, 4 cores, 7G,  Windows 10 , 64 bit Build 16299 (10.0.16299.1087)
Time: Tue May 21 17:36:19 2019 ?D1¨²¡À¨º¡Á?¨º¡À?? elapsed time: 2 seconds (0d 0h 0m 2s)

---------------  T H R E A D  ---------------

Current thread (0x000001e0ffaf9000):  JavaThread "C2 CompilerThread0" daemon [_thread_in_native, id=8184, stack(0x0000003988200000,0x0000003988300000)]


Current CompileTask:
C2:   2400 2032   !   4       jdk.internal.loader.BuiltinClassLoader::loadClassOrNull (143 bytes)

Stack: [0x0000003988200000,0x0000003988300000]
Native frames: (J=compiled Java code, j=interpreted, Vv=VM code, C=native code)
V  [jvm.dll+0x5a0369]
V  [jvm.dll+0x6bcf81]
V  [jvm.dll+0x6be176]
V  [jvm.dll+0x6be803]
V  [jvm.dll+0x234998]
V  [jvm.dll+0xbb92c]
V  [jvm.dll+0xbbe2c]
V  [jvm.dll+0x34bcf8]
V  [jvm.dll+0x310efa]
V  [jvm.dll+0x31048a]
V  [jvm.dll+0x1ffde1]
V  [jvm.dll+0x1ff066]
V  [jvm.dll+0x17ca6b]
V  [jvm.dll+0x20c81d]
V  [jvm.dll+0x20b5e6]
V  [jvm.dll+0x68bb6f]
V  [jvm.dll+0x59f680]
C  [msvcr120.dll+0x24f7f]
C  [msvcr120.dll+0x25126]
C  [KERNEL32.DLL+0x137e4]
C  [ntdll.dll+0x6cb81]


---------------  P R O C E S S  ---------------

Threads class SMR info:
_java_thread_list=0x000001e092c89c70, length=12, elements={
0x000001e0f11f7000, 0x000001e0ffac4000, 0x000001e0ffacd000, 0x000001e0ffbb2800,
0x000001e0ffaef000, 0x000001e0ffaf9000, 0x000001e0ffb03800, 0x000001e0ffb07800,
0x000001e0ffb0c800, 0x000001e0ffd3a000, 0x000001e0ffd61800, 0x000001e0920d3800
}

Java Threads: ( => current thread )
  0x000001e0f11f7000 JavaThread "main" [_thread_in_Java, id=13376, stack(0x0000003987000000,0x0000003987100000)]
  0x000001e0ffac4000 JavaThread "Reference Handler" daemon [_thread_blocked, id=15132, stack(0x0000003987d00000,0x0000003987e00000)]
  0x000001e0ffacd000 JavaThread "Finalizer" daemon [_thread_blocked, id=11144, stack(0x0000003987e00000,0x0000003987f00000)]
  0x000001e0ffbb2800 JavaThread "Signal Dispatcher" daemon [_thread_blocked, id=7600, stack(0x0000003988000000,0x0000003988100000)]
  0x000001e0ffaef000 JavaThread "Attach Listener" daemon [_thread_blocked, id=448, stack(0x0000003988100000,0x0000003988200000)]
=>0x000001e0ffaf9000 JavaThread "C2 CompilerThread0" daemon [_thread_in_native, id=8184, stack(0x0000003988200000,0x0000003988300000)]
  0x000001e0ffb03800 JavaThread "C2 CompilerThread1" daemon [_thread_in_native, id=11360, stack(0x0000003988300000,0x0000003988400000)]
  0x000001e0ffb07800 JavaThread "C1 CompilerThread2" daemon [_thread_in_native, id=212, stack(0x0000003988400000,0x0000003988500000)]
  0x000001e0ffb0c800 JavaThread "Sweeper thread" daemon [_thread_blocked, id=7620, stack(0x0000003988500000,0x0000003988600000)]
  0x000001e0ffd3a000 JavaThread "Service Thread" daemon [_thread_blocked, id=3700, stack(0x0000003988600000,0x0000003988700000)]
  0x000001e0ffd61800 JavaThread "Common-Cleaner" daemon [_thread_blocked, id=12496, stack(0x0000003988700000,0x0000003988800000)]
  0x000001e0920d3800 JavaThread "background-preinit" [_thread_in_vm, id=15340, stack(0x0000003988900000,0x0000003988a00000)]

Other Threads:
  0x000001e0ffabf000 VMThread "VM Thread" [stack: 0x0000003987c00000,0x0000003987d00000] [id=9952]
  0x000001e0ffd62800 WatcherThread [stack: 0x0000003988800000,0x0000003988900000] [id=14140]
  0x000001e0f120f000 GCTaskThread "GC Thread#0" [stack: 0x0000003987100000,0x0000003987200000] [id=11692]
  0x000001e0f1213800 GCTaskThread "GC Thread#1" [stack: 0x0000003987200000,0x0000003987300000] [id=5112]
  0x000001e0f1217000 GCTaskThread "GC Thread#2" [stack: 0x0000003987300000,0x0000003987400000] [id=11048]
  0x000001e0f1220800 GCTaskThread "GC Thread#3" [stack: 0x0000003987400000,0x0000003987500000] [id=10004]
  0x000001e0f1289800 ConcurrentGCThread "G1 Main Marker" [stack: 0x0000003987500000,0x0000003987600000] [id=13480]
  0x000001e0f128d000 ConcurrentGCThread "G1 Conc#0" [stack: 0x0000003987600000,0x0000003987700000] [id=7844]
  0x000001e0ff93f800 ConcurrentGCThread "G1 Refine#0" [stack: 0x0000003987700000,0x0000003987800000] [id=10868]
  0x000001e0ff940000 ConcurrentGCThread "G1 Refine#1" [stack: 0x0000003987800000,0x0000003987900000] [id=11812]
  0x000001e0ff941800 ConcurrentGCThread "G1 Refine#2" [stack: 0x0000003987900000,0x0000003987a00000] [id=6600]
  0x000001e0ff945000 ConcurrentGCThread "G1 Refine#3" [stack: 0x0000003987a00000,0x0000003987b00000] [id=14712]
  0x000001e0ff94a000 ConcurrentGCThread "G1 Young RemSet Sampling" [stack: 0x0000003987b00000,0x0000003987c00000] [id=8672]

Threads with active compile tasks:
C2 CompilerThread02032   !   4       jdk.internal.loader.BuiltinClassLoader::loadClassOrNull (143 bytes)
C2 CompilerThread12038       4       java.net.URLStreamHandler::parseURL (1201 bytes)

VM state:not at safepoint (normal execution)

VM Mutex/Monitor currently owned by a thread:  ([mutex/lock_event])
[0x000001e0f11f6b80] CompiledIC_lock - owner thread: 0x0000000000000000

Heap address: 0x0000000084e00000, size: 1970 MB, Compressed Oops mode: 32-bit
Narrow klass base: 0x0000000000000000, Narrow klass shift: 3
Compressed class space size: 1073741824 Address: 0x0000000100000000

Heap:
 garbage-first heap   total 126976K, used 38965K [0x0000000084e00000, 0x0000000100000000)
  region size 1024K, 33 young (33792K), 3 survivors (3072K)
 Metaspace       used 26238K, capacity 26762K, committed 27136K, reserved 1073152K
  class space    used 3074K, capacity 3288K, committed 3328K, reserved 1048576K
Heap Regions: E=young(eden), S=young(survivor), O=old, HS=humongous(starts), HC=humongous(continues), CS=collection set, F=free, A=archive, TS=gc time stamp, AC=allocation context, TAMS=top-at-mark-start (previous, next)
|   0|0x0000000084e00000, 0x0000000084f00000, 0x0000000084f00000|100%|HS|  |TS  0|AC  0|TAMS 0x0000000084f00000, 0x0000000084f00000|
|   1|0x0000000084f00000, 0x0000000085000000, 0x0000000085000000|100%| O|  |TS  0|AC  0|TAMS 0x0000000085000000, 0x0000000085000000|
|   2|0x0000000085000000, 0x0000000085100000, 0x0000000085100000|100%| O|  |TS  0|AC  0|TAMS 0x0000000085100000, 0x0000000085100000|
|   3|0x0000000085100000, 0x0000000085200000, 0x0000000085200000|100%| O|  |TS  0|AC  0|TAMS 0x0000000085200000, 0x0000000085200000|
|   4|0x0000000085200000, 0x0000000085300000, 0x0000000085300000|100%| O|  |TS  0|AC  0|TAMS 0x0000000085300000, 0x0000000085300000|
|   5|0x0000000085300000, 0x0000000085400000, 0x0000000085400000|100%| O|  |TS  0|AC  0|TAMS 0x0000000085400000, 0x0000000085400000|
|   6|0x0000000085400000, 0x0000000085458800, 0x0000000085500000| 34%| O|  |TS  0|AC  0|TAMS 0x0000000085458800, 0x0000000085458800|
|   7|0x0000000085500000, 0x0000000085500000, 0x0000000085600000|  0%| F|  |TS  0|AC  0|TAMS 0x0000000085500000, 0x0000000085500000|
|   8|0x0000000085600000, 0x0000000085600000, 0x0000000085700000|  0%| F|  |TS  0|AC  0|TAMS 0x0000000085600000, 0x0000000085600000|
|   9|0x0000000085700000, 0x0000000085700000, 0x0000000085800000|  0%| F|  |TS  0|AC  0|TAMS 0x0000000085700000, 0x0000000085700000|
|  10|0x0000000085800000, 0x0000000085800000, 0x0000000085900000|  0%| F|  |TS  0|AC  0|TAMS 0x0000000085800000, 0x0000000085800000|
|  11|0x0000000085900000, 0x0000000085900000, 0x0000000085a00000|  0%| F|  |TS  0|AC  0|TAMS 0x0000000085900000, 0x0000000085900000|
|  12|0x0000000085a00000, 0x0000000085a00000, 0x0000000085b00000|  0%| F|  |TS  0|AC  0|TAMS 0x0000000085a00000, 0x0000000085a00000|
|  13|0x0000000085b00000, 0x0000000085b00000, 0x0000000085c00000|  0%| F|  |TS  0|AC  0|TAMS 0x0000000085b00000, 0x0000000085b00000|
|  14|0x0000000085c00000, 0x0000000085c00000, 0x0000000085d00000|  0%| F|  |TS  0|AC  0|TAMS 0x0000000085c00000, 0x0000000085c00000|
|  15|0x0000000085d00000, 0x0000000085d00000, 0x0000000085e00000|  0%| F|  |TS  0|AC  0|TAMS 0x0000000085d00000, 0x0000000085d00000|
|  16|0x0000000085e00000, 0x0000000085e00000, 0x0000000085f00000|  0%| F|  |TS  0|AC  0|TAMS 0x0000000085e00000, 0x0000000085e00000|
|  17|0x0000000085f00000, 0x0000000085f00000, 0x0000000086000000|  0%| F|  |TS  0|AC  0|TAMS 0x0000000085f00000, 0x0000000085f00000|
|  18|0x0000000086000000, 0x0000000086000000, 0x0000000086100000|  0%| F|  |TS  0|AC  0|TAMS 0x0000000086000000, 0x0000000086000000|
|  19|0x0000000086100000, 0x0000000086100000, 0x0000000086200000|  0%| F|  |TS  0|AC  0|TAMS 0x0000000086100000, 0x0000000086100000|
|  20|0x0000000086200000, 0x0000000086200000, 0x0000000086300000|  0%| F|  |TS  0|AC  0|TAMS 0x0000000086200000, 0x0000000086200000|
|  21|0x0000000086300000, 0x0000000086300000, 0x0000000086400000|  0%| F|  |TS  0|AC  0|TAMS 0x0000000086300000, 0x0000000086300000|
|  22|0x0000000086400000, 0x0000000086400000, 0x0000000086500000|  0%| F|  |TS  0|AC  0|TAMS 0x0000000086400000, 0x0000000086400000|
|  23|0x0000000086500000, 0x0000000086500000, 0x0000000086600000|  0%| F|  |TS  0|AC  0|TAMS 0x0000000086500000, 0x0000000086500000|
|  24|0x0000000086600000, 0x0000000086600000, 0x0000000086700000|  0%| F|  |TS  0|AC  0|TAMS 0x0000000086600000, 0x0000000086600000|
|  25|0x0000000086700000, 0x0000000086700000, 0x0000000086800000|  0%| F|  |TS  0|AC  0|TAMS 0x0000000086700000, 0x0000000086700000|
|  26|0x0000000086800000, 0x0000000086800000, 0x0000000086900000|  0%| F|  |TS  0|AC  0|TAMS 0x0000000086800000, 0x0000000086800000|
|  27|0x0000000086900000, 0x0000000086900000, 0x0000000086a00000|  0%| F|  |TS  0|AC  0|TAMS 0x0000000086900000, 0x0000000086900000|
|  28|0x0000000086a00000, 0x0000000086a00000, 0x0000000086b00000|  0%| F|  |TS  0|AC  0|TAMS 0x0000000086a00000, 0x0000000086a00000|
|  29|0x0000000086b00000, 0x0000000086b00000, 0x0000000086c00000|  0%| F|  |TS  0|AC  0|TAMS 0x0000000086b00000, 0x0000000086b00000|
|  30|0x0000000086c00000, 0x0000000086c00000, 0x0000000086d00000|  0%| F|  |TS  0|AC  0|TAMS 0x0000000086c00000, 0x0000000086c00000|
|  31|0x0000000086d00000, 0x0000000086d00000, 0x0000000086e00000|  0%| F|  |TS  0|AC  0|TAMS 0x0000000086d00000, 0x0000000086d00000|
|  32|0x0000000086e00000, 0x0000000086e00000, 0x0000000086f00000|  0%| F|  |TS  0|AC  0|TAMS 0x0000000086e00000, 0x0000000086e00000|
|  33|0x0000000086f00000, 0x0000000086f00000, 0x0000000087000000|  0%| F|  |TS  0|AC  0|TAMS 0x0000000086f00000, 0x0000000086f00000|
|  34|0x0000000087000000, 0x0000000087000000, 0x0000000087100000|  0%| F|  |TS  0|AC  0|TAMS 0x0000000087000000, 0x0000000087000000|
|  35|0x0000000087100000, 0x0000000087100000, 0x0000000087200000|  0%| F|  |TS  0|AC  0|TAMS 0x0000000087100000, 0x0000000087100000|
|  36|0x0000000087200000, 0x0000000087200000, 0x0000000087300000|  0%| F|  |TS  0|AC  0|TAMS 0x0000000087200000, 0x0000000087200000|
|  37|0x0000000087300000, 0x0000000087300000, 0x0000000087400000|  0%| F|  |TS  0|AC  0|TAMS 0x0000000087300000, 0x0000000087300000|
|  38|0x0000000087400000, 0x0000000087400000, 0x0000000087500000|  0%| F|  |TS  0|AC  0|TAMS 0x0000000087400000, 0x0000000087400000|
|  39|0x0000000087500000, 0x0000000087500000, 0x0000000087600000|  0%| F|  |TS  0|AC  0|TAMS 0x0000000087500000, 0x0000000087500000|
|  40|0x0000000087600000, 0x0000000087600000, 0x0000000087700000|  0%| F|  |TS  0|AC  0|TAMS 0x0000000087600000, 0x0000000087600000|
|  41|0x0000000087700000, 0x0000000087700000, 0x0000000087800000|  0%| F|  |TS  0|AC  0|TAMS 0x0000000087700000, 0x0000000087700000|
|  42|0x0000000087800000, 0x0000000087800000, 0x0000000087900000|  0%| F|  |TS  0|AC  0|TAMS 0x0000000087800000, 0x0000000087800000|
|  43|0x0000000087900000, 0x0000000087900000, 0x0000000087a00000|  0%| F|  |TS  0|AC  0|TAMS 0x0000000087900000, 0x0000000087900000|
|  44|0x0000000087a00000, 0x0000000087a00000, 0x0000000087b00000|  0%| F|  |TS  0|AC  0|TAMS 0x0000000087a00000, 0x0000000087a00000|
|  45|0x0000000087b00000, 0x0000000087b00000, 0x0000000087c00000|  0%| F|  |TS  0|AC  0|TAMS 0x0000000087b00000, 0x0000000087b00000|
|  46|0x0000000087c00000, 0x0000000087c00000, 0x0000000087d00000|  0%| F|  |TS  0|AC  0|TAMS 0x0000000087c00000, 0x0000000087c00000|
|  47|0x0000000087d00000, 0x0000000087d00000, 0x0000000087e00000|  0%| F|  |TS  0|AC  0|TAMS 0x0000000087d00000, 0x0000000087d00000|
|  48|0x0000000087e00000, 0x0000000087e00000, 0x0000000087f00000|  0%| F|  |TS  0|AC  0|TAMS 0x0000000087e00000, 0x0000000087e00000|
|  49|0x0000000087f00000, 0x0000000087f00000, 0x0000000088000000|  0%| F|  |TS  0|AC  0|TAMS 0x0000000087f00000, 0x0000000087f00000|
|  50|0x0000000088000000, 0x0000000088000000, 0x0000000088100000|  0%| F|  |TS  0|AC  0|TAMS 0x0000000088000000, 0x0000000088000000|
|  51|0x0000000088100000, 0x0000000088100000, 0x0000000088200000|  0%| F|  |TS  0|AC  0|TAMS 0x0000000088100000, 0x0000000088100000|
|  52|0x0000000088200000, 0x0000000088200000, 0x0000000088300000|  0%| F|  |TS  0|AC  0|TAMS 0x0000000088200000, 0x0000000088200000|
|  53|0x0000000088300000, 0x0000000088300000, 0x0000000088400000|  0%| F|  |TS  0|AC  0|TAMS 0x0000000088300000, 0x0000000088300000|
|  54|0x0000000088400000, 0x0000000088400000, 0x0000000088500000|  0%| F|  |TS  0|AC  0|TAMS 0x0000000088400000, 0x0000000088400000|
|  55|0x0000000088500000, 0x0000000088500000, 0x0000000088600000|  0%| F|  |TS  0|AC  0|TAMS 0x0000000088500000, 0x0000000088500000|
|  56|0x0000000088600000, 0x0000000088600000, 0x0000000088700000|  0%| F|  |TS  0|AC  0|TAMS 0x0000000088600000, 0x0000000088600000|
|  57|0x0000000088700000, 0x0000000088700000, 0x0000000088800000|  0%| F|  |TS  0|AC  0|TAMS 0x0000000088700000, 0x0000000088700000|
|  58|0x0000000088800000, 0x0000000088800000, 0x0000000088900000|  0%| F|  |TS  0|AC  0|TAMS 0x0000000088800000, 0x0000000088800000|
|  59|0x0000000088900000, 0x0000000088900000, 0x0000000088a00000|  0%| F|  |TS  0|AC  0|TAMS 0x0000000088900000, 0x0000000088900000|
|  60|0x0000000088a00000, 0x0000000088a00000, 0x0000000088b00000|  0%| F|  |TS  0|AC  0|TAMS 0x0000000088a00000, 0x0000000088a00000|
|  61|0x0000000088b00000, 0x0000000088b00000, 0x0000000088c00000|  0%| F|  |TS  0|AC  0|TAMS 0x0000000088b00000, 0x0000000088b00000|
|  62|0x0000000088c00000, 0x0000000088c00000, 0x0000000088d00000|  0%| F|  |TS  0|AC  0|TAMS 0x0000000088c00000, 0x0000000088c00000|
|  63|0x0000000088d00000, 0x0000000088d00000, 0x0000000088e00000|  0%| F|  |TS  0|AC  0|TAMS 0x0000000088d00000, 0x0000000088d00000|
|  64|0x0000000088e00000, 0x0000000088e00000, 0x0000000088f00000|  0%| F|  |TS  0|AC  0|TAMS 0x0000000088e00000, 0x0000000088e00000|
|  65|0x0000000088f00000, 0x0000000088f00000, 0x0000000089000000|  0%| F|  |TS  0|AC  0|TAMS 0x0000000088f00000, 0x0000000088f00000|
|  66|0x0000000089000000, 0x0000000089000000, 0x0000000089100000|  0%| F|  |TS  0|AC  0|TAMS 0x0000000089000000, 0x0000000089000000|
|  67|0x0000000089100000, 0x0000000089100000, 0x0000000089200000|  0%| F|  |TS  0|AC  0|TAMS 0x0000000089100000, 0x0000000089100000|
|  68|0x0000000089200000, 0x0000000089200000, 0x0000000089300000|  0%| F|  |TS  0|AC  0|TAMS 0x0000000089200000, 0x0000000089200000|
|  69|0x0000000089300000, 0x0000000089300000, 0x0000000089400000|  0%| F|  |TS  0|AC  0|TAMS 0x0000000089300000, 0x0000000089300000|
|  70|0x0000000089400000, 0x0000000089400000, 0x0000000089500000|  0%| F|  |TS  0|AC  0|TAMS 0x0000000089400000, 0x0000000089400000|
|  71|0x0000000089500000, 0x0000000089500000, 0x0000000089600000|  0%| F|  |TS  0|AC  0|TAMS 0x0000000089500000, 0x0000000089500000|
|  72|0x0000000089600000, 0x0000000089600000, 0x0000000089700000|  0%| F|  |TS  0|AC  0|TAMS 0x0000000089600000, 0x0000000089600000|
|  73|0x0000000089700000, 0x0000000089700000, 0x0000000089800000|  0%| F|  |TS  0|AC  0|TAMS 0x0000000089700000, 0x0000000089700000|
|  74|0x0000000089800000, 0x0000000089800000, 0x0000000089900000|  0%| F|  |TS  0|AC  0|TAMS 0x0000000089800000, 0x0000000089800000|
|  75|0x0000000089900000, 0x0000000089900000, 0x0000000089a00000|  0%| F|  |TS  0|AC  0|TAMS 0x0000000089900000, 0x0000000089900000|
|  76|0x0000000089a00000, 0x0000000089a00000, 0x0000000089b00000|  0%| F|  |TS  0|AC  0|TAMS 0x0000000089a00000, 0x0000000089a00000|
|  77|0x0000000089b00000, 0x0000000089b00000, 0x0000000089c00000|  0%| F|  |TS  0|AC  0|TAMS 0x0000000089b00000, 0x0000000089b00000|
|  78|0x0000000089c00000, 0x0000000089c00000, 0x0000000089d00000|  0%| F|  |TS  0|AC  0|TAMS 0x0000000089c00000, 0x0000000089c00000|
|  79|0x0000000089d00000, 0x0000000089d00000, 0x0000000089e00000|  0%| F|  |TS  0|AC  0|TAMS 0x0000000089d00000, 0x0000000089d00000|
|  80|0x0000000089e00000, 0x0000000089e00000, 0x0000000089f00000|  0%| F|  |TS  0|AC  0|TAMS 0x0000000089e00000, 0x0000000089e00000|
|  81|0x0000000089f00000, 0x0000000089f00000, 0x000000008a000000|  0%| F|  |TS  0|AC  0|TAMS 0x0000000089f00000, 0x0000000089f00000|
|  82|0x000000008a000000, 0x000000008a000000, 0x000000008a100000|  0%| F|  |TS  0|AC  0|TAMS 0x000000008a000000, 0x000000008a000000|
|  83|0x000000008a100000, 0x000000008a100000, 0x000000008a200000|  0%| F|  |TS  0|AC  0|TAMS 0x000000008a100000, 0x000000008a100000|
|  84|0x000000008a200000, 0x000000008a200000, 0x000000008a300000|  0%| F|  |TS  0|AC  0|TAMS 0x000000008a200000, 0x000000008a200000|
|  85|0x000000008a300000, 0x000000008a300000, 0x000000008a400000|  0%| F|  |TS  0|AC  0|TAMS 0x000000008a300000, 0x000000008a300000|
|  86|0x000000008a400000, 0x000000008a400000, 0x000000008a500000|  0%| F|  |TS  0|AC  0|TAMS 0x000000008a400000, 0x000000008a400000|
|  87|0x000000008a500000, 0x000000008a500000, 0x000000008a600000|  0%| F|  |TS  0|AC  0|TAMS 0x000000008a500000, 0x000000008a500000|
|  88|0x000000008a600000, 0x000000008a600000, 0x000000008a700000|  0%| F|  |TS  0|AC  0|TAMS 0x000000008a600000, 0x000000008a600000|
|  89|0x000000008a700000, 0x000000008a700000, 0x000000008a800000|  0%| F|  |TS  0|AC  0|TAMS 0x000000008a700000, 0x000000008a700000|
|  90|0x000000008a800000, 0x000000008a800000, 0x000000008a900000|  0%| F|  |TS  0|AC  0|TAMS 0x000000008a800000, 0x000000008a800000|
|  91|0x000000008a900000, 0x000000008a9806d8, 0x000000008aa00000| 50%| E|  |TS  0|AC  0|TAMS 0x000000008a900000, 0x000000008a900000|
|  92|0x000000008aa00000, 0x000000008ab00000, 0x000000008ab00000|100%| E|CS|TS  0|AC  0|TAMS 0x000000008aa00000, 0x000000008aa00000|
|  93|0x000000008ab00000, 0x000000008ac00000, 0x000000008ac00000|100%| E|CS|TS  0|AC  0|TAMS 0x000000008ab00000, 0x000000008ab00000|
|  94|0x000000008ac00000, 0x000000008ad00000, 0x000000008ad00000|100%| E|CS|TS  0|AC  0|TAMS 0x000000008ac00000, 0x000000008ac00000|
|  95|0x000000008ad00000, 0x000000008ae00000, 0x000000008ae00000|100%| E|CS|TS  0|AC  0|TAMS 0x000000008ad00000, 0x000000008ad00000|
|  96|0x000000008ae00000, 0x000000008af00000, 0x000000008af00000|100%| E|CS|TS  0|AC  0|TAMS 0x000000008ae00000, 0x000000008ae00000|
|  97|0x000000008af00000, 0x000000008b000000, 0x000000008b000000|100%| E|CS|TS  0|AC  0|TAMS 0x000000008af00000, 0x000000008af00000|
|  98|0x000000008b000000, 0x000000008b100000, 0x000000008b100000|100%| E|CS|TS  0|AC  0|TAMS 0x000000008b000000, 0x000000008b000000|
|  99|0x000000008b100000, 0x000000008b200000, 0x000000008b200000|100%| E|CS|TS  0|AC  0|TAMS 0x000000008b100000, 0x000000008b100000|
| 100|0x000000008b200000, 0x000000008b300000, 0x000000008b300000|100%| E|CS|TS  0|AC  0|TAMS 0x000000008b200000, 0x000000008b200000|
| 101|0x000000008b300000, 0x000000008b3b4ce0, 0x000000008b400000| 70%| S|CS|TS  0|AC  0|TAMS 0x000000008b300000, 0x000000008b300000|
| 102|0x000000008b400000, 0x000000008b500000, 0x000000008b500000|100%| S|CS|TS  0|AC  0|TAMS 0x000000008b400000, 0x000000008b400000|
| 103|0x000000008b500000, 0x000000008b600000, 0x000000008b600000|100%| S|CS|TS  0|AC  0|TAMS 0x000000008b500000, 0x000000008b500000|
| 104|0x000000008b600000, 0x000000008b700000, 0x000000008b700000|100%| E|CS|TS  0|AC  0|TAMS 0x000000008b600000, 0x000000008b600000|
| 105|0x000000008b700000, 0x000000008b800000, 0x000000008b800000|100%| E|CS|TS  0|AC  0|TAMS 0x000000008b700000, 0x000000008b700000|
| 106|0x000000008b800000, 0x000000008b900000, 0x000000008b900000|100%| E|CS|TS  0|AC  0|TAMS 0x000000008b800000, 0x000000008b800000|
| 107|0x000000008b900000, 0x000000008ba00000, 0x000000008ba00000|100%| E|CS|TS  0|AC  0|TAMS 0x000000008b900000, 0x000000008b900000|
| 108|0x000000008ba00000, 0x000000008bb00000, 0x000000008bb00000|100%| E|CS|TS  0|AC  0|TAMS 0x000000008ba00000, 0x000000008ba00000|
| 109|0x000000008bb00000, 0x000000008bc00000, 0x000000008bc00000|100%| E|CS|TS  0|AC  0|TAMS 0x000000008bb00000, 0x000000008bb00000|
| 110|0x000000008bc00000, 0x000000008bd00000, 0x000000008bd00000|100%| E|CS|TS  0|AC  0|TAMS 0x000000008bc00000, 0x000000008bc00000|
| 111|0x000000008bd00000, 0x000000008be00000, 0x000000008be00000|100%| E|CS|TS  0|AC  0|TAMS 0x000000008bd00000, 0x000000008bd00000|
| 112|0x000000008be00000, 0x000000008bf00000, 0x000000008bf00000|100%| E|CS|TS  0|AC  0|TAMS 0x000000008be00000, 0x000000008be00000|
| 113|0x000000008bf00000, 0x000000008c000000, 0x000000008c000000|100%| E|CS|TS  0|AC  0|TAMS 0x000000008bf00000, 0x000000008bf00000|
| 114|0x000000008c000000, 0x000000008c100000, 0x000000008c100000|100%| E|CS|TS  0|AC  0|TAMS 0x000000008c000000, 0x000000008c000000|
| 115|0x000000008c100000, 0x000000008c200000, 0x000000008c200000|100%| E|CS|TS  0|AC  0|TAMS 0x000000008c100000, 0x000000008c100000|
| 116|0x000000008c200000, 0x000000008c300000, 0x000000008c300000|100%| E|CS|TS  0|AC  0|TAMS 0x000000008c200000, 0x000000008c200000|
| 117|0x000000008c300000, 0x000000008c400000, 0x000000008c400000|100%| E|CS|TS  0|AC  0|TAMS 0x000000008c300000, 0x000000008c300000|
| 118|0x000000008c400000, 0x000000008c500000, 0x000000008c500000|100%| E|CS|TS  0|AC  0|TAMS 0x000000008c400000, 0x000000008c400000|
| 119|0x000000008c500000, 0x000000008c600000, 0x000000008c600000|100%| E|CS|TS  0|AC  0|TAMS 0x000000008c500000, 0x000000008c500000|
| 120|0x000000008c600000, 0x000000008c700000, 0x000000008c700000|100%| E|CS|TS  0|AC  0|TAMS 0x000000008c600000, 0x000000008c600000|
| 121|0x000000008c700000, 0x000000008c800000, 0x000000008c800000|100%| E|CS|TS  0|AC  0|TAMS 0x000000008c700000, 0x000000008c700000|
| 122|0x000000008c800000, 0x000000008c900000, 0x000000008c900000|100%| E|CS|TS  0|AC  0|TAMS 0x000000008c800000, 0x000000008c800000|
| 123|0x000000008c900000, 0x000000008ca00000, 0x000000008ca00000|100%| E|CS|TS  0|AC  0|TAMS 0x000000008c900000, 0x000000008c900000|

Card table byte_map: [0x000001e0faee0000,0x000001e0fb2c0000] byte_map_base: 0x000001e0faab9000

Marking Bits (Prev, Next): (CMBitMap*) 0x000001e0f1288fe8, (CMBitMap*) 0x000001e0f1288fb0
 Prev Bits: [0x000001e0fd570000, 0x000001e0ff438000)
 Next Bits: [0x000001e0fb6a0000, 0x000001e0fd568000)

Polling page: 0x000001e0eef40000

CodeHeap 'non-profiled nmethods': size=120064Kb used=812Kb max_used=812Kb free=119251Kb
 bounds [0x000001e087ac0000, 0x000001e087d30000, 0x000001e08f000000]
CodeHeap 'profiled nmethods': size=120000Kb used=4531Kb max_used=4531Kb free=115468Kb
 bounds [0x000001e080590000, 0x000001e080a00000, 0x000001e087ac0000]
CodeHeap 'non-nmethods': size=5696Kb used=1126Kb max_used=1149Kb free=4569Kb
 bounds [0x000001e080000000, 0x000001e080270000, 0x000001e080590000]
 total_blobs=3202 nmethods=2187 adapters=358
 compilation: enabled

Compilation events (10 events):
Event: 2.393 Thread 0x000001e0ffb07800 nmethod 2261 0x000001e0809e2f90 code [0x000001e0809e3140, 0x000001e0809e32d0]
Event: 2.393 Thread 0x000001e0ffb07800 2262       2       org.springframework.util.CollectionUtils::isEmpty (19 bytes)
Event: 2.393 Thread 0x000001e0ffb07800 nmethod 2262 0x000001e0809e3390 code [0x000001e0809e3540, 0x000001e0809e36d0]
Event: 2.394 Thread 0x000001e0ffb07800 2263   !   2       jdk.internal.reflect.GeneratedConstructorAccessor11::newInstance (49 bytes)
Event: 2.394 Thread 0x000001e0ffb07800 nmethod 2263 0x000001e0809e3790 code [0x000001e0809e39a0, 0x000001e0809e3f60]
Event: 2.394 Thread 0x000001e0ffb07800 2264   !   2       jdk.internal.reflect.GeneratedMethodAccessor10::invoke (66 bytes)
Event: 2.395 Thread 0x000001e0ffb07800 nmethod 2264 0x000001e0809e4190 code [0x000001e0809e43c0, 0x000001e0809e4920]
Event: 2.397 Thread 0x000001e0ffb07800 2265       2       org.apache.tomcat.util.digester.Rule::end (1 bytes)
Event: 2.397 Thread 0x000001e0ffb07800 nmethod 2265 0x000001e0809e4d10 code [0x000001e0809e4ec0, 0x000001e0809e5018]
Event: 2.397 Thread 0x000001e0ffb07800 2266       2       org.apache.tomcat.util.digester.ObjectCreateRule::end (76 bytes)

GC Heap History (8 events):
Event: 0.627 GC heap before
{Heap before GC invocations=0 (full 0):
 garbage-first heap   total 126976K, used 15360K [0x0000000084e00000, 0x0000000100000000)
  region size 1024K, 14 young (14336K), 0 survivors (0K)
 Metaspace       used 8990K, capacity 9228K, committed 9472K, reserved 1058816K
  class space    used 900K, capacity 953K, committed 1024K, reserved 1048576K
}
Event: 0.633 GC heap after
{Heap after GC invocations=1 (full 0):
 garbage-first heap   total 126976K, used 6353K [0x0000000084e00000, 0x0000000100000000)
  region size 1024K, 2 young (2048K), 2 survivors (2048K)
 Metaspace       used 8990K, capacity 9228K, committed 9472K, reserved 1058816K
  class space    used 900K, capacity 953K, committed 1024K, reserved 1048576K
}
Event: 0.937 GC heap before
{Heap before GC invocations=1 (full 0):
 garbage-first heap   total 126976K, used 12497K [0x0000000084e00000, 0x0000000100000000)
  region size 1024K, 9 young (9216K), 2 survivors (2048K)
 Metaspace       used 11331K, capacity 11603K, committed 11904K, reserved 1060864K
  class space    used 1203K, capacity 1303K, committed 1408K, reserved 1048576K
}
Event: 0.943 GC heap after
{Heap after GC invocations=2 (full 0):
 garbage-first heap   total 126976K, used 7124K [0x0000000084e00000, 0x0000000100000000)
  region size 1024K, 1 young (1024K), 1 survivors (1024K)
 Metaspace       used 11331K, capacity 11603K, committed 11904K, reserved 1060864K
  class space    used 1203K, capacity 1303K, committed 1408K, reserved 1048576K
}
Event: 1.420 GC heap before
{Heap before GC invocations=2 (full 0):
 garbage-first heap   total 126976K, used 30676K [0x0000000084e00000, 0x0000000100000000)
  region size 1024K, 24 young (24576K), 1 survivors (1024K)
 Metaspace       used 16577K, capacity 16944K, committed 17280K, reserved 1064960K
  class space    used 1940K, capacity 2115K, committed 2176K, reserved 1048576K
}
Event: 1.424 GC heap after
{Heap after GC invocations=3 (full 0):
 garbage-first heap   total 126976K, used 8475K [0x0000000084e00000, 0x0000000100000000)
  region size 1024K, 2 young (2048K), 2 survivors (2048K)
 Metaspace       used 16577K, capacity 16944K, committed 17280K, reserved 1064960K
  class space    used 1940K, capacity 2115K, committed 2176K, reserved 1048576K
}
Event: 1.840 GC heap before
{Heap before GC invocations=3 (full 0):
 garbage-first heap   total 126976K, used 27931K [0x0000000084e00000, 0x0000000100000000)
  region size 1024K, 22 young (22528K), 2 survivors (2048K)
 Metaspace       used 20540K, capacity 20975K, committed 21296K, reserved 1069056K
  class space    used 2404K, capacity 2570K, committed 2688K, reserved 1048576K
}
Event: 1.846 GC heap after
{Heap after GC invocations=4 (full 0):
 garbage-first heap   total 126976K, used 9269K [0x0000000084e00000, 0x0000000100000000)
  region size 1024K, 3 young (3072K), 3 survivors (3072K)
 Metaspace       used 20540K, capacity 20975K, committed 21296K, reserved 1069056K
  class space    used 2404K, capacity 2570K, committed 2688K, reserved 1048576K
}

Deoptimization events (10 events):
Event: 1.496 Thread 0x000001e0920d3800 Uncommon trap: reason=unstable_if action=reinterpret pc=0x000001e087b0991c method=java.util.concurrent.ConcurrentHashMap.get(Ljava/lang/Object;)Ljava/lang/Object; @ 76 c2
Event: 1.813 Thread 0x000001e0f11f7000 Uncommon trap: reason=unstable_if action=reinterpret pc=0x000001e087ad2124 method=java.lang.String.equals(Ljava/lang/Object;)Z @ 27 c2
Event: 1.976 Thread 0x000001e0f11f7000 Uncommon trap: reason=unstable_if action=reinterpret pc=0x000001e087adf054 method=java.util.zip.ZipFile$Source.getEntryPos([BZ)I @ 157 c2
Event: 2.026 Thread 0x000001e0f11f7000 Uncommon trap: reason=unstable_if action=reinterpret pc=0x000001e087b4a624 method=java.lang.StringUTF16.compress([CII)[B @ 13 c2
Event: 2.040 Thread 0x000001e0f11f7000 Uncommon trap: reason=unstable_if action=reinterpret pc=0x000001e087ae99c8 method=java.lang.StringUTF16.compress([CI[BII)I @ 20 c2
Event: 2.067 Thread 0x000001e0f11f7000 Uncommon trap: reason=unstable_if action=reinterpret pc=0x000001e087b7bc68 method=java.util.concurrent.ConcurrentHashMap.putVal(Ljava/lang/Object;Ljava/lang/Object;Z)Ljava/lang/Object; @ 231 c2
Event: 2.091 Thread 0x000001e0920d3800 Uncommon trap: reason=unstable_if action=reinterpret pc=0x000001e087b1f52c method=jdk.internal.org.objectweb.asm.Type.getArgumentsAndReturnSizes(Ljava/lang/String;)I @ 47 c2
Event: 2.091 Thread 0x000001e0920d3800 Uncommon trap: reason=unstable_if action=reinterpret pc=0x000001e087b5e6dc method=jdk.internal.org.objectweb.asm.Frame.push(Ljdk/internal/org/objectweb/asm/ClassWriter;Ljava/lang/String;)V @ 18 c2
Event: 2.120 Thread 0x000001e0920d3800 Uncommon trap: reason=unstable_if action=reinterpret pc=0x000001e087b2da3c method=java.nio.Buffer.position(I)Ljava/nio/Buffer; @ 45 c2
Event: 2.139 Thread 0x000001e0f11f7000 Uncommon trap: reason=unstable_if action=reinterpret pc=0x000001e087b235cc method=java.util.concurrent.ConcurrentHashMap.addCount(JI)V @ 34 c2

Classes redefined (0 events):
No events

Internal exceptions (10 events):
Event: 1.946 Thread 0x000001e0f11f7000 Exception <a 'java/lang/ClassNotFoundException'{0x000000008c461ee0}: org/springframework/context/ResourceLoaderAwareCustomizer> (0x000000008c461ee0) thrown at [t:/workspace/open/src/hotspot/share/classfile/systemDictionary.cpp, line 233]
Event: 1.947 Thread 0x000001e0f11f7000 Exception <a 'java/lang/ClassNotFoundException'{0x000000008c46d4d8}: org/springframework/beans/factory/BeanClassLoaderAwareCustomizer> (0x000000008c46d4d8) thrown at [t:/workspace/open/src/hotspot/share/classfile/systemDictionary.cpp, line 233]
Event: 1.947 Thread 0x000001e0f11f7000 Exception <a 'java/lang/ClassNotFoundException'{0x000000008c478098}: org/springframework/context/EnvironmentAwareCustomizer> (0x000000008c478098) thrown at [t:/workspace/open/src/hotspot/share/classfile/systemDictionary.cpp, line 233]
Event: 2.091 Thread 0x000001e0920d3800 Exception <a 'java/lang/NoSuchMethodError'{0x000000008bb56190}: java.lang.invoke.DirectMethodHandle$Holder.invokeSpecial(Ljava/lang/Object;Ljava/lang/Object;)J> (0x000000008bb56190) thrown at [t:/workspace/open/src/hotspot/share/interpreter/linkResolver.c
Event: 2.093 Thread 0x000001e0920d3800 Exception <a 'java/lang/NoSuchMethodError'{0x000000008bbe0ed0}: java.lang.invoke.DirectMethodHandle$Holder.invokeStatic(Ljava/lang/Object;Ljava/lang/Object;)J> (0x000000008bbe0ed0) thrown at [t:/workspace/open/src/hotspot/share/interpreter/linkResolver.cp
Event: 2.093 Thread 0x000001e0920d3800 Exception <a 'java/lang/NoSuchMethodError'{0x000000008bbe3d50}: java.lang.invoke.DirectMethodHandle$Holder.invokeStaticInit(Ljava/lang/Object;Ljava/lang/Object;)J> (0x000000008bbe3d50) thrown at [t:/workspace/open/src/hotspot/share/interpreter/linkResolve
Event: 2.096 Thread 0x000001e0920d3800 Exception <a 'java/lang/NoSuchMethodError'{0x000000008bbf0650}: java.lang.invoke.DirectMethodHandle$Holder.invokeInterface(Ljava/lang/Object;Ljava/lang/Object;)J> (0x000000008bbf0650) thrown at [t:/workspace/open/src/hotspot/share/interpreter/linkResolver
Event: 2.096 Thread 0x000001e0920d3800 Exception <a 'java/lang/IncompatibleClassChangeError'{0x000000008bbf35b8}: Found class java.lang.Object, but interface was expected> (0x000000008bbf35b8) thrown at [t:/workspace/open/src/hotspot/share/interpreter/linkResolver.cpp, line 807]
Event: 2.322 Thread 0x000001e0f11f7000 Exception <a 'java/lang/NoSuchMethodError'{0x000000008ae46f70}: java.lang.invoke.DirectMethodHandle$Holder.invokeStatic(Ljava/lang/Object;Ljava/lang/Object;Ljava/lang/Object;Ljava/lang/Object;)I> (0x000000008ae46f70) thrown at [t:/workspace/open/src/hotsp
Event: 2.325 Thread 0x000001e0f11f7000 Exception <a 'java/lang/NoSuchMethodError'{0x000000008ae68bd8}: java.lang.invoke.DirectMethodHandle$Holder.invokeStatic(Ljava/lang/Object;Ljava/lang/Object;Ljava/lang/Object;Ljava/lang/Object;Ljava/lang/Object;)V> (0x000000008ae68bd8) thrown at [t:/worksp

Events (10 events):
Event: 2.390 loading class org/springframework/boot/autoconfigure/condition/OnWebApplicationCondition
Event: 2.390 loading class org/springframework/boot/autoconfigure/condition/OnWebApplicationCondition done
Event: 2.393 loading class org/springframework/boot/autoconfigure/condition/ConditionalOnMissingClass
Event: 2.393 loading class org/springframework/boot/autoconfigure/condition/ConditionalOnMissingClass done
Event: 2.394 loading class org/springframework/boot/autoconfigure/condition/OnWebApplicationCondition$1
Event: 2.394 loading class org/springframework/boot/autoconfigure/condition/OnWebApplicationCondition$1 done
Event: 2.395 loading class org/springframework/boot/web/reactive/context/ConfigurableReactiveWebEnvironment
Event: 2.395 loading class org/springframework/boot/web/reactive/context/ConfigurableReactiveWebEnvironment done
Event: 2.395 loading class org/springframework/boot/web/reactive/context/ReactiveWebApplicationContext
Event: 2.395 loading class org/springframework/boot/web/reactive/context/ReactiveWebApplicationContext done


Dynamic libraries:
0x00007ff749340000 - 0x00007ff74937e000 	D:\Program Files\JAVA1\bin\javaw.exe
0x00007fff42d10000 - 0x00007fff42ef0000 	C:\windows\SYSTEM32\ntdll.dll
0x00007fff40350000 - 0x00007fff403fe000 	C:\windows\System32\KERNEL32.DLL
0x00007fff3f4d0000 - 0x00007fff3f736000 	C:\windows\System32\KERNELBASE.dll
0x00007fff42770000 - 0x00007fff42811000 	C:\windows\System32\ADVAPI32.dll
0x00007fff41aa0000 - 0x00007fff41b3d000 	C:\windows\System32\msvcrt.dll
0x00007fff426e0000 - 0x00007fff4273b000 	C:\windows\System32\sechost.dll
0x00007fff42040000 - 0x00007fff4215f000 	C:\windows\System32\RPCRT4.dll
0x00007fff41c40000 - 0x00007fff41dcf000 	C:\windows\System32\USER32.dll
0x00007fff40060000 - 0x00007fff40080000 	C:\windows\System32\win32u.dll
0x00007fff42740000 - 0x00007fff42768000 	C:\windows\System32\GDI32.dll
0x00007fff3f110000 - 0x00007fff3f2a3000 	C:\windows\System32\gdi32full.dll
0x00007fff3f330000 - 0x00007fff3f3cb000 	C:\windows\System32\msvcp_win.dll
0x00007fff400e0000 - 0x00007fff401d4000 	C:\windows\System32\ucrtbase.dll
0x00007fff2f920000 - 0x00007fff2f92a000 	C:\windows\SYSTEM32\VERSION.dll
0x00007fff2ecc0000 - 0x00007fff2ef29000 	C:\windows\WinSxS\amd64_microsoft.windows.common-controls_6595b64144ccf1df_6.0.16299.1087_none_0f9074b65a6589b7\COMCTL32.dll
0x00007fff421c0000 - 0x00007fff424c6000 	C:\windows\System32\combase.dll
0x00007fff3f2b0000 - 0x00007fff3f322000 	C:\windows\System32\bcryptPrimitives.dll
0x00007fff42cb0000 - 0x00007fff42cdd000 	C:\windows\System32\IMM32.DLL
0x00007fff39710000 - 0x00007fff397ff000 	D:\Program Files\JAVA1\bin\msvcr120.dll
0x00007fff31b90000 - 0x00007fff31c36000 	D:\Program Files\JAVA1\bin\msvcp120.dll
0x000000006c870000 - 0x000000006d2e0000 	D:\Program Files\JAVA1\bin\server\jvm.dll
0x00007fff424d0000 - 0x00007fff424d8000 	C:\windows\System32\PSAPI.DLL
0x00007fff3b0b0000 - 0x00007fff3b0d3000 	C:\windows\SYSTEM32\WINMM.dll
0x00007fff2ffa0000 - 0x00007fff2ffa9000 	C:\windows\SYSTEM32\WSOCK32.dll
0x00007fff41dd0000 - 0x00007fff41e3c000 	C:\windows\System32\WS2_32.dll
0x00007fff3b050000 - 0x00007fff3b07a000 	C:\windows\SYSTEM32\WINMMBASE.dll
0x00007fff3f480000 - 0x00007fff3f4ca000 	C:\windows\System32\cfgmgr32.dll
0x00007fff3b660000 - 0x00007fff3b66f000 	D:\Program Files\JAVA1\bin\verify.dll
0x00007fff2ffe0000 - 0x00007fff301a8000 	C:\windows\SYSTEM32\DBGHELP.DLL
0x00007fff2ffb0000 - 0x00007fff2ffd9000 	C:\windows\SYSTEM32\dbgcore.DLL
0x00007fff396e0000 - 0x00007fff39707000 	D:\Program Files\JAVA1\bin\java.dll
0x00007fff396c0000 - 0x00007fff396d6000 	D:\Program Files\JAVA1\bin\zip.dll
0x00007fff3b610000 - 0x00007fff3b61a000 	D:\Program Files\JAVA1\bin\jimage.dll
0x00007fff40510000 - 0x00007fff41948000 	C:\windows\System32\SHELL32.dll
0x00007fff425b0000 - 0x00007fff42656000 	C:\windows\System32\shcore.dll
0x00007fff3f740000 - 0x00007fff3fe87000 	C:\windows\System32\windows.storage.dll
0x00007fff41e40000 - 0x00007fff41e91000 	C:\windows\System32\shlwapi.dll
0x00007fff3f080000 - 0x00007fff3f091000 	C:\windows\System32\kernel.appcore.dll
0x00007fff3f0c0000 - 0x00007fff3f10c000 	C:\windows\System32\powrprof.dll
0x00007fff3f060000 - 0x00007fff3f07b000 	C:\windows\System32\profapi.dll
0x00007fff396a0000 - 0x00007fff396ba000 	D:\Program Files\JAVA1\bin\net.dll
0x00007fff34d80000 - 0x00007fff34e5e000 	C:\windows\SYSTEM32\WINHTTP.dll
0x00007fff3e8a0000 - 0x00007fff3e906000 	C:\windows\system32\mswsock.dll
0x00007fff395f0000 - 0x00007fff39601000 	D:\Program Files\JAVA1\bin\nio.dll
0x00007fff3a660000 - 0x00007fff3a669000 	D:\Program Files\JAVA1\bin\management.dll
0x00007fff39dc0000 - 0x00007fff39dca000 	D:\Program Files\JAVA1\bin\management_ext.dll
0x00007fff2fa40000 - 0x00007fff2fa56000 	C:\windows\system32\napinsp.dll
0x00007fff2fa20000 - 0x00007fff2fa3a000 	C:\windows\system32\pnrpnsp.dll
0x00007fff3b5b0000 - 0x00007fff3b5c8000 	C:\windows\system32\NLAapi.dll
0x00007fff3e670000 - 0x00007fff3e726000 	C:\windows\SYSTEM32\DNSAPI.dll
0x00007fff42ca0000 - 0x00007fff42ca8000 	C:\windows\System32\NSI.dll
0x00007fff3e630000 - 0x00007fff3e669000 	C:\windows\SYSTEM32\IPHLPAPI.DLL
0x00007fff2f9d0000 - 0x00007fff2f9de000 	C:\windows\System32\winrnr.dll
0x00007fff393d0000 - 0x00007fff393e5000 	C:\windows\System32\wshbth.dll
0x00007fff33ed0000 - 0x00007fff33eda000 	C:\Windows\System32\rasadhlp.dll
0x00007fff344d0000 - 0x00007fff34540000 	C:\windows\System32\fwpuclnt.dll
0x00007fff3eb70000 - 0x00007fff3eb95000 	C:\windows\SYSTEM32\bcrypt.dll

dbghelp: loaded successfully - version: 4.0.5 - missing functions: none
symbol engine: initialized successfully - sym options: 0x614 - pdb path: .;D:\Program Files\JAVA1\bin;C:\windows\SYSTEM32;C:\windows\WinSxS\amd64_microsoft.windows.common-controls_6595b64144ccf1df_6.0.16299.1087_none_0f9074b65a6589b7;D:\Program Files\JAVA1\bin\server

VM Arguments:
jvm_args: -Dfile.encoding=UTF-8 
java_command: com.java.App
java_class_path (initial): C:\Users\Administrator\git\yaojiusong111\spring-boot-mybatis\target\classes;D:\Apache\maven-repository\org\springframework\boot\spring-boot-starter-web\2.0.5.RELEASE\spring-boot-starter-web-2.0.5.RELEASE.jar;D:\Apache\maven-repository\org\springframework\boot\spring-boot-starter\2.0.5.RELEASE\spring-boot-starter-2.0.5.RELEASE.jar;D:\Apache\maven-repository\org\springframework\boot\spring-boot\2.0.5.RELEASE\spring-boot-2.0.5.RELEASE.jar;D:\Apache\maven-repository\org\springframework\boot\spring-boot-autoconfigure\2.0.5.RELEASE\spring-boot-autoconfigure-2.0.5.RELEASE.jar;D:\Apache\maven-repository\org\springframework\boot\spring-boot-starter-logging\2.0.5.RELEASE\spring-boot-starter-logging-2.0.5.RELEASE.jar;D:\Apache\maven-repository\ch\qos\logback\logback-classic\1.2.3\logback-classic-1.2.3.jar;D:\Apache\maven-repository\ch\qos\logback\logback-core\1.2.3\logback-core-1.2.3.jar;D:\Apache\maven-repository\org\apache\logging\log4j\log4j-to-slf4j\2.10.0\log4j-to-slf4j-2.10.0.jar;D:\Apache\maven-repository\org\apache\logging\log4j\log4j-api\2.10.0\log4j-api-2.10.0.jar;D:\Apache\maven-repository\org\slf4j\jul-to-slf4j\1.7.25\jul-to-slf4j-1.7.25.jar;D:\Apache\maven-repository\javax\annotation\javax.annotation-api\1.3.2\javax.annotation-api-1.3.2.jar;D:\Apache\maven-repository\org\yaml\snakeyaml\1.19\snakeyaml-1.19.jar;D:\Apache\maven-repository\org\springframework\boot\spring-boot-starter-json\2.0.5.RELEASE\spring-boot-starter-json-2.0.5.RELEASE.jar;D:\Apache\maven-repository\com\fasterxml\jackson\core\jackson-databind\2.9.6\jackson-databind-2.9.6.jar;D:\Apache\maven-repository\com\fasterxml\jackson\core\jackson-annotations\2.9.0\jackson-annotations-2.9.0.jar;D:\Apache\maven-repository\com\fasterxml\jackson\core\jackson-core\2.9.6\jackson-core-2.9.6.jar;D:\Apache\maven-repository\com\fasterxml\jackson\datatype\jackson-datatype-jdk8\2.9.6\jackson-datatype-jdk8-2.9.6.jar;D:\Apache\maven-repository\com\fasterxml\jackson\datatype\jackson-datatype-j
Launcher Type: SUN_STANDARD

Logging:
Log output configuration:
#0: stdout all=warning uptime,level,tags
#1: stderr all=off uptime,level,tags

Environment Variables:
JAVA_HOME=C:\Program Files\Java\jdk1.8.0_191
PATH=D:/jdk1.8/bin/server;D:/jdk1.8/bin;D:/jdk1.8/lib/amd64;D:\app\Administrator\product\11.2.0\dbhome_1\bin;C:\windows\system32;C:\windows;C:\windows\system32\wbem;D:\Apache\apache-maven-3.6.1\bin\;E:\Git\bin;C:\Users\Administrator\AppData\Local\Microsoft\WindowsApps;"C:\Program Files\Java\jdk1.8.0_191\bin;C:\Program Files\Java\jdk1.8.0_191\jre\bin;";;D:\eclipse-jee-photon-R-win32-x86_64\eclipse;
USERNAME=Administrator
OS=Windows_NT
PROCESSOR_IDENTIFIER=Intel64 Family 6 Model 61 Stepping 4, GenuineIntel



---------------  S Y S T E M  ---------------

OS: Windows 10 , 64 bit Build 16299 (10.0.16299.1087)

CPU:total 4 (initial active 4) (2 cores per cpu, 2 threads per core) family 6 model 61 stepping 4, cmov, cx8, fxsr, mmx, sse, sse2, sse3, ssse3, sse4.1, sse4.2, popcnt, avx, avx2, aes, clmul, erms, rtm, 3dnowpref, lzcnt, ht, tsc, tscinvbit, bmi1, bmi2, adx, fma

Memory: 4k page, physical 8061168k(1978236k free), swap 8061168k(7152k free)

vm_info: Java HotSpot(TM) 64-Bit Server VM (10.0.1+10) for windows-amd64 JRE (10.0.1+10), built on Mar 27 2018 02:27:48 by "mach5one" with MS VC++ 12.0 (VS2013)

END.
