#
# There is insufficient memory for the Java Runtime Environment to continue.
# Native memory allocation (mmap) failed to map 130023424 bytes for Failed to commit area from 0x0000000084e00000 to 0x000000008ca00000 of length 130023424.
# Possible reasons:
#   The system is out of physical RAM or swap space
#   The process is running with CompressedOops enabled, and the Java Heap may be blocking the growth of the native heap
# Possible solutions:
#   Reduce memory load on the system
#   Increase physical memory or swap space
#   Check if swap backing store is full
#   Decrease Java heap size (-Xmx/-Xms)
#   Decrease number of Java threads
#   Decrease Java thread stack sizes (-Xss)
#   Set larger code cache with -XX:ReservedCodeCacheSize=
# This output file may be truncated or incomplete.
#
#  Out of Memory Error (t:/workspace/open/src/hotspot/os/windows/os_windows.cpp:3221), pid=208, tid=15248
#
# JRE version:  (10.0.1+10) (build )
# Java VM: Java HotSpot(TM) 64-Bit Server VM (10.0.1+10, mixed mode, aot, tiered, compressed oops, g1 gc, windows-amd64)
# No core dump will be written. Minidumps are not enabled by default on client versions of Windows
#

---------------  S U M M A R Y ------------

Command Line: -Dfile.encoding=UTF-8 com.java.App

Host: Intel(R) Core(TM) i7-5600U CPU @ 2.60GHz, 4 cores, 7G,  Windows 10 , 64 bit Build 16299 (10.0.16299.1087)
Time: Tue May 21 16:23:49 2019 ?D1¨²¡À¨º¡Á?¨º¡À?? elapsed time: 0 seconds (0d 0h 0m 0s)

---------------  T H R E A D  ---------------

Current thread (0x000001ce53a88000):  JavaThread "Unknown thread" [_thread_in_vm, id=15248, stack(0x0000006a30b00000,0x0000006a30c00000)]

Stack: [0x0000006a30b00000,0x0000006a30c00000]
Native frames: (J=compiled Java code, j=interpreted, Vv=VM code, C=native code)
V  [jvm.dll+0x5a0369]
V  [jvm.dll+0x6bcf81]
V  [jvm.dll+0x6be176]
V  [jvm.dll+0x6be803]
V  [jvm.dll+0x234998]
V  [jvm.dll+0x59dc74]
V  [jvm.dll+0x592ab5]
V  [jvm.dll+0x2f625b]
V  [jvm.dll+0x2f61c5]
V  [jvm.dll+0x2f60a2]
V  [jvm.dll+0x2f8286]
V  [jvm.dll+0x3440d3]
V  [jvm.dll+0x3447e6]
V  [jvm.dll+0x3441d3]
V  [jvm.dll+0x2c43b8]
V  [jvm.dll+0x2c5501]
V  [jvm.dll+0x69d33b]
V  [jvm.dll+0x69eb5c]
V  [jvm.dll+0x351849]
V  [jvm.dll+0x6859c2]
V  [jvm.dll+0x3ba0a3]
V  [jvm.dll+0x3bc201]
C  [javaw.exe+0x3541]
C  [javaw.exe+0xe1cf]
C  [javaw.exe+0xe376]
C  [KERNEL32.DLL+0x137e4]
C  [ntdll.dll+0x6cb81]


---------------  P R O C E S S  ---------------

Threads class SMR info:
_java_thread_list=0x000001ce5162e070, length=0, elements={
}

Java Threads: ( => current thread )

Other Threads:
  0x000001ce53aa0000 GCTaskThread "GC Thread#0" [stack: 0x0000006a30c00000,0x0000006a30d00000] [id=5892]
  0x000001ce53aa4800 GCTaskThread "GC Thread#1" [stack: 0x0000006a30d00000,0x0000006a30e00000] [id=14632]
  0x000001ce53aa7000 GCTaskThread "GC Thread#2" [stack: 0x0000006a30e00000,0x0000006a30f00000] [id=9840]
  0x000001ce53aaa800 GCTaskThread "GC Thread#3" [stack: 0x0000006a30f00000,0x0000006a31000000] [id=9000]
  0x000001ce53b1b000 ConcurrentGCThread "G1 Main Marker" [stack: 0x0000006a31000000,0x0000006a31100000] [id=12664]
  0x000001ce53b20800 ConcurrentGCThread "G1 Conc#0" [stack: 0x0000006a31100000,0x0000006a31200000] [id=10976]

[error occurred during error reporting (printing all threads), id 0xe0000002]

VM state:not at safepoint (not fully initialized)

VM Mutex/Monitor currently owned by a thread:  ([mutex/lock_event])
[0x000001ce53a865a0] Heap_lock - owner thread: 0x000001ce53a88000

Heap address: 0x0000000084e00000, size: 1970 MB, Compressed Oops mode: Non-zero based: 0x0000000084e00000
Narrow klass base: 0x0000000000000000, Narrow klass shift: 0

GC Heap History (0 events):
No events

Deoptimization events (0 events):
No events

Classes redefined (0 events):
No events

Internal exceptions (0 events):
No events

Events (0 events):
No events


Dynamic libraries:
0x00007ff71d640000 - 0x00007ff71d67e000 	D:\Program Files\JAVA1\bin\javaw.exe
0x00007ffb222e0000 - 0x00007ffb224c0000 	C:\windows\SYSTEM32\ntdll.dll
0x00007ffb21a80000 - 0x00007ffb21b2e000 	C:\windows\System32\KERNEL32.DLL
0x00007ffb1ea20000 - 0x00007ffb1ec86000 	C:\windows\System32\KERNELBASE.dll
0x00007ffb21cd0000 - 0x00007ffb21d71000 	C:\windows\System32\ADVAPI32.dll
0x00007ffb1f7b0000 - 0x00007ffb1f84d000 	C:\windows\System32\msvcrt.dll
0x00007ffb216a0000 - 0x00007ffb216fb000 	C:\windows\System32\sechost.dll
0x00007ffb1f950000 - 0x00007ffb1fa6f000 	C:\windows\System32\RPCRT4.dll
0x00007ffb21b30000 - 0x00007ffb21cbf000 	C:\windows\System32\USER32.dll
0x00007ffb1e6e0000 - 0x00007ffb1e700000 	C:\windows\System32\win32u.dll
0x00007ffb217b0000 - 0x00007ffb217d8000 	C:\windows\System32\GDI32.dll
0x00007ffb1e880000 - 0x00007ffb1ea13000 	C:\windows\System32\gdi32full.dll
0x00007ffb1f710000 - 0x00007ffb1f7ab000 	C:\windows\System32\msvcp_win.dll
0x00007ffb1e700000 - 0x00007ffb1e7f4000 	C:\windows\System32\ucrtbase.dll
0x00007ffb10c20000 - 0x00007ffb10e89000 	C:\windows\WinSxS\amd64_microsoft.windows.common-controls_6595b64144ccf1df_6.0.16299.1087_none_0f9074b65a6589b7\COMCTL32.dll
0x00007ffb21d80000 - 0x00007ffb22086000 	C:\windows\System32\combase.dll
0x00007ffb10ea0000 - 0x00007ffb10eaa000 	C:\windows\SYSTEM32\VERSION.dll
0x00007ffb1e800000 - 0x00007ffb1e872000 	C:\windows\System32\bcryptPrimitives.dll
0x00007ffb217e0000 - 0x00007ffb2180d000 	C:\windows\System32\IMM32.DLL
0x00007ffafee10000 - 0x00007ffafeeff000 	D:\Program Files\JAVA1\bin\msvcr120.dll
0x00007ffafbeb0000 - 0x00007ffafbf56000 	D:\Program Files\JAVA1\bin\msvcp120.dll
0x00000000610a0000 - 0x0000000061b10000 	D:\Program Files\JAVA1\bin\server\jvm.dll
0x00007ffb1f850000 - 0x00007ffb1f858000 	C:\windows\System32\PSAPI.DLL
0x00007ffb1a250000 - 0x00007ffb1a273000 	C:\windows\SYSTEM32\WINMM.dll
0x00007ffb09a10000 - 0x00007ffb09a19000 	C:\windows\SYSTEM32\WSOCK32.dll
0x00007ffb21810000 - 0x00007ffb2187c000 	C:\windows\System32\WS2_32.dll
0x00007ffb1a1f0000 - 0x00007ffb1a21a000 	C:\windows\SYSTEM32\WINMMBASE.dll
0x00007ffb1f6c0000 - 0x00007ffb1f70a000 	C:\windows\System32\cfgmgr32.dll
0x00007ffb19180000 - 0x00007ffb1918f000 	D:\Program Files\JAVA1\bin\verify.dll
0x00007ffb08d70000 - 0x00007ffb08f38000 	C:\windows\SYSTEM32\DBGHELP.DLL
0x00007ffb194e0000 - 0x00007ffb19509000 	C:\windows\SYSTEM32\dbgcore.DLL
0x00007ffb0cab0000 - 0x00007ffb0cad7000 	D:\Program Files\JAVA1\bin\java.dll
0x00007ffb12cb0000 - 0x00007ffb12cc6000 	D:\Program Files\JAVA1\bin\zip.dll
0x00007ffb19170000 - 0x00007ffb1917a000 	D:\Program Files\JAVA1\bin\jimage.dll

dbghelp: loaded successfully - version: 4.0.5 - missing functions: none
symbol engine: initialized successfully - sym options: 0x614 - pdb path: .;D:\Program Files\JAVA1\bin;C:\windows\SYSTEM32;C:\windows\WinSxS\amd64_microsoft.windows.common-controls_6595b64144ccf1df_6.0.16299.1087_none_0f9074b65a6589b7;D:\Program Files\JAVA1\bin\server

VM Arguments:
jvm_args: -Dfile.encoding=UTF-8 
java_command: com.java.App
java_class_path (initial): C:\Users\Administrator\git\yaojiusong03\spring-boot-mybatis\target\classes;D:\Apache\maven-repository\org\springframework\boot\spring-boot-starter-web\2.0.5.RELEASE\spring-boot-starter-web-2.0.5.RELEASE.jar;D:\Apache\maven-repository\org\springframework\boot\spring-boot-starter\2.0.5.RELEASE\spring-boot-starter-2.0.5.RELEASE.jar;D:\Apache\maven-repository\org\springframework\boot\spring-boot\2.0.5.RELEASE\spring-boot-2.0.5.RELEASE.jar;D:\Apache\maven-repository\org\springframework\boot\spring-boot-autoconfigure\2.0.5.RELEASE\spring-boot-autoconfigure-2.0.5.RELEASE.jar;D:\Apache\maven-repository\org\springframework\boot\spring-boot-starter-logging\2.0.5.RELEASE\spring-boot-starter-logging-2.0.5.RELEASE.jar;D:\Apache\maven-repository\ch\qos\logback\logback-classic\1.2.3\logback-classic-1.2.3.jar;D:\Apache\maven-repository\ch\qos\logback\logback-core\1.2.3\logback-core-1.2.3.jar;D:\Apache\maven-repository\org\apache\logging\log4j\log4j-to-slf4j\2.10.0\log4j-to-slf4j-2.10.0.jar;D:\Apache\maven-repository\org\apache\logging\log4j\log4j-api\2.10.0\log4j-api-2.10.0.jar;D:\Apache\maven-repository\org\slf4j\jul-to-slf4j\1.7.25\jul-to-slf4j-1.7.25.jar;D:\Apache\maven-repository\javax\annotation\javax.annotation-api\1.3.2\javax.annotation-api-1.3.2.jar;D:\Apache\maven-repository\org\yaml\snakeyaml\1.19\snakeyaml-1.19.jar;D:\Apache\maven-repository\org\springframework\boot\spring-boot-starter-json\2.0.5.RELEASE\spring-boot-starter-json-2.0.5.RELEASE.jar;D:\Apache\maven-repository\com\fasterxml\jackson\core\jackson-databind\2.9.6\jackson-databind-2.9.6.jar;D:\Apache\maven-repository\com\fasterxml\jackson\core\jackson-annotations\2.9.0\jackson-annotations-2.9.0.jar;D:\Apache\maven-repository\com\fasterxml\jackson\core\jackson-core\2.9.6\jackson-core-2.9.6.jar;D:\Apache\maven-repository\com\fasterxml\jackson\datatype\jackson-datatype-jdk8\2.9.6\jackson-datatype-jdk8-2.9.6.jar;D:\Apache\maven-repository\com\fasterxml\jackson\datatype\jackson-datatype-js
Launcher Type: SUN_STANDARD

Logging:
Log output configuration:
#0: stdout all=warning uptime,level,tags
#1: stderr all=off uptime,level,tags

Environment Variables:
JAVA_HOME=C:\Program Files\Java\jdk1.8.0_191
PATH=D:/jdk1.8/bin/server;D:/jdk1.8/bin;D:/jdk1.8/lib/amd64;D:\app\Administrator\product\11.2.0\dbhome_1\bin;C:\windows\system32;C:\windows;C:\windows\system32\wbem;D:\Apache\apache-maven-3.6.1\bin\;E:\Git\bin;C:\Users\Administrator\AppData\Local\Microsoft\WindowsApps;"C:\Program Files\Java\jdk1.8.0_191\bin;C:\Program Files\Java\jdk1.8.0_191\jre\bin;";D:\eclipse-jee-photon-R-win32-x86_64\eclipse;
USERNAME=Administrator
OS=Windows_NT
PROCESSOR_IDENTIFIER=Intel64 Family 6 Model 61 Stepping 4, GenuineIntel



---------------  S Y S T E M  ---------------

OS: Windows 10 , 64 bit Build 16299 (10.0.16299.1087)

CPU:total 4 (initial active 4) (2 cores per cpu, 2 threads per core) family 6 model 61 stepping 4, cmov, cx8, fxsr, mmx, sse, sse2, sse3, ssse3, sse4.1, sse4.2, popcnt, avx, avx2, aes, clmul, erms, rtm, 3dnowpref, lzcnt, ht, tsc, tscinvbit, bmi1, bmi2, adx, fma

Memory: 4k page, physical 8061168k(1469532k free), swap 8061168k(13096k free)

vm_info: Java HotSpot(TM) 64-Bit Server VM (10.0.1+10) for windows-amd64 JRE (10.0.1+10), built on Mar 27 2018 02:27:48 by "mach5one" with MS VC++ 12.0 (VS2013)

END.
